#
# There is insufficient memory for the Java Runtime Environment to continue.
# Native memory allocation (mmap) failed to map 184549376 bytes for Failed to commit area from 0x000000008ee00000 to 0x0000000099e00000 of length 184549376.
# Possible reasons:
#   The system is out of physical RAM or swap space
#   The process is running with CompressedOops enabled, and the Java Heap may be blocking the growth of the native heap
# Possible solutions:
#   Reduce memory load on the system
#   Increase physical memory or swap space
#   Check if swap backing store is full
#   Decrease Java heap size (-Xmx/-Xms)
#   Decrease number of Java threads
#   Decrease Java thread stack sizes (-Xss)
#   Set larger code cache with -XX:ReservedCodeCacheSize=
#   JVM is running with Unscaled Compressed Oops mode in which the Java heap is
#     placed in the first 4GB address space. The Java Heap base address is the
#     maximum limit for the native heap growth. Please use -XX:HeapBaseMinAddress
#     to set the Java Heap base and to place the Java Heap above 4GB virtual address.
# This output file may be truncated or incomplete.
#
#  Out of Memory Error (./src/hotspot/os/windows/os_windows.cpp:3386), pid=23600, tid=19628
#
# JRE version: OpenJDK Runtime Environment Microsoft-40648 (11.0.16.1+1) (build 11.0.16.1+1-LTS)
# Java VM: OpenJDK 64-Bit Server VM Microsoft-40648 (11.0.16.1+1-LTS, mixed mode, tiered, compressed oops, g1 gc, windows-amd64)
# No core dump will be written. Minidumps are not enabled by default on client versions of Windows
#

---------------  S U M M A R Y ------------

Command Line: -Dapplication.home=C:\Program Files\Microsoft\jdk-11.0.16.101-hotspot --add-modules=ALL-DEFAULT -Xms8m -Dfile.encoding=UTF8 -Djdk.module.main=jdk.compiler jdk.compiler/com.sun.tools.javac.Main @C:\Users\activ\AppData\Local\Temp\tmp3814.tmp -target 1.8 -source 1.8

Host: 11th Gen Intel(R) Core(TM) i5-1155G7 @ 2.50GHz, 8 cores, 7G,  Windows 11 , 64 bit Build 22621 (10.0.22621.1344)
Time: Wed Apr 12 20:10:27 2023 Paris, Madrid (heure duild 22621 (10.0.22621.1344) elapsed time: 6.910217 seconds (0d 0h 0m 6s)

---------------  T H R E A D  ---------------

Current thread (0x0000021c2abbd000):  VMThread "VM Thread" [stack: 0x0000002ff9c00000,0x0000002ff9d00000] [id=19628]

Stack: [0x0000002ff9c00000,0x0000002ff9d00000]
[error occurred during error reporting (printing stack bounds), id 0xc0000005, EXCEPTION_ACCESS_VIOLATION (0xc0000005) at pc=0x0000021c13ce12e7]

Native frames: (J=compiled Java code, j=interpreted, Vv=VM code, C=native code)
V  [jvm.dll+0x62652a]
V  [jvm.dll+0x7b3249]
V  [jvm.dll+0x7b4938]
V  [jvm.dll+0x7b4f75]
V  [jvm.dll+0x7b4f2b]
V  [jvm.dll+0x6258b7]
V  [jvm.dll+0x625fc8]
C  [ntdll.dll+0xa3cff]
C  [ntdll.dll+0x1e456]
C  [ntdll.dll+0xa2cee]
C  0x0000021c13ce12e7

VM_Operation (0x0000002ff96fbb90): G1CollectForAllocation, mode: safepoint, requested by thread 0x0000021c0b58a000


---------------  P R O C E S S  ---------------

Threads class SMR info:
_java_thread_list=0x0000021c2b344580, length=11, elements={
0x0000021c0b58a000, 0x0000021c2abe3000, 0x0000021c2abef000, 0x0000021c2ac55000,
0x0000021c2ac56800, 0x0000021c2ac57800, 0x0000021c2ac5a800, 0x0000021c2ac0c800,
0x0000021c2ac0d800, 0x0000021c2aef4000, 0x0000021c2b336800
}

Java Threads: ( => current thread )
  0x0000021c0b58a000 JavaThread "main" [_thread_blocked, id=29708, stack(0x0000002ff9600000,0x0000002ff9700000)]
  0x0000021c2abe3000 JavaThread "Reference Handler" daemon [_thread_blocked, id=26784, stack(0x0000002ff9d00000,0x0000002ff9e00000)]
  0x0000021c2abef000 JavaThread "Finalizer" daemon [_thread_blocked, id=12972, stack(0x0000002ff9e00000,0x0000002ff9f00000)]
  0x0000021c2ac55000 JavaThread "Signal Dispatcher" daemon [_thread_blocked, id=12024, stack(0x0000002ff9f00000,0x0000002ffa000000)]
  0x0000021c2ac56800 JavaThread "Attach Listener" daemon [_thread_blocked, id=29116, stack(0x0000002ffa000000,0x0000002ffa100000)]
  0x0000021c2ac57800 JavaThread "Service Thread" daemon [_thread_blocked, id=17116, stack(0x0000002ffa100000,0x0000002ffa200000)]
  0x0000021c2ac5a800 JavaThread "C2 CompilerThread0" daemon [_thread_in_native, id=27196, stack(0x0000002ffa200000,0x0000002ffa300000)]
  0x0000021c2ac0c800 JavaThread "C1 CompilerThread0" daemon [_thread_blocked, id=5336, stack(0x0000002ffa300000,0x0000002ffa400000)]
  0x0000021c2ac0d800 JavaThread "Sweeper thread" daemon [_thread_blocked, id=11296, stack(0x0000002ffa400000,0x0000002ffa500000)]
  0x0000021c2aef4000 JavaThread "Common-Cleaner" daemon [_thread_blocked, id=12484, stack(0x0000002ffa500000,0x0000002ffa600000)]
  0x0000021c2b336800 JavaThread "C2 CompilerThread1" daemon [_thread_blocked, id=29020, stack(0x0000002ffa800000,0x0000002ffa900000)]

Other Threads:
=>0x0000021c2abbd000 VMThread "VM Thread" [stack: 0x0000002ff9c00000,0x0000002ff9d00000] [id=19628]
  0x0000021c2aff5000 WatcherThread [stack: 0x0000002ffa600000,0x0000002ffa700000] [id=26720]
  0x0000021c0b5a3800 GCTaskThread "GC Thread#0" [stack: 0x0000002ff9700000,0x0000002ff9800000] [id=15172]
  0x0000021c2b07d000 GCTaskThread "GC Thread#1" [stack: 0x0000002ffa700000,0x0000002ffa800000] [id=15396]
  0x0000021c2db5d000 GCTaskThread "GC Thread#2" [stack: 0x0000002ffac00000,0x0000002ffad00000] [id=23640]
  0x0000021c2e45a000 GCTaskThread "GC Thread#3" [stack: 0x0000002ffad00000,0x0000002ffae00000] [id=31732]
  0x0000021c0b5d3800 ConcurrentGCThread "G1 Main Marker" [stack: 0x0000002ff9800000,0x0000002ff9900000] [id=28872]
  0x0000021c0b5d6800 ConcurrentGCThread "G1 Conc#0" [stack: 0x0000002ff9900000,0x0000002ff9a00000] [id=19956]
  0x0000021c2b717000 ConcurrentGCThread "G1 Conc#1" [stack: 0x0000002ffa900000,0x0000002ffaa00000] [id=23708]
  0x0000021c0b604000 ConcurrentGCThread "G1 Refine#0" [stack: 0x0000002ff9a00000,0x0000002ff9b00000] [id=12740]
  0x0000021c2c5c8000 ConcurrentGCThread "G1 Refine#1" [stack: 0x0000002ffaa00000,0x0000002ffab00000] [id=5284]
  0x0000021c2c5c8800 ConcurrentGCThread "G1 Refine#2" [stack: 0x0000002ffab00000,0x0000002ffac00000] [id=31616]
  0x0000021c2df2f000 ConcurrentGCThread "G1 Refine#3" [stack: 0x0000002ffae00000,0x0000002ffaf00000] [id=25788]
  0x0000021c2c07b800 ConcurrentGCThread "G1 Refine#4" [stack: 0x0000002ffaf00000,0x0000002ffb000000] [id=21372]
  0x0000021c2df72000 ConcurrentGCThread "G1 Refine#5" [stack: 0x0000002ffb000000,0x0000002ffb100000] [id=26668]
  0x0000021c0b607000 ConcurrentGCThread "G1 Young RemSet Sampling" [stack: 0x0000002ff9b00000,0x0000002ff9c00000] [id=22584]

Threads with active compile tasks:
C2 CompilerThread0     6936 4345       4       com.sun.tools.javac.code.Symbol$MethodSymbol::binaryImplementation (97 bytes)
C2 CompilerThread1     6936 4312       4       com.sun.tools.javac.code.Types$13::visitClassType (136 bytes)

VM state:at safepoint (normal execution)

VM Mutex/Monitor currently owned by a thread:  ([mutex/lock_event])
[0x0000021c0b587580] Threads_lock - owner thread: 0x0000021c2abbd000
[0x0000021c0b5860b0] Heap_lock - owner thread: 0x0000021c0b58a000

Heap address: 0x0000000083e00000, size: 1986 MB, Compressed Oops mode: 32-bit
Narrow klass base: 0x0000000000000000, Narrow klass shift: 3
Compressed class space size: 1073741824 Address: 0x0000000100000000

Heap:
 garbage-first heap   total 360448K, used 81483K [0x0000000083e00000, 0x0000000100000000)
  region size 1024K, 5 young (5120K), 5 survivors (5120K)
 Metaspace       used 18242K, capacity 18558K, committed 18688K, reserved 1067008K
  class space    used 1668K, capacity 1790K, committed 1792K, reserved 1048576K
Heap Regions: E=young(eden), S=young(survivor), O=old, HS=humongous(starts), HC=humongous(continues), CS=collection set, F=free, A=archive, TAMS=top-at-mark-start (previous, next)
|   0|0x0000000083e00000, 0x0000000083f00000, 0x0000000083f00000|100%| O|  |TAMS 0x0000000083f00000, 0x0000000083e00000| Untracked 
|   1|0x0000000083f00000, 0x0000000084000000, 0x0000000084000000|100%| O|  |TAMS 0x0000000084000000, 0x0000000083f00000| Untracked 
|   2|0x0000000084000000, 0x0000000084100000, 0x0000000084100000|100%| O|  |TAMS 0x0000000084100000, 0x0000000084000000| Untracked 
|   3|0x0000000084100000, 0x0000000084200000, 0x0000000084200000|100%| O|  |TAMS 0x0000000084200000, 0x0000000084100000| Untracked 
|   4|0x0000000084200000, 0x0000000084300000, 0x0000000084300000|100%| O|  |TAMS 0x0000000084300000, 0x0000000084200000| Untracked 
|   5|0x0000000084300000, 0x0000000084400000, 0x0000000084400000|100%| O|  |TAMS 0x0000000084400000, 0x0000000084300000| Untracked 
|   6|0x0000000084400000, 0x0000000084500000, 0x0000000084500000|100%| O|  |TAMS 0x0000000084500000, 0x0000000084400000| Untracked 
|   7|0x0000000084500000, 0x0000000084600000, 0x0000000084600000|100%|HS|  |TAMS 0x0000000084600000, 0x0000000084500000| Complete 
|   8|0x0000000084600000, 0x0000000084700000, 0x0000000084700000|100%|HC|  |TAMS 0x0000000084700000, 0x0000000084600000| Complete 
|   9|0x0000000084700000, 0x0000000084800000, 0x0000000084800000|100%|HC|  |TAMS 0x0000000084800000, 0x0000000084700000| Complete 
|  10|0x0000000084800000, 0x0000000084900000, 0x0000000084900000|100%| O|  |TAMS 0x0000000084900000, 0x0000000084800000| Untracked 
|  11|0x0000000084900000, 0x0000000084a00000, 0x0000000084a00000|100%| O|  |TAMS 0x0000000084a00000, 0x0000000084900000| Untracked 
|  12|0x0000000084a00000, 0x0000000084b00000, 0x0000000084b00000|100%| O|  |TAMS 0x0000000084b00000, 0x0000000084a00000| Untracked 
|  13|0x0000000084b00000, 0x0000000084c00000, 0x0000000084c00000|100%|HS|  |TAMS 0x0000000084c00000, 0x0000000084b00000| Complete 
|  14|0x0000000084c00000, 0x0000000084d00000, 0x0000000084d00000|100%| O|  |TAMS 0x0000000084c00000, 0x0000000084c00000| Untracked 
|  15|0x0000000084d00000, 0x0000000084e00000, 0x0000000084e00000|100%|HS|  |TAMS 0x0000000084e00000, 0x0000000084d00000| Complete 
|  16|0x0000000084e00000, 0x0000000084f00000, 0x0000000084f00000|100%|HC|  |TAMS 0x0000000084f00000, 0x0000000084e00000| Complete 
|  17|0x0000000084f00000, 0x0000000085000000, 0x0000000085000000|100%|HC|  |TAMS 0x0000000085000000, 0x0000000084f00000| Complete 
|  18|0x0000000085000000, 0x0000000085100000, 0x0000000085100000|100%|HC|  |TAMS 0x0000000085100000, 0x0000000085000000| Complete 
|  19|0x0000000085100000, 0x0000000085200000, 0x0000000085200000|100%|HC|  |TAMS 0x0000000085200000, 0x0000000085100000| Complete 
|  20|0x0000000085200000, 0x0000000085300000, 0x0000000085300000|100%| O|  |TAMS 0x0000000085300000, 0x0000000085200000| Untracked 
|  21|0x0000000085300000, 0x0000000085400000, 0x0000000085400000|100%| O|  |TAMS 0x0000000085400000, 0x0000000085300000| Untracked 
|  22|0x0000000085400000, 0x0000000085500000, 0x0000000085500000|100%|HS|  |TAMS 0x0000000085500000, 0x0000000085400000| Complete 
|  23|0x0000000085500000, 0x0000000085600000, 0x0000000085600000|100%| O|  |TAMS 0x0000000085600000, 0x0000000085500000| Untracked 
|  24|0x0000000085600000, 0x0000000085700000, 0x0000000085700000|100%| O|  |TAMS 0x0000000085700000, 0x0000000085600000| Untracked 
|  25|0x0000000085700000, 0x0000000085800000, 0x0000000085800000|100%| O|  |TAMS 0x0000000085800000, 0x0000000085700000| Untracked 
|  26|0x0000000085800000, 0x0000000085900000, 0x0000000085900000|100%|HS|  |TAMS 0x0000000085900000, 0x0000000085800000| Complete 
|  27|0x0000000085900000, 0x0000000085a00000, 0x0000000085a00000|100%|HC|  |TAMS 0x0000000085a00000, 0x0000000085900000| Complete 
|  28|0x0000000085a00000, 0x0000000085b00000, 0x0000000085b00000|100%| O|  |TAMS 0x0000000085b00000, 0x0000000085a00000| Untracked 
|  29|0x0000000085b00000, 0x0000000085c00000, 0x0000000085c00000|100%| O|  |TAMS 0x0000000085c00000, 0x0000000085b00000| Untracked 
|  30|0x0000000085c00000, 0x0000000085d00000, 0x0000000085d00000|100%| O|  |TAMS 0x0000000085d00000, 0x0000000085c00000| Untracked 
|  31|0x0000000085d00000, 0x0000000085e00000, 0x0000000085e00000|100%| O|  |TAMS 0x0000000085e00000, 0x0000000085d00000| Untracked 
|  32|0x0000000085e00000, 0x0000000085f00000, 0x0000000085f00000|100%| O|  |TAMS 0x0000000085f00000, 0x0000000085e00000| Untracked 
|  33|0x0000000085f00000, 0x0000000086000000, 0x0000000086000000|100%| O|  |TAMS 0x0000000086000000, 0x0000000085f00000| Untracked 
|  34|0x0000000086000000, 0x0000000086100000, 0x0000000086100000|100%| O|  |TAMS 0x0000000086100000, 0x0000000086000000| Untracked 
|  35|0x0000000086100000, 0x0000000086200000, 0x0000000086200000|100%| O|  |TAMS 0x0000000086200000, 0x0000000086100000| Untracked 
|  36|0x0000000086200000, 0x0000000086300000, 0x0000000086300000|100%| O|  |TAMS 0x0000000086300000, 0x0000000086200000| Untracked 
|  37|0x0000000086300000, 0x0000000086400000, 0x0000000086400000|100%| O|  |TAMS 0x0000000086400000, 0x0000000086300000| Untracked 
|  38|0x0000000086400000, 0x0000000086500000, 0x0000000086500000|100%| O|  |TAMS 0x0000000086500000, 0x0000000086400000| Untracked 
|  39|0x0000000086500000, 0x0000000086600000, 0x0000000086600000|100%| O|  |TAMS 0x0000000086600000, 0x0000000086500000| Untracked 
|  40|0x0000000086600000, 0x0000000086700000, 0x0000000086700000|100%| O|  |TAMS 0x0000000086700000, 0x0000000086600000| Untracked 
|  41|0x0000000086700000, 0x0000000086800000, 0x0000000086800000|100%| O|  |TAMS 0x0000000086800000, 0x0000000086700000| Untracked 
|  42|0x0000000086800000, 0x0000000086900000, 0x0000000086900000|100%| O|  |TAMS 0x0000000086900000, 0x0000000086800000| Untracked 
|  43|0x0000000086900000, 0x0000000086a00000, 0x0000000086a00000|100%| O|  |TAMS 0x0000000086a00000, 0x0000000086900000| Untracked 
|  44|0x0000000086a00000, 0x0000000086b00000, 0x0000000086b00000|100%| O|  |TAMS 0x0000000086b00000, 0x0000000086a00000| Untracked 
|  45|0x0000000086b00000, 0x0000000086c00000, 0x0000000086c00000|100%| O|  |TAMS 0x0000000086c00000, 0x0000000086b00000| Untracked 
|  46|0x0000000086c00000, 0x0000000086d00000, 0x0000000086d00000|100%| O|  |TAMS 0x0000000086d00000, 0x0000000086c00000| Untracked 
|  47|0x0000000086d00000, 0x0000000086e00000, 0x0000000086e00000|100%| O|  |TAMS 0x0000000086e00000, 0x0000000086d00000| Untracked 
|  48|0x0000000086e00000, 0x0000000086f00000, 0x0000000086f00000|100%| O|  |TAMS 0x0000000086f00000, 0x0000000086e00000| Untracked 
|  49|0x0000000086f00000, 0x0000000087000000, 0x0000000087000000|100%| O|  |TAMS 0x0000000087000000, 0x0000000086f00000| Untracked 
|  50|0x0000000087000000, 0x0000000087100000, 0x0000000087100000|100%| O|  |TAMS 0x0000000087100000, 0x0000000087000000| Untracked 
|  51|0x0000000087100000, 0x0000000087200000, 0x0000000087200000|100%| O|  |TAMS 0x0000000087200000, 0x0000000087100000| Untracked 
|  52|0x0000000087200000, 0x0000000087300000, 0x0000000087300000|100%| O|  |TAMS 0x0000000087300000, 0x0000000087200000| Untracked 
|  53|0x0000000087300000, 0x0000000087400000, 0x0000000087400000|100%| O|  |TAMS 0x0000000087400000, 0x0000000087300000| Untracked 
|  54|0x0000000087400000, 0x0000000087500000, 0x0000000087500000|100%|HS|  |TAMS 0x0000000087400000, 0x0000000087400000| Complete 
|  55|0x0000000087500000, 0x0000000087600000, 0x0000000087600000|100%|HC|  |TAMS 0x0000000087500000, 0x0000000087500000| Complete 
|  56|0x0000000087600000, 0x0000000087700000, 0x0000000087700000|100%| O|  |TAMS 0x0000000087600000, 0x0000000087600000| Untracked 
|  57|0x0000000087700000, 0x0000000087800000, 0x0000000087800000|100%| O|  |TAMS 0x0000000087700000, 0x0000000087700000| Untracked 
|  58|0x0000000087800000, 0x0000000087900000, 0x0000000087900000|100%| O|  |TAMS 0x0000000087800000, 0x0000000087800000| Untracked 
|  59|0x0000000087900000, 0x0000000087a00000, 0x0000000087a00000|100%| O|  |TAMS 0x0000000087900000, 0x0000000087900000| Untracked 
|  60|0x0000000087a00000, 0x0000000087b00000, 0x0000000087b00000|100%| O|  |TAMS 0x0000000087a00000, 0x0000000087a00000| Untracked 
|  61|0x0000000087b00000, 0x0000000087c00000, 0x0000000087c00000|100%| O|  |TAMS 0x0000000087b00000, 0x0000000087b00000| Untracked 
|  62|0x0000000087c00000, 0x0000000087d00000, 0x0000000087d00000|100%| O|  |TAMS 0x0000000087c00000, 0x0000000087c00000| Untracked 
|  63|0x0000000087d00000, 0x0000000087e00000, 0x0000000087e00000|100%| O|  |TAMS 0x0000000087d00000, 0x0000000087d00000| Untracked 
|  64|0x0000000087e00000, 0x0000000087f00000, 0x0000000087f00000|100%| O|  |TAMS 0x0000000087e00000, 0x0000000087e00000| Untracked 
|  65|0x0000000087f00000, 0x0000000088000000, 0x0000000088000000|100%| O|  |TAMS 0x0000000087f00000, 0x0000000087f00000| Untracked 
|  66|0x0000000088000000, 0x0000000088100000, 0x0000000088100000|100%| O|  |TAMS 0x0000000088000000, 0x0000000088000000| Untracked 
|  67|0x0000000088100000, 0x0000000088200000, 0x0000000088200000|100%| O|  |TAMS 0x0000000088100000, 0x0000000088100000| Untracked 
|  68|0x0000000088200000, 0x0000000088300000, 0x0000000088300000|100%| O|  |TAMS 0x0000000088200000, 0x0000000088200000| Untracked 
|  69|0x0000000088300000, 0x0000000088400000, 0x0000000088400000|100%| O|  |TAMS 0x0000000088300000, 0x0000000088300000| Untracked 
|  70|0x0000000088400000, 0x0000000088500000, 0x0000000088500000|100%| O|  |TAMS 0x0000000088400000, 0x0000000088400000| Untracked 
|  71|0x0000000088500000, 0x0000000088600000, 0x0000000088600000|100%| O|  |TAMS 0x0000000088500000, 0x0000000088500000| Untracked 
|  72|0x0000000088600000, 0x0000000088700000, 0x0000000088700000|100%| O|  |TAMS 0x0000000088600000, 0x0000000088600000| Untracked 
|  73|0x0000000088700000, 0x0000000088800000, 0x0000000088800000|100%| O|  |TAMS 0x0000000088700000, 0x0000000088700000| Untracked 
|  74|0x0000000088800000, 0x00000000888dc600, 0x0000000088900000| 86%| O|  |TAMS 0x0000000088800000, 0x0000000088800000| Untracked 
|  75|0x0000000088900000, 0x0000000088900000, 0x0000000088a00000|  0%| F|  |TAMS 0x0000000088900000, 0x0000000088900000| Untracked 
|  76|0x0000000088a00000, 0x0000000088a00000, 0x0000000088b00000|  0%| F|  |TAMS 0x0000000088a00000, 0x0000000088a00000| Untracked 
|  77|0x0000000088b00000, 0x0000000088b00000, 0x0000000088c00000|  0%| F|  |TAMS 0x0000000088b00000, 0x0000000088b00000| Untracked 
|  78|0x0000000088c00000, 0x0000000088c00000, 0x0000000088d00000|  0%| F|  |TAMS 0x0000000088c00000, 0x0000000088c00000| Untracked 
|  79|0x0000000088d00000, 0x0000000088d00000, 0x0000000088e00000|  0%| F|  |TAMS 0x0000000088d00000, 0x0000000088d00000| Untracked 
|  80|0x0000000088e00000, 0x0000000088e00000, 0x0000000088f00000|  0%| F|  |TAMS 0x0000000088e00000, 0x0000000088e00000| Untracked 
|  81|0x0000000088f00000, 0x0000000088f00000, 0x0000000089000000|  0%| F|  |TAMS 0x0000000088f00000, 0x0000000088f00000| Untracked 
|  82|0x0000000089000000, 0x0000000089000000, 0x0000000089100000|  0%| F|  |TAMS 0x0000000089000000, 0x0000000089000000| Untracked 
|  83|0x0000000089100000, 0x0000000089100000, 0x0000000089200000|  0%| F|  |TAMS 0x0000000089100000, 0x0000000089100000| Untracked 
|  84|0x0000000089200000, 0x0000000089200000, 0x0000000089300000|  0%| F|  |TAMS 0x0000000089200000, 0x0000000089200000| Untracked 
|  85|0x0000000089300000, 0x0000000089300000, 0x0000000089400000|  0%| F|  |TAMS 0x0000000089300000, 0x0000000089300000| Untracked 
|  86|0x0000000089400000, 0x0000000089400000, 0x0000000089500000|  0%| F|  |TAMS 0x0000000089400000, 0x0000000089400000| Untracked 
|  87|0x0000000089500000, 0x0000000089500000, 0x0000000089600000|  0%| F|  |TAMS 0x0000000089500000, 0x0000000089500000| Untracked 
|  88|0x0000000089600000, 0x0000000089600000, 0x0000000089700000|  0%| F|  |TAMS 0x0000000089600000, 0x0000000089600000| Untracked 
|  89|0x0000000089700000, 0x0000000089700000, 0x0000000089800000|  0%| F|  |TAMS 0x0000000089700000, 0x0000000089700000| Untracked 
|  90|0x0000000089800000, 0x0000000089800000, 0x0000000089900000|  0%| F|  |TAMS 0x0000000089800000, 0x0000000089800000| Untracked 
|  91|0x0000000089900000, 0x0000000089900000, 0x0000000089a00000|  0%| F|  |TAMS 0x0000000089900000, 0x0000000089900000| Untracked 
|  92|0x0000000089a00000, 0x0000000089a00000, 0x0000000089b00000|  0%| F|  |TAMS 0x0000000089a00000, 0x0000000089a00000| Untracked 
|  93|0x0000000089b00000, 0x0000000089b00000, 0x0000000089c00000|  0%| F|  |TAMS 0x0000000089b00000, 0x0000000089b00000| Untracked 
|  94|0x0000000089c00000, 0x0000000089c00000, 0x0000000089d00000|  0%| F|  |TAMS 0x0000000089c00000, 0x0000000089c00000| Untracked 
|  95|0x0000000089d00000, 0x0000000089d00000, 0x0000000089e00000|  0%| F|  |TAMS 0x0000000089d00000, 0x0000000089d00000| Untracked 
|  96|0x0000000089e00000, 0x0000000089e00000, 0x0000000089f00000|  0%| F|  |TAMS 0x0000000089e00000, 0x0000000089e00000| Untracked 
|  97|0x0000000089f00000, 0x0000000089f00000, 0x000000008a000000|  0%| F|  |TAMS 0x0000000089f00000, 0x0000000089f00000| Untracked 
|  98|0x000000008a000000, 0x000000008a000000, 0x000000008a100000|  0%| F|  |TAMS 0x000000008a000000, 0x000000008a000000| Untracked 
|  99|0x000000008a100000, 0x000000008a100000, 0x000000008a200000|  0%| F|  |TAMS 0x000000008a100000, 0x000000008a100000| Untracked 
| 100|0x000000008a200000, 0x000000008a200000, 0x000000008a300000|  0%| F|  |TAMS 0x000000008a200000, 0x000000008a200000| Untracked 
| 101|0x000000008a300000, 0x000000008a300000, 0x000000008a400000|  0%| F|  |TAMS 0x000000008a300000, 0x000000008a300000| Untracked 
| 102|0x000000008a400000, 0x000000008a400000, 0x000000008a500000|  0%| F|  |TAMS 0x000000008a400000, 0x000000008a400000| Untracked 
| 103|0x000000008a500000, 0x000000008a500000, 0x000000008a600000|  0%| F|  |TAMS 0x000000008a500000, 0x000000008a500000| Untracked 
| 104|0x000000008a600000, 0x000000008a600000, 0x000000008a700000|  0%| F|  |TAMS 0x000000008a600000, 0x000000008a600000| Untracked 
| 105|0x000000008a700000, 0x000000008a700000, 0x000000008a800000|  0%| F|  |TAMS 0x000000008a700000, 0x000000008a700000| Untracked 
| 106|0x000000008a800000, 0x000000008a800000, 0x000000008a900000|  0%| F|  |TAMS 0x000000008a800000, 0x000000008a800000| Untracked 
| 107|0x000000008a900000, 0x000000008a900000, 0x000000008aa00000|  0%| F|  |TAMS 0x000000008a900000, 0x000000008a900000| Untracked 
| 108|0x000000008aa00000, 0x000000008aa00000, 0x000000008ab00000|  0%| F|  |TAMS 0x000000008aa00000, 0x000000008aa00000| Untracked 
| 109|0x000000008ab00000, 0x000000008ab00000, 0x000000008ac00000|  0%| F|  |TAMS 0x000000008ab00000, 0x000000008ab00000| Untracked 
| 110|0x000000008ac00000, 0x000000008ac00000, 0x000000008ad00000|  0%| F|  |TAMS 0x000000008ac00000, 0x000000008ac00000| Untracked 
| 111|0x000000008ad00000, 0x000000008ad00000, 0x000000008ae00000|  0%| F|  |TAMS 0x000000008ad00000, 0x000000008ad00000| Untracked 
| 112|0x000000008ae00000, 0x000000008ae00000, 0x000000008af00000|  0%| F|  |TAMS 0x000000008ae00000, 0x000000008ae00000| Untracked 
| 113|0x000000008af00000, 0x000000008af00000, 0x000000008b000000|  0%| F|  |TAMS 0x000000008af00000, 0x000000008af00000| Untracked 
| 114|0x000000008b000000, 0x000000008b000000, 0x000000008b100000|  0%| F|  |TAMS 0x000000008b000000, 0x000000008b000000| Untracked 
| 115|0x000000008b100000, 0x000000008b100000, 0x000000008b200000|  0%| F|  |TAMS 0x000000008b100000, 0x000000008b100000| Untracked 
| 116|0x000000008b200000, 0x000000008b200000, 0x000000008b300000|  0%| F|  |TAMS 0x000000008b200000, 0x000000008b200000| Untracked 
| 117|0x000000008b300000, 0x000000008b300000, 0x000000008b400000|  0%| F|  |TAMS 0x000000008b300000, 0x000000008b300000| Untracked 
| 118|0x000000008b400000, 0x000000008b400000, 0x000000008b500000|  0%| F|  |TAMS 0x000000008b400000, 0x000000008b400000| Untracked 
| 119|0x000000008b500000, 0x000000008b500000, 0x000000008b600000|  0%| F|  |TAMS 0x000000008b500000, 0x000000008b500000| Untracked 
| 120|0x000000008b600000, 0x000000008b600000, 0x000000008b700000|  0%| F|  |TAMS 0x000000008b600000, 0x000000008b600000| Untracked 
| 121|0x000000008b700000, 0x000000008b700000, 0x000000008b800000|  0%| F|  |TAMS 0x000000008b700000, 0x000000008b700000| Untracked 
| 122|0x000000008b800000, 0x000000008b800000, 0x000000008b900000|  0%| F|  |TAMS 0x000000008b800000, 0x000000008b800000| Untracked 
| 123|0x000000008b900000, 0x000000008b900000, 0x000000008ba00000|  0%| F|  |TAMS 0x000000008b900000, 0x000000008b900000| Untracked 
| 124|0x000000008ba00000, 0x000000008ba00000, 0x000000008bb00000|  0%| F|  |TAMS 0x000000008ba00000, 0x000000008ba00000| Untracked 
| 125|0x000000008bb00000, 0x000000008bb00000, 0x000000008bc00000|  0%| F|  |TAMS 0x000000008bb00000, 0x000000008bb00000| Untracked 
| 126|0x000000008bc00000, 0x000000008bc00000, 0x000000008bd00000|  0%| F|  |TAMS 0x000000008bc00000, 0x000000008bc00000| Untracked 
| 127|0x000000008bd00000, 0x000000008bd00000, 0x000000008be00000|  0%| F|  |TAMS 0x000000008bd00000, 0x000000008bd00000| Untracked 
| 128|0x000000008be00000, 0x000000008be00000, 0x000000008bf00000|  0%| F|  |TAMS 0x000000008be00000, 0x000000008be00000| Untracked 
| 129|0x000000008bf00000, 0x000000008bfb69e0, 0x000000008c000000| 71%| S|CS|TAMS 0x000000008bf00000, 0x000000008bf00000| Complete 
| 130|0x000000008c000000, 0x000000008c100000, 0x000000008c100000|100%| S|CS|TAMS 0x000000008c000000, 0x000000008c000000| Complete 
| 131|0x000000008c100000, 0x000000008c200000, 0x000000008c200000|100%| S|CS|TAMS 0x000000008c100000, 0x000000008c100000| Complete 
| 132|0x000000008c200000, 0x000000008c300000, 0x000000008c300000|100%| S|CS|TAMS 0x000000008c200000, 0x000000008c200000| Complete 
| 133|0x000000008c300000, 0x000000008c400000, 0x000000008c400000|100%| S|CS|TAMS 0x000000008c300000, 0x000000008c300000| Complete 
| 134|0x000000008c400000, 0x000000008c400000, 0x000000008c500000|  0%| F|  |TAMS 0x000000008c400000, 0x000000008c400000| Untracked 
| 135|0x000000008c500000, 0x000000008c500000, 0x000000008c600000|  0%| F|  |TAMS 0x000000008c500000, 0x000000008c500000| Untracked 
| 136|0x000000008c600000, 0x000000008c600000, 0x000000008c700000|  0%| F|  |TAMS 0x000000008c600000, 0x000000008c600000| Untracked 
| 137|0x000000008c700000, 0x000000008c700000, 0x000000008c800000|  0%| F|  |TAMS 0x000000008c700000, 0x000000008c700000| Untracked 
| 138|0x000000008c800000, 0x000000008c800000, 0x000000008c900000|  0%| F|  |TAMS 0x000000008c800000, 0x000000008c800000| Untracked 
| 139|0x000000008c900000, 0x000000008c900000, 0x000000008ca00000|  0%| F|  |TAMS 0x000000008c900000, 0x000000008c900000| Untracked 
| 140|0x000000008ca00000, 0x000000008ca00000, 0x000000008cb00000|  0%| F|  |TAMS 0x000000008ca00000, 0x000000008ca00000| Untracked 
| 141|0x000000008cb00000, 0x000000008cb00000, 0x000000008cc00000|  0%| F|  |TAMS 0x000000008cb00000, 0x000000008cb00000| Untracked 
| 142|0x000000008cc00000, 0x000000008cc00000, 0x000000008cd00000|  0%| F|  |TAMS 0x000000008cc00000, 0x000000008cc00000| Untracked 
| 143|0x000000008cd00000, 0x000000008cd00000, 0x000000008ce00000|  0%| F|  |TAMS 0x000000008cd00000, 0x000000008cd00000| Untracked 
| 144|0x000000008ce00000, 0x000000008ce00000, 0x000000008cf00000|  0%| F|  |TAMS 0x000000008ce00000, 0x000000008ce00000| Untracked 
| 145|0x000000008cf00000, 0x000000008cf00000, 0x000000008d000000|  0%| F|  |TAMS 0x000000008cf00000, 0x000000008cf00000| Untracked 
| 146|0x000000008d000000, 0x000000008d000000, 0x000000008d100000|  0%| F|  |TAMS 0x000000008d000000, 0x000000008d000000| Untracked 
| 147|0x000000008d100000, 0x000000008d100000, 0x000000008d200000|  0%| F|  |TAMS 0x000000008d100000, 0x000000008d100000| Untracked 
| 148|0x000000008d200000, 0x000000008d200000, 0x000000008d300000|  0%| F|  |TAMS 0x000000008d200000, 0x000000008d200000| Untracked 
| 149|0x000000008d300000, 0x000000008d300000, 0x000000008d400000|  0%| F|  |TAMS 0x000000008d300000, 0x000000008d300000| Untracked 
| 150|0x000000008d400000, 0x000000008d400000, 0x000000008d500000|  0%| F|  |TAMS 0x000000008d400000, 0x000000008d400000| Untracked 
| 151|0x000000008d500000, 0x000000008d500000, 0x000000008d600000|  0%| F|  |TAMS 0x000000008d500000, 0x000000008d500000| Untracked 
| 152|0x000000008d600000, 0x000000008d600000, 0x000000008d700000|  0%| F|  |TAMS 0x000000008d600000, 0x000000008d600000| Untracked 
| 153|0x000000008d700000, 0x000000008d700000, 0x000000008d800000|  0%| F|  |TAMS 0x000000008d700000, 0x000000008d700000| Untracked 
| 154|0x000000008d800000, 0x000000008d800000, 0x000000008d900000|  0%| F|  |TAMS 0x000000008d800000, 0x000000008d800000| Untracked 
| 155|0x000000008d900000, 0x000000008d900000, 0x000000008da00000|  0%| F|  |TAMS 0x000000008d900000, 0x000000008d900000| Untracked 
| 156|0x000000008da00000, 0x000000008da00000, 0x000000008db00000|  0%| F|  |TAMS 0x000000008da00000, 0x000000008da00000| Untracked 
| 157|0x000000008db00000, 0x000000008db00000, 0x000000008dc00000|  0%| F|  |TAMS 0x000000008db00000, 0x000000008db00000| Untracked 
| 158|0x000000008dc00000, 0x000000008dc00000, 0x000000008dd00000|  0%| F|  |TAMS 0x000000008dc00000, 0x000000008dc00000| Untracked 
| 159|0x000000008dd00000, 0x000000008dd00000, 0x000000008de00000|  0%| F|  |TAMS 0x000000008dd00000, 0x000000008dd00000| Untracked 
| 160|0x000000008de00000, 0x000000008de00000, 0x000000008df00000|  0%| F|  |TAMS 0x000000008de00000, 0x000000008de00000| Untracked 
| 161|0x000000008df00000, 0x000000008df00000, 0x000000008e000000|  0%| F|  |TAMS 0x000000008df00000, 0x000000008df00000| Untracked 
| 162|0x000000008e000000, 0x000000008e000000, 0x000000008e100000|  0%| F|  |TAMS 0x000000008e000000, 0x000000008e000000| Untracked 
| 163|0x000000008e100000, 0x000000008e100000, 0x000000008e200000|  0%| F|  |TAMS 0x000000008e100000, 0x000000008e100000| Untracked 
| 164|0x000000008e200000, 0x000000008e200000, 0x000000008e300000|  0%| F|  |TAMS 0x000000008e200000, 0x000000008e200000| Untracked 
| 165|0x000000008e300000, 0x000000008e300000, 0x000000008e400000|  0%| F|  |TAMS 0x000000008e300000, 0x000000008e300000| Untracked 
| 166|0x000000008e400000, 0x000000008e400000, 0x000000008e500000|  0%| F|  |TAMS 0x000000008e400000, 0x000000008e400000| Untracked 
| 167|0x000000008e500000, 0x000000008e500000, 0x000000008e600000|  0%| F|  |TAMS 0x000000008e500000, 0x000000008e500000| Untracked 
| 168|0x000000008e600000, 0x000000008e600000, 0x000000008e700000|  0%| F|  |TAMS 0x000000008e600000, 0x000000008e600000| Untracked 
| 169|0x000000008e700000, 0x000000008e700000, 0x000000008e800000|  0%| F|  |TAMS 0x000000008e700000, 0x000000008e700000| Untracked 
| 170|0x000000008e800000, 0x000000008e800000, 0x000000008e900000|  0%| F|  |TAMS 0x000000008e800000, 0x000000008e800000| Untracked 
| 171|0x000000008e900000, 0x000000008e900000, 0x000000008ea00000|  0%| F|  |TAMS 0x000000008e900000, 0x000000008e900000| Untracked 
| 172|0x000000008ea00000, 0x000000008ea00000, 0x000000008eb00000|  0%| F|  |TAMS 0x000000008ea00000, 0x000000008ea00000| Untracked 
| 173|0x000000008eb00000, 0x000000008eb00000, 0x000000008ec00000|  0%| F|  |TAMS 0x000000008eb00000, 0x000000008eb00000| Untracked 
| 174|0x000000008ec00000, 0x000000008ec00000, 0x000000008ed00000|  0%| F|  |TAMS 0x000000008ec00000, 0x000000008ec00000| Untracked 
| 175|0x000000008ed00000, 0x000000008ed00000, 0x000000008ee00000|  0%| F|  |TAMS 0x000000008ed00000, 0x000000008ed00000| Untracked 

Card table byte_map: [0x0000021c23400000,0x0000021c237f0000] _byte_map_base: 0x0000021c22fe1000

Marking Bits (Prev, Next): (CMBitMap*) 0x0000021c0b5cb040, (CMBitMap*) 0x0000021c0b5cb008
 Prev Bits: [0x0000021c25af0000, 0x0000021c279f8000)
 Next Bits: [0x0000021c23be0000, 0x0000021c25ae8000)

Polling page: 0x0000021c09570000

Metaspace:

Usage:
  Non-class:     16.38 MB capacity,    16.19 MB ( 99%) used,   160.12 KB ( <1%) free+waste,    34.38 KB ( <1%) overhead. 
      Class:      1.75 MB capacity,     1.63 MB ( 93%) used,   107.52 KB (  6%) free+waste,    13.56 KB ( <1%) overhead. 
       Both:     18.12 MB capacity,    17.81 MB ( 98%) used,   267.63 KB (  1%) free+waste,    47.94 KB ( <1%) overhead. 

Virtual space:
  Non-class space:       18.00 MB reserved,      16.50 MB ( 92%) committed 
      Class space:        1.00 GB reserved,       1.75 MB ( <1%) committed 
             Both:        1.02 GB reserved,      18.25 MB (  2%) committed 

Chunk freelists:
   Non-Class:  0 bytes
       Class:  2.00 KB
        Both:  2.00 KB

MaxMetaspaceSize: 17179869184.00 GB
CompressedClassSpaceSize: 1.00 GB
Initial GC threshold: 20.80 MB
Current GC threshold: 26.67 MB
CDS: off

CodeHeap 'non-profiled nmethods': size=120000Kb used=2240Kb max_used=2240Kb free=117759Kb
 bounds [0x0000021c1b7b0000, 0x0000021c1ba20000, 0x0000021c22ce0000]
CodeHeap 'profiled nmethods': size=120000Kb used=10354Kb max_used=10354Kb free=109645Kb
 bounds [0x0000021c14280000, 0x0000021c14ca0000, 0x0000021c1b7b0000]
CodeHeap 'non-nmethods': size=5760Kb used=1163Kb max_used=1216Kb free=4596Kb
 bounds [0x0000021c13ce0000, 0x0000021c13f50000, 0x0000021c14280000]
 total_blobs=4603 nmethods=4196 adapters=319
 compilation: enabled
              stopped_count=0, restarted_count=0
 full_count=0

Compilation events (20 events):
Event: 6.867 Thread 0x0000021c2b336800 nmethod 4287 0x0000021c1b9df410 code [0x0000021c1b9df5e0, 0x0000021c1b9dfd58]
Event: 6.867 Thread 0x0000021c2b336800 4240       4       com.sun.tools.javac.code.Types$5::visitClassType (10 bytes)
Event: 6.869 Thread 0x0000021c2b336800 nmethod 4240 0x0000021c1b9e0010 code [0x0000021c1b9e01c0, 0x0000021c1b9e0288]
Event: 6.869 Thread 0x0000021c2b336800 4312       4       com.sun.tools.javac.code.Types$13::visitClassType (136 bytes)
Event: 6.877 Thread 0x0000021c2ac0c800 4350       2       com.sun.tools.javac.comp.Check::checkAllDefined (66 bytes)
Event: 6.879 Thread 0x0000021c2ac0c800 nmethod 4350 0x0000021c14c97610 code [0x0000021c14c97900, 0x0000021c14c98748]
Event: 6.879 Thread 0x0000021c2ac0c800 4352       2       com.sun.tools.javac.comp.Check::checkClassOverrideEqualsAndHashIfNeeded (119 bytes)
Event: 6.880 Thread 0x0000021c2ac0c800 nmethod 4352 0x0000021c14c98f90 code [0x0000021c14c991c0, 0x0000021c14c99678]
Event: 6.880 Thread 0x0000021c2ac0c800 4353   !   2       com.sun.tools.javac.comp.Check::checkFunctionalInterface (128 bytes)
Event: 6.881 Thread 0x0000021c2ac0c800 nmethod 4353 0x0000021c14c99a10 code [0x0000021c14c99ca0, 0x0000021c14c9a658]
Event: 6.881 Thread 0x0000021c2ac0c800 4354       2       com.sun.tools.javac.comp.Check::checkLeaksNotAccessible (90 bytes)
Event: 6.881 Thread 0x0000021c2ac0c800 nmethod 4354 0x0000021c14c9ac90 code [0x0000021c14c9ae80, 0x0000021c14c9b158]
Event: 6.881 Thread 0x0000021c2ac0c800 4351       2       com.sun.tools.javac.code.Types::isDerivedRawInternal (57 bytes)
Event: 6.881 Thread 0x0000021c2ac0c800 nmethod 4351 0x0000021c14c9b390 code [0x0000021c14c9b5c0, 0x0000021c14c9b928]
Event: 6.881 Thread 0x0000021c2ac0c800 4355       2       com.sun.tools.javac.comp.Resolve::resolveQualifiedMethod (26 bytes)
Event: 6.881 Thread 0x0000021c2ac0c800 nmethod 4355 0x0000021c14c9bb90 code [0x0000021c14c9bd60, 0x0000021c14c9c058]
Event: 6.884 Thread 0x0000021c2ac0c800 4356       2       com.sun.tools.javac.code.Scope::getSymbols (9 bytes)
Event: 6.884 Thread 0x0000021c2ac0c800 nmethod 4356 0x0000021c14c9c210 code [0x0000021c14c9c3c0, 0x0000021c14c9c4e8]
Event: 6.893 Thread 0x0000021c2ac0c800 4357       2       com.sun.tools.javac.jvm.Items::makeMemberItem (11 bytes)
Event: 6.893 Thread 0x0000021c2ac0c800 nmethod 4357 0x0000021c14c9c590 code [0x0000021c14c9c760, 0x0000021c14c9ca58]

GC Heap History (20 events):
Event: 2.922 GC heap after
{Heap after GC invocations=31 (full 0):
 garbage-first heap   total 34816K, used 18060K [0x0000000083e00000, 0x0000000100000000)
  region size 1024K, 1 young (1024K), 1 survivors (1024K)
 Metaspace       used 13804K, capacity 14132K, committed 14336K, reserved 1062912K
  class space    used 1409K, capacity 1503K, committed 1536K, reserved 1048576K
}
Event: 2.954 GC heap before
{Heap before GC invocations=32 (full 0):
 garbage-first heap   total 44032K, used 32396K [0x0000000083e00000, 0x0000000100000000)
  region size 1024K, 2 young (2048K), 1 survivors (1024K)
 Metaspace       used 13804K, capacity 14132K, committed 14336K, reserved 1062912K
  class space    used 1409K, capacity 1503K, committed 1536K, reserved 1048576K
}
Event: 2.955 GC heap after
{Heap after GC invocations=33 (full 0):
 garbage-first heap   total 44032K, used 18201K [0x0000000083e00000, 0x0000000100000000)
  region size 1024K, 1 young (1024K), 1 survivors (1024K)
 Metaspace       used 13804K, capacity 14132K, committed 14336K, reserved 1062912K
  class space    used 1409K, capacity 1503K, committed 1536K, reserved 1048576K
}
Event: 2.989 GC heap before
{Heap before GC invocations=34 (full 0):
 garbage-first heap   total 44032K, used 22297K [0x0000000083e00000, 0x0000000100000000)
  region size 1024K, 5 young (5120K), 1 survivors (1024K)
 Metaspace       used 13805K, capacity 14132K, committed 14336K, reserved 1062912K
  class space    used 1409K, capacity 1503K, committed 1536K, reserved 1048576K
}
Event: 2.993 GC heap after
{Heap after GC invocations=35 (full 0):
 garbage-first heap   total 87040K, used 20413K [0x0000000083e00000, 0x0000000100000000)
  region size 1024K, 2 young (2048K), 2 survivors (2048K)
 Metaspace       used 13805K, capacity 14132K, committed 14336K, reserved 1062912K
  class space    used 1409K, capacity 1503K, committed 1536K, reserved 1048576K
}
Event: 3.625 GC heap before
{Heap before GC invocations=36 (full 0):
 garbage-first heap   total 87040K, used 54205K [0x0000000083e00000, 0x0000000100000000)
  region size 1024K, 26 young (26624K), 2 survivors (2048K)
 Metaspace       used 14268K, capacity 14595K, committed 14720K, reserved 1062912K
  class space    used 1442K, capacity 1571K, committed 1664K, reserved 1048576K
}
Event: 3.638 GC heap after
{Heap after GC invocations=37 (full 0):
 garbage-first heap   total 87040K, used 32015K [0x0000000083e00000, 0x0000000100000000)
  region size 1024K, 4 young (4096K), 4 survivors (4096K)
 Metaspace       used 14268K, capacity 14595K, committed 14720K, reserved 1062912K
  class space    used 1442K, capacity 1571K, committed 1664K, reserved 1048576K
}
Event: 4.056 GC heap before
{Heap before GC invocations=37 (full 0):
 garbage-first heap   total 87040K, used 52495K [0x0000000083e00000, 0x0000000100000000)
  region size 1024K, 23 young (23552K), 4 survivors (4096K)
 Metaspace       used 15406K, capacity 15651K, committed 15744K, reserved 1062912K
  class space    used 1524K, capacity 1646K, committed 1664K, reserved 1048576K
}
Event: 4.067 GC heap after
{Heap after GC invocations=38 (full 0):
 garbage-first heap   total 87040K, used 37764K [0x0000000083e00000, 0x0000000100000000)
  region size 1024K, 3 young (3072K), 3 survivors (3072K)
 Metaspace       used 15406K, capacity 15651K, committed 15744K, reserved 1062912K
  class space    used 1524K, capacity 1646K, committed 1664K, reserved 1048576K
}
Event: 4.228 GC heap before
{Heap before GC invocations=38 (full 0):
 garbage-first heap   total 87040K, used 56196K [0x0000000083e00000, 0x0000000100000000)
  region size 1024K, 21 young (21504K), 3 survivors (3072K)
 Metaspace       used 15937K, capacity 16259K, committed 16384K, reserved 1064960K
  class space    used 1562K, capacity 1696K, committed 1792K, reserved 1048576K
}
Event: 4.254 GC heap after
{Heap after GC invocations=39 (full 0):
 garbage-first heap   total 87040K, used 47104K [0x0000000083e00000, 0x0000000100000000)
  region size 1024K, 3 young (3072K), 3 survivors (3072K)
 Metaspace       used 15937K, capacity 16259K, committed 16384K, reserved 1064960K
  class space    used 1562K, capacity 1696K, committed 1792K, reserved 1048576K
}
Event: 4.282 GC heap before
{Heap before GC invocations=39 (full 0):
 garbage-first heap   total 87040K, used 61440K [0x0000000083e00000, 0x0000000100000000)
  region size 1024K, 17 young (17408K), 3 survivors (3072K)
 Metaspace       used 15962K, capacity 16259K, committed 16384K, reserved 1064960K
  class space    used 1562K, capacity 1696K, committed 1792K, reserved 1048576K
}
Event: 4.311 GC heap after
{Heap after GC invocations=40 (full 0):
 garbage-first heap   total 180224K, used 58368K [0x0000000083e00000, 0x0000000100000000)
  region size 1024K, 3 young (3072K), 3 survivors (3072K)
 Metaspace       used 15962K, capacity 16259K, committed 16384K, reserved 1064960K
  class space    used 1562K, capacity 1696K, committed 1792K, reserved 1048576K
}
Event: 4.710 GC heap before
{Heap before GC invocations=41 (full 0):
 garbage-first heap   total 180224K, used 97280K [0x0000000083e00000, 0x0000000100000000)
  region size 1024K, 39 young (39936K), 3 survivors (3072K)
 Metaspace       used 16243K, capacity 16533K, committed 16640K, reserved 1064960K
  class space    used 1567K, capacity 1697K, committed 1792K, reserved 1048576K
}
Event: 4.727 GC heap after
{Heap after GC invocations=42 (full 0):
 garbage-first heap   total 180224K, used 70650K [0x0000000083e00000, 0x0000000100000000)
  region size 1024K, 5 young (5120K), 5 survivors (5120K)
 Metaspace       used 16243K, capacity 16533K, committed 16640K, reserved 1064960K
  class space    used 1567K, capacity 1697K, committed 1792K, reserved 1048576K
}
Event: 5.659 GC heap before
{Heap before GC invocations=42 (full 0):
 garbage-first heap   total 180224K, used 108538K [0x0000000083e00000, 0x0000000100000000)
  region size 1024K, 42 young (43008K), 5 survivors (5120K)
 Metaspace       used 17650K, capacity 17975K, committed 18176K, reserved 1064960K
  class space    used 1667K, capacity 1790K, committed 1792K, reserved 1048576K
}
Event: 5.680 GC heap after
{Heap after GC invocations=43 (full 0):
 garbage-first heap   total 180224K, used 76645K [0x0000000083e00000, 0x0000000100000000)
  region size 1024K, 6 young (6144K), 6 survivors (6144K)
 Metaspace       used 17650K, capacity 17975K, committed 18176K, reserved 1064960K
  class space    used 1667K, capacity 1790K, committed 1792K, reserved 1048576K
}
Event: 6.418 GC heap before
{Heap before GC invocations=43 (full 0):
 garbage-first heap   total 180224K, used 114533K [0x0000000083e00000, 0x0000000100000000)
  region size 1024K, 43 young (44032K), 6 survivors (6144K)
 Metaspace       used 18092K, capacity 18362K, committed 18432K, reserved 1067008K
  class space    used 1668K, capacity 1790K, committed 1792K, reserved 1048576K
}
Event: 6.431 GC heap after
{Heap after GC invocations=44 (full 0):
 garbage-first heap   total 180224K, used 79444K [0x0000000083e00000, 0x0000000100000000)
  region size 1024K, 3 young (3072K), 3 survivors (3072K)
 Metaspace       used 18092K, capacity 18362K, committed 18432K, reserved 1067008K
  class space    used 1668K, capacity 1790K, committed 1792K, reserved 1048576K
}
Event: 6.896 GC heap before
{Heap before GC invocations=44 (full 0):
 garbage-first heap   total 180224K, used 119380K [0x0000000083e00000, 0x0000000100000000)
  region size 1024K, 42 young (43008K), 3 survivors (3072K)
 Metaspace       used 18242K, capacity 18558K, committed 18688K, reserved 1067008K
  class space    used 1668K, capacity 1790K, committed 1792K, reserved 1048576K
}

Deoptimization events (20 events):
Event: 6.484 Thread 0x0000021c0b58a000 Uncommon trap: trap_request=0xffffffc6 fr.pc=0x0000021c1b9a2140 relative=0x00000000000001c0
Event: 6.484 Thread 0x0000021c0b58a000 Uncommon trap: reason=bimorphic_or_optimized_type_check action=maybe_recompile pc=0x0000021c1b9a2140 method=com.sun.tools.javac.code.Types$5.visitType(Lcom/sun/tools/javac/code/Type;Lcom/sun/tools/javac/code/Type;)Ljava/lang/Boolean; @ 14 c2
Event: 6.484 Thread 0x0000021c0b58a000 DEOPT PACKING pc=0x0000021c1b9a2140 sp=0x0000002ff96fe550
Event: 6.484 Thread 0x0000021c0b58a000 DEOPT UNPACKING pc=0x0000021c13ce85af sp=0x0000002ff96fe488 mode 2
Event: 6.758 Thread 0x0000021c0b58a000 DEOPT PACKING pc=0x0000021c1491420f sp=0x0000002ff96fecd0
Event: 6.758 Thread 0x0000021c0b58a000 DEOPT UNPACKING pc=0x0000021c13d29d0e sp=0x0000002ff96fe138 mode 0
Event: 6.767 Thread 0x0000021c0b58a000 Uncommon trap: trap_request=0xffffffde fr.pc=0x0000021c1b969eb0 relative=0x0000000000000310
Event: 6.767 Thread 0x0000021c0b58a000 Uncommon trap: reason=class_check action=maybe_recompile pc=0x0000021c1b969eb0 method=com.sun.tools.javac.comp.Check.checkDeprecated(Lcom/sun/tools/javac/util/JCDiagnostic$DiagnosticPosition;Lcom/sun/tools/javac/code/Symbol;Lcom/sun/tools/javac/code/Symbo
Event: 6.767 Thread 0x0000021c0b58a000 DEOPT PACKING pc=0x0000021c1b969eb0 sp=0x0000002ff96fda90
Event: 6.767 Thread 0x0000021c0b58a000 DEOPT UNPACKING pc=0x0000021c13ce85af sp=0x0000002ff96fda20 mode 2
Event: 6.767 Thread 0x0000021c0b58a000 Uncommon trap: trap_request=0xffffffde fr.pc=0x0000021c1b969eb0 relative=0x0000000000000310
Event: 6.767 Thread 0x0000021c0b58a000 Uncommon trap: reason=class_check action=maybe_recompile pc=0x0000021c1b969eb0 method=com.sun.tools.javac.comp.Check.checkDeprecated(Lcom/sun/tools/javac/util/JCDiagnostic$DiagnosticPosition;Lcom/sun/tools/javac/code/Symbol;Lcom/sun/tools/javac/code/Symbo
Event: 6.767 Thread 0x0000021c0b58a000 DEOPT PACKING pc=0x0000021c1b969eb0 sp=0x0000002ff96fda90
Event: 6.767 Thread 0x0000021c0b58a000 DEOPT UNPACKING pc=0x0000021c13ce85af sp=0x0000002ff96fda20 mode 2
Event: 6.807 Thread 0x0000021c0b58a000 DEOPT PACKING pc=0x0000021c14b5870c sp=0x0000002ff96fec20
Event: 6.807 Thread 0x0000021c0b58a000 DEOPT UNPACKING pc=0x0000021c13d29d0e sp=0x0000002ff96fe138 mode 0
Event: 6.830 Thread 0x0000021c0b58a000 Uncommon trap: trap_request=0xffffff4d fr.pc=0x0000021c1b9ab13c relative=0x0000000000001bfc
Event: 6.830 Thread 0x0000021c0b58a000 Uncommon trap: reason=unstable_if action=reinterpret pc=0x0000021c1b9ab13c method=com.sun.tools.javac.code.Symbol.hiddenInInternal(Lcom/sun/tools/javac/code/Symbol$ClassSymbol;Lcom/sun/tools/javac/code/Types;)Lcom/sun/tools/javac/code/Symbol; @ 80 c2
Event: 6.830 Thread 0x0000021c0b58a000 DEOPT PACKING pc=0x0000021c1b9ab13c sp=0x0000002ff96fe840
Event: 6.830 Thread 0x0000021c0b58a000 DEOPT UNPACKING pc=0x0000021c13ce85af sp=0x0000002ff96fe7b8 mode 2

Classes redefined (0 events):
No events

Internal exceptions (20 events):
Event: 6.769 Thread 0x0000021c0b58a000 Exception <a 'sun/nio/fs/WindowsException'{0x000000008d6f5620}> (0x000000008d6f5620) thrown at [./src/hotspot/share/prims/jni.cpp, line 617]
Event: 6.776 Thread 0x0000021c0b58a000 Exception <a 'sun/nio/fs/WindowsException'{0x000000008d5e4800}> (0x000000008d5e4800) thrown at [./src/hotspot/share/prims/jni.cpp, line 617]
Event: 6.781 Thread 0x0000021c0b58a000 Exception <a 'sun/nio/fs/WindowsException'{0x000000008d412090}> (0x000000008d412090) thrown at [./src/hotspot/share/prims/jni.cpp, line 617]
Event: 6.782 Thread 0x0000021c0b58a000 Exception <a 'sun/nio/fs/WindowsException'{0x000000008d412550}> (0x000000008d412550) thrown at [./src/hotspot/share/prims/jni.cpp, line 617]
Event: 6.788 Thread 0x0000021c0b58a000 Exception <a 'sun/nio/fs/WindowsException'{0x000000008d49d048}> (0x000000008d49d048) thrown at [./src/hotspot/share/prims/jni.cpp, line 617]
Event: 6.796 Thread 0x0000021c0b58a000 Exception <a 'sun/nio/fs/WindowsException'{0x000000008d347838}> (0x000000008d347838) thrown at [./src/hotspot/share/prims/jni.cpp, line 617]
Event: 6.796 Thread 0x0000021c0b58a000 Exception <a 'sun/nio/fs/WindowsException'{0x000000008d347cf8}> (0x000000008d347cf8) thrown at [./src/hotspot/share/prims/jni.cpp, line 617]
Event: 6.801 Thread 0x0000021c0b58a000 Exception <a 'sun/nio/fs/WindowsException'{0x000000008d3996d0}> (0x000000008d3996d0) thrown at [./src/hotspot/share/prims/jni.cpp, line 617]
Event: 6.809 Thread 0x0000021c0b58a000 Exception <a 'sun/nio/fs/WindowsException'{0x000000008d2ca538}> (0x000000008d2ca538) thrown at [./src/hotspot/share/prims/jni.cpp, line 617]
Event: 6.817 Thread 0x0000021c0b58a000 Exception <a 'sun/nio/fs/WindowsException'{0x000000008d1e3800}> (0x000000008d1e3800) thrown at [./src/hotspot/share/prims/jni.cpp, line 617]
Event: 6.826 Thread 0x0000021c0b58a000 Exception <a 'sun/nio/fs/WindowsException'{0x000000008d0fc2f0}> (0x000000008d0fc2f0) thrown at [./src/hotspot/share/prims/jni.cpp, line 617]
Event: 6.831 Thread 0x0000021c0b58a000 Exception <a 'sun/nio/fs/WindowsException'{0x000000008cf4bc08}> (0x000000008cf4bc08) thrown at [./src/hotspot/share/prims/jni.cpp, line 617]
Event: 6.835 Thread 0x0000021c0b58a000 Exception <a 'sun/nio/fs/WindowsException'{0x000000008cf8a8a8}> (0x000000008cf8a8a8) thrown at [./src/hotspot/share/prims/jni.cpp, line 617]
Event: 6.845 Thread 0x0000021c0b58a000 Exception <a 'sun/nio/fs/WindowsException'{0x000000008cd356e8}> (0x000000008cd356e8) thrown at [./src/hotspot/share/prims/jni.cpp, line 617]
Event: 6.856 Thread 0x0000021c0b58a000 Exception <a 'sun/nio/fs/WindowsException'{0x000000008cdf3fa0}> (0x000000008cdf3fa0) thrown at [./src/hotspot/share/prims/jni.cpp, line 617]
Event: 6.864 Thread 0x0000021c0b58a000 Exception <a 'sun/nio/fs/WindowsException'{0x000000008cb4af60}> (0x000000008cb4af60) thrown at [./src/hotspot/share/prims/jni.cpp, line 617]
Event: 6.875 Thread 0x0000021c0b58a000 Exception <a 'sun/nio/fs/WindowsException'{0x000000008c903ea0}> (0x000000008c903ea0) thrown at [./src/hotspot/share/prims/jni.cpp, line 617]
Event: 6.882 Thread 0x0000021c0b58a000 Exception <a 'sun/nio/fs/WindowsException'{0x000000008c5a7da8}> (0x000000008c5a7da8) thrown at [./src/hotspot/share/prims/jni.cpp, line 617]
Event: 6.889 Thread 0x0000021c0b58a000 Exception <a 'sun/nio/fs/WindowsException'{0x000000008c4c52d8}> (0x000000008c4c52d8) thrown at [./src/hotspot/share/prims/jni.cpp, line 617]
Event: 6.893 Thread 0x0000021c0b58a000 Exception <a 'sun/nio/fs/WindowsException'{0x000000008c4e7570}> (0x000000008c4e7570) thrown at [./src/hotspot/share/prims/jni.cpp, line 617]

Events (20 events):
Event: 5.166 Executing VM operation: ICBufferFull done
Event: 5.369 Executing VM operation: ICBufferFull
Event: 5.369 Executing VM operation: ICBufferFull done
Event: 5.659 Executing VM operation: G1CollectForAllocation
Event: 5.680 Executing VM operation: G1CollectForAllocation done
Event: 5.779 Executing VM operation: ICBufferFull
Event: 5.779 Executing VM operation: ICBufferFull done
Event: 6.042 Executing VM operation: ICBufferFull
Event: 6.043 Executing VM operation: ICBufferFull done
Event: 6.171 Executing VM operation: ICBufferFull
Event: 6.171 Executing VM operation: ICBufferFull done
Event: 6.271 Executing VM operation: ICBufferFull
Event: 6.271 Executing VM operation: ICBufferFull done
Event: 6.411 Executing VM operation: ICBufferFull
Event: 6.412 Executing VM operation: ICBufferFull done
Event: 6.418 Executing VM operation: G1CollectForAllocation
Event: 6.431 Executing VM operation: G1CollectForAllocation done
Event: 6.812 Executing VM operation: ICBufferFull
Event: 6.812 Executing VM operation: ICBufferFull done
Event: 6.896 Executing VM operation: G1CollectForAllocation


Dynamic libraries:
0x00007ff74b530000 - 0x00007ff74b537000 	C:\Program Files\Microsoft\jdk-11.0.16.101-hotspot\bin\javac.exe
0x00007ffa0dfd0000 - 0x00007ffa0e1e4000 	C:\WINDOWS\SYSTEM32\ntdll.dll
0x00007ffa0ccd0000 - 0x00007ffa0cd93000 	C:\WINDOWS\System32\KERNEL32.DLL
0x00007ffa0b480000 - 0x00007ffa0b81c000 	C:\WINDOWS\System32\KERNELBASE.dll
0x00007ffa0bad0000 - 0x00007ffa0bbe1000 	C:\WINDOWS\System32\ucrtbase.dll
0x00007ff9ea410000 - 0x00007ff9ea425000 	C:\Program Files\Microsoft\jdk-11.0.16.101-hotspot\bin\VCRUNTIME140.dll
0x00007ff9ea490000 - 0x00007ff9ea4a7000 	C:\Program Files\Microsoft\jdk-11.0.16.101-hotspot\bin\jli.dll
0x00007ffa0d000000 - 0x00007ffa0d1ad000 	C:\WINDOWS\System32\USER32.dll
0x00007ffa0b8c0000 - 0x00007ffa0b8e6000 	C:\WINDOWS\System32\win32u.dll
0x00007ffa0be90000 - 0x00007ffa0beb9000 	C:\WINDOWS\System32\GDI32.dll
0x00007ffa0b8f0000 - 0x00007ffa0ba03000 	C:\WINDOWS\System32\gdi32full.dll
0x00007ffa0b820000 - 0x00007ffa0b8ba000 	C:\WINDOWS\System32\msvcp_win.dll
0x00007ff9ec750000 - 0x00007ff9ec9de000 	C:\WINDOWS\WinSxS\amd64_microsoft.windows.common-controls_6595b64144ccf1df_6.0.22621.608_none_a9444ca7c10bb01d\COMCTL32.dll
0x00007ffa0c080000 - 0x00007ffa0c127000 	C:\WINDOWS\System32\msvcrt.dll
0x00007ffa0cf60000 - 0x00007ffa0cf91000 	C:\WINDOWS\System32\IMM32.DLL
0x00007ff9a7cf0000 - 0x00007ff9a7d8b000 	C:\Program Files\Microsoft\jdk-11.0.16.101-hotspot\bin\msvcp140.dll
0x00007ff99d950000 - 0x00007ff99e4da000 	C:\Program Files\Microsoft\jdk-11.0.16.101-hotspot\bin\server\jvm.dll
0x00007ffa0c890000 - 0x00007ffa0c93e000 	C:\WINDOWS\System32\ADVAPI32.dll
0x00007ffa0ce00000 - 0x00007ffa0cea4000 	C:\WINDOWS\System32\sechost.dll
0x00007ffa0cbb0000 - 0x00007ffa0ccc5000 	C:\WINDOWS\System32\RPCRT4.dll
0x00007ffa0cba0000 - 0x00007ffa0cba8000 	C:\WINDOWS\System32\PSAPI.DLL
0x00007ffa00b80000 - 0x00007ffa00b8a000 	C:\WINDOWS\SYSTEM32\VERSION.dll
0x00007ff9e8520000 - 0x00007ff9e8529000 	C:\WINDOWS\SYSTEM32\WSOCK32.dll
0x00007ffa03c70000 - 0x00007ffa03ca4000 	C:\WINDOWS\SYSTEM32\WINMM.dll
0x00007ffa0cec0000 - 0x00007ffa0cf31000 	C:\WINDOWS\System32\WS2_32.dll
0x00007ffa0a430000 - 0x00007ffa0a448000 	C:\WINDOWS\SYSTEM32\kernel.appcore.dll
0x00007ff9eb120000 - 0x00007ff9eb130000 	C:\Program Files\Microsoft\jdk-11.0.16.101-hotspot\bin\verify.dll
0x00007ffa08970000 - 0x00007ffa08b9e000 	C:\WINDOWS\SYSTEM32\DBGHELP.DLL
0x00007ffa0d1b0000 - 0x00007ffa0d539000 	C:\WINDOWS\System32\combase.dll
0x00007ffa0bf50000 - 0x00007ffa0c027000 	C:\WINDOWS\System32\OLEAUT32.dll
0x00007ff9e4aa0000 - 0x00007ff9e4ad2000 	C:\WINDOWS\SYSTEM32\dbgcore.DLL
0x00007ffa0bbf0000 - 0x00007ffa0bc6b000 	C:\WINDOWS\System32\bcryptPrimitives.dll
0x00007ff9ea3e0000 - 0x00007ff9ea408000 	C:\Program Files\Microsoft\jdk-11.0.16.101-hotspot\bin\java.dll
0x00007ff9ea480000 - 0x00007ff9ea48a000 	C:\Program Files\Microsoft\jdk-11.0.16.101-hotspot\bin\jimage.dll
0x00007ff9ea370000 - 0x00007ff9ea388000 	C:\Program Files\Microsoft\jdk-11.0.16.101-hotspot\bin\zip.dll
0x00007ffa0d540000 - 0x00007ffa0dd30000 	C:\WINDOWS\System32\SHELL32.dll
0x00007ffa093d0000 - 0x00007ffa09c9e000 	C:\WINDOWS\SYSTEM32\windows.storage.dll
0x00007ffa09290000 - 0x00007ffa093ce000 	C:\WINDOWS\SYSTEM32\wintypes.dll
0x00007ffa0caa0000 - 0x00007ffa0cb91000 	C:\WINDOWS\System32\SHCORE.dll
0x00007ffa0cda0000 - 0x00007ffa0cdfe000 	C:\WINDOWS\System32\shlwapi.dll
0x00007ffa0b340000 - 0x00007ffa0b361000 	C:\WINDOWS\SYSTEM32\profapi.dll
0x00007ff9dd570000 - 0x00007ff9dd589000 	C:\Program Files\Microsoft\jdk-11.0.16.101-hotspot\bin\net.dll
0x00007ffa05360000 - 0x00007ffa0548f000 	C:\WINDOWS\SYSTEM32\WINHTTP.dll
0x00007ffa0a910000 - 0x00007ffa0a979000 	C:\WINDOWS\system32\mswsock.dll
0x00007ff9d4ad0000 - 0x00007ff9d4ae3000 	C:\Program Files\Microsoft\jdk-11.0.16.101-hotspot\bin\nio.dll

dbghelp: loaded successfully - version: 4.0.5 - missing functions: none
symbol engine: initialized successfully - sym options: 0x614 - pdb path: .;C:\Program Files\Microsoft\jdk-11.0.16.101-hotspot\bin;C:\WINDOWS\SYSTEM32;C:\WINDOWS\WinSxS\amd64_microsoft.windows.common-controls_6595b64144ccf1df_6.0.22621.608_none_a9444ca7c10bb01d;C:\Program Files\Microsoft\jdk-11.0.16.101-hotspot\bin\server

VM Arguments:
jvm_args: -Dapplication.home=C:\Program Files\Microsoft\jdk-11.0.16.101-hotspot --add-modules=ALL-DEFAULT -Xms8m -Dfile.encoding=UTF8 -Djdk.module.main=jdk.compiler 
java_command: jdk.compiler/com.sun.tools.javac.Main @C:\Users\activ\AppData\Local\Temp\tmp3814.tmp -target 1.8 -source 1.8
java_class_path (initial): <not set>
Launcher Type: SUN_STANDARD

[Global flags]
     intx CICompilerCount                          = 4                                         {product} {ergonomic}
     uint ConcGCThreads                            = 2                                         {product} {ergonomic}
     uint G1ConcRefinementThreads                  = 8                                         {product} {ergonomic}
   size_t G1HeapRegionSize                         = 1048576                                   {product} {ergonomic}
    uintx GCDrainStackTargetSize                   = 64                                        {product} {ergonomic}
   size_t InitialHeapSize                          = 8388608                                   {product} {command line}
   size_t MarkStackSize                            = 4194304                                   {product} {ergonomic}
   size_t MaxHeapSize                              = 2082471936                                {product} {ergonomic}
   size_t MaxNewSize                               = 1248854016                                {product} {ergonomic}
   size_t MinHeapDeltaBytes                        = 1048576                                   {product} {ergonomic}
    uintx NonNMethodCodeHeapSize                   = 5836300                                {pd product} {ergonomic}
    uintx NonProfiledCodeHeapSize                  = 122910970                              {pd product} {ergonomic}
    uintx ProfiledCodeHeapSize                     = 122910970                              {pd product} {ergonomic}
    uintx ReservedCodeCacheSize                    = 251658240                              {pd product} {ergonomic}
     bool SegmentedCodeCache                       = true                                      {product} {ergonomic}
     bool UseCompressedClassPointers               = true                                 {lp64_product} {ergonomic}
     bool UseCompressedOops                        = true                                 {lp64_product} {ergonomic}
     bool UseG1GC                                  = true                                      {product} {ergonomic}
     bool UseLargePagesIndividualAllocation        = false                                  {pd product} {ergonomic}

Logging:
Log output configuration:
 #0: stdout all=warning uptime,level,tags
 #1: stderr all=off uptime,level,tags

Environment Variables:
PATH=C:\Program Files\Microsoft\jdk-11.0.16.101-hotspot\bin;C:\WINDOWS\system32;C:\WINDOWS;C:\WINDOWS\System32\Wbem;C:\WINDOWS\System32\WindowsPowerShell\v1.0\;C:\WINDOWS\System32\OpenSSH\;C:\Program Files\Microsoft SQL Server\150\Tools\Binn\;C:\Program Files\Microsoft SQL Server\Client SDK\ODBC\170\Tools\Binn\;C:\Program Files (x86)\Microsoft SQL Server\160\Tools\Binn\;C:\Program Files\Microsoft SQL Server\160\Tools\Binn\;C:\Program Files\Microsoft SQL Server\160\DTS\Binn\;C:\Program Files (x86)\Microsoft SQL Server\160\DTS\Binn\;C:\Program Files\Azure Data Studio\bin;C:\Program Files\Git\cmd;C:\Program Files\nodejs\;C:\Program Files\dotnet\;C:\Users\activ\AppData\Local\Microsoft\WindowsApps;C:\Users\activ\.dotnet\tools;C:\Program Files\Azure Data Studio\bin;C:\Users\activ\AppData\Roaming\npm;C:\Users\activ\AppData\Local\Programs\Microsoft VS Code\bin;C:\Users\activ\.dotnet\tools;C:\PROGRAM FILES\MICROSOFT VISUAL STUDIO\2022\COMMUNITY\COMMON7\IDE\EXTENSIONS\XAMARIN.VISUALSTUDIO
USERNAME=activ
OS=Windows_NT
PROCESSOR_IDENTIFIER=Intel64 Family 6 Model 140 Stepping 2, GenuineIntel
TMP=C:\Users\activ\AppData\Local\Temp
TEMP=C:\Users\activ\AppData\Local\Temp



---------------  S Y S T E M  ---------------

OS: Windows 11 , 64 bit Build 22621 (10.0.22621.1344)
OS uptime: 1 days 23:01 hours
Hyper-V role detected

CPU:total 8 (initial active 8) (4 cores per cpu, 2 threads per core) family 6 model 140 stepping 2 microcode 0x16, cmov, cx8, fxsr, mmx, sse, sse2, sse3, ssse3, sse4.1, sse4.2, popcnt, avx, avx2, aes, clmul, erms, 3dnowpref, lzcnt, ht, tsc, tscinvbit, bmi1, bmi2, adx, evex, sha, fma

Memory: 4k page, system-wide physical 7941M (475M free)
TotalPageFile size 32517M (AvailPageFile size 46M)
current process WorkingSet (physical memory assigned to process): 232M, peak: 235M
current process commit charge ("private bytes"): 312M, peak: 488M

vm_info: OpenJDK 64-Bit Server VM (11.0.16.1+1-LTS) for windows-amd64 JRE (11.0.16.1+1-LTS), built on Aug 20 2022 20:09:04 by "" with MS VC++ 15.9 (VS2017)

END.
