#
# There is insufficient memory for the Java Runtime Environment to continue.
# Native memory allocation (mmap) failed to map 265289728 bytes for Failed to commit area from 0x0000000095c00000 to 0x00000000a5900000 of length 265289728.
# Possible reasons:
#   The system is out of physical RAM or swap space
#   The process is running with CompressedOops enabled, and the Java Heap may be blocking the growth of the native heap
# Possible solutions:
#   Reduce memory load on the system
#   Increase physical memory or swap space
#   Check if swap backing store is full
#   Decrease Java heap size (-Xmx/-Xms)
#   Decrease number of Java threads
#   Decrease Java thread stack sizes (-Xss)
#   Set larger code cache with -XX:ReservedCodeCacheSize=
#   JVM is running with Unscaled Compressed Oops mode in which the Java heap is
#     placed in the first 4GB address space. The Java Heap base address is the
#     maximum limit for the native heap growth. Please use -XX:HeapBaseMinAddress
#     to set the Java Heap base and to place the Java Heap above 4GB virtual address.
# This output file may be truncated or incomplete.
#
#  Out of Memory Error (./src/hotspot/os/windows/os_windows.cpp:3386), pid=22984, tid=24744
#
# JRE version: OpenJDK Runtime Environment Microsoft-40648 (11.0.16.1+1) (build 11.0.16.1+1-LTS)
# Java VM: OpenJDK 64-Bit Server VM Microsoft-40648 (11.0.16.1+1-LTS, mixed mode, tiered, compressed oops, g1 gc, windows-amd64)
# No core dump will be written. Minidumps are not enabled by default on client versions of Windows
#

---------------  S U M M A R Y ------------

Command Line: -Dapplication.home=C:\Program Files\Microsoft\jdk-11.0.16.101-hotspot --add-modules=ALL-DEFAULT -Xms8m -Dfile.encoding=UTF8 -Djdk.module.main=jdk.compiler jdk.compiler/com.sun.tools.javac.Main @C:\Users\activ\AppData\Local\Temp\tmp6F5.tmp -target 1.8 -source 1.8

Host: 11th Gen Intel(R) Core(TM) i5-1155G7 @ 2.50GHz, 8 cores, 7G,  Windows 11 , 64 bit Build 22621 (10.0.22621.1344)
Time: Wed Apr 12 20:02:43 2023 Paris, Madrid (heure duild 22621 (10.0.22621.1344) elapsed time: 13.784459 seconds (0d 0h 0m 13s)

---------------  T H R E A D  ---------------

Current thread (0x000002197b74b800):  VMThread "VM Thread" [stack: 0x0000009188300000,0x0000009188400000] [id=24744]

Stack: [0x0000009188300000,0x0000009188400000]
[error occurred during error reporting (printing stack bounds), id 0xc0000005, EXCEPTION_ACCESS_VIOLATION (0xc0000005) at pc=0x00000219000012e7]

Native frames: (J=compiled Java code, j=interpreted, Vv=VM code, C=native code)
V  [jvm.dll+0x62652a]
V  [jvm.dll+0x7b3249]
V  [jvm.dll+0x7b4938]
V  [jvm.dll+0x7b4f75]
V  [jvm.dll+0x7b4f2b]
V  [jvm.dll+0x6258b7]
V  [jvm.dll+0x625fc8]
C  [ntdll.dll+0xa3cff]
C  [ntdll.dll+0x1e456]
C  [ntdll.dll+0xa2cee]
C  0x00000219000012e7

VM_Operation (0x0000009187dfd010): G1CollectForAllocation, mode: safepoint, requested by thread 0x0000021968fbc000


---------------  P R O C E S S  ---------------

Threads class SMR info:
_java_thread_list=0x000002197b9d2050, length=12, elements={
0x0000021968fbc000, 0x000002197b74d000, 0x000002197b775800, 0x000002197b78e000,
0x000002197b78f000, 0x000002197b790800, 0x000002197b795800, 0x000002197b7df800,
0x000002197b7eb800, 0x000002197baaa000, 0x000002197bb7c800, 0x000002197cbe0800
}

Java Threads: ( => current thread )
  0x0000021968fbc000 JavaThread "main" [_thread_blocked, id=24268, stack(0x0000009187d00000,0x0000009187e00000)]
  0x000002197b74d000 JavaThread "Reference Handler" daemon [_thread_blocked, id=10604, stack(0x0000009188400000,0x0000009188500000)]
  0x000002197b775800 JavaThread "Finalizer" daemon [_thread_blocked, id=14504, stack(0x0000009188500000,0x0000009188600000)]
  0x000002197b78e000 JavaThread "Signal Dispatcher" daemon [_thread_blocked, id=27048, stack(0x0000009188600000,0x0000009188700000)]
  0x000002197b78f000 JavaThread "Attach Listener" daemon [_thread_blocked, id=22048, stack(0x0000009188700000,0x0000009188800000)]
  0x000002197b790800 JavaThread "Service Thread" daemon [_thread_blocked, id=22852, stack(0x0000009188800000,0x0000009188900000)]
  0x000002197b795800 JavaThread "C2 CompilerThread0" daemon [_thread_blocked, id=18544, stack(0x0000009188900000,0x0000009188a00000)]
  0x000002197b7df800 JavaThread "C1 CompilerThread0" daemon [_thread_blocked, id=8984, stack(0x0000009188a00000,0x0000009188b00000)]
  0x000002197b7eb800 JavaThread "Sweeper thread" daemon [_thread_blocked, id=18704, stack(0x0000009188b00000,0x0000009188c00000)]
  0x000002197baaa000 JavaThread "Common-Cleaner" daemon [_thread_blocked, id=20736, stack(0x0000009188c00000,0x0000009188d00000)]
  0x000002197bb7c800 JavaThread "C2 CompilerThread1" daemon [_thread_in_native, id=23188, stack(0x0000009188d00000,0x0000009188e00000)]
  0x000002197cbe0800 JavaThread "C2 CompilerThread2" daemon [_thread_in_native, id=3068, stack(0x0000009189000000,0x0000009189100000)]

Other Threads:
=>0x000002197b74b800 VMThread "VM Thread" [stack: 0x0000009188300000,0x0000009188400000] [id=24744]
  0x000002197bbaf000 WatcherThread [stack: 0x0000009188e00000,0x0000009188f00000] [id=25228]
  0x000002196b131800 GCTaskThread "GC Thread#0" [stack: 0x0000009187e00000,0x0000009187f00000] [id=4652]
  0x000002197bd98800 GCTaskThread "GC Thread#1" [stack: 0x0000009188f00000,0x0000009189000000] [id=16888]
  0x000002197e8b0800 GCTaskThread "GC Thread#2" [stack: 0x0000009189700000,0x0000009189800000] [id=12404]
  0x000002197e118800 GCTaskThread "GC Thread#3" [stack: 0x0000009189800000,0x0000009189900000] [id=8156]
  0x000002197e11a000 GCTaskThread "GC Thread#4" [stack: 0x0000009189900000,0x0000009189a00000] [id=19416]
  0x000002190f5cd000 GCTaskThread "GC Thread#5" [stack: 0x0000009189a00000,0x0000009189b00000] [id=14044]
  0x000002196b162000 ConcurrentGCThread "G1 Main Marker" [stack: 0x0000009187f00000,0x0000009188000000] [id=30624]
  0x000002196b165000 ConcurrentGCThread "G1 Conc#0" [stack: 0x0000009188000000,0x0000009188100000] [id=15300]
  0x000002197ce40000 ConcurrentGCThread "G1 Conc#1" [stack: 0x0000009189100000,0x0000009189200000] [id=26784]
  0x000002196b196800 ConcurrentGCThread "G1 Refine#0" [stack: 0x0000009188100000,0x0000009188200000] [id=18304]
  0x000002197de96000 ConcurrentGCThread "G1 Refine#1" [stack: 0x0000009189200000,0x0000009189300000] [id=3112]
  0x000002197ece2800 ConcurrentGCThread "G1 Refine#2" [stack: 0x0000009189300000,0x0000009189400000] [id=1840]
  0x000002197c338800 ConcurrentGCThread "G1 Refine#3" [stack: 0x0000009189400000,0x0000009189500000] [id=22980]
  0x000002190f7e1800 ConcurrentGCThread "G1 Refine#4" [stack: 0x0000009189500000,0x0000009189600000] [id=18088]
  0x000002197ebf3800 ConcurrentGCThread "G1 Refine#5" [stack: 0x0000009189600000,0x0000009189700000] [id=4944]
  0x000002197d578800 ConcurrentGCThread "G1 Refine#6" [stack: 0x0000009189b00000,0x0000009189c00000] [id=20644]
  0x000002196b199800 ConcurrentGCThread "G1 Young RemSet Sampling" [stack: 0x0000009188200000,0x0000009188300000] [id=32380]

Threads with active compile tasks:
C2 CompilerThread0    13822 4824       4       java.net.URI$Parser::scan (41 bytes)
C2 CompilerThread1    13822 4764       4       com.sun.tools.javac.comp.Resolve::findVar (545 bytes)
C2 CompilerThread2    13822 4802       4       com.sun.tools.javac.comp.Check::checkType (168 bytes)

VM state:at safepoint (normal execution)

VM Mutex/Monitor currently owned by a thread:  ([mutex/lock_event])
[0x000002196b118ec0] Threads_lock - owner thread: 0x000002197b74b800
[0x000002196b119970] Heap_lock - owner thread: 0x0000021968fbc000

Heap address: 0x0000000083e00000, size: 1986 MB, Compressed Oops mode: 32-bit
Narrow klass base: 0x0000000000000000, Narrow klass shift: 3
Compressed class space size: 1073741824 Address: 0x0000000100000000

Heap:
 garbage-first heap   total 551936K, used 91757K [0x0000000083e00000, 0x0000000100000000)
  region size 1024K, 14 young (14336K), 14 survivors (14336K)
 Metaspace       used 18534K, capacity 18822K, committed 18944K, reserved 1067008K
  class space    used 1670K, capacity 1791K, committed 1792K, reserved 1048576K
Heap Regions: E=young(eden), S=young(survivor), O=old, HS=humongous(starts), HC=humongous(continues), CS=collection set, F=free, A=archive, TAMS=top-at-mark-start (previous, next)
|   0|0x0000000083e00000, 0x0000000083f00000, 0x0000000083f00000|100%| O|  |TAMS 0x0000000083f00000, 0x0000000083e00000| Untracked 
|   1|0x0000000083f00000, 0x0000000084000000, 0x0000000084000000|100%| O|  |TAMS 0x0000000084000000, 0x0000000083f00000| Untracked 
|   2|0x0000000084000000, 0x0000000084100000, 0x0000000084100000|100%| O|  |TAMS 0x0000000084100000, 0x0000000084000000| Untracked 
|   3|0x0000000084100000, 0x0000000084200000, 0x0000000084200000|100%| O|  |TAMS 0x0000000084200000, 0x0000000084100000| Untracked 
|   4|0x0000000084200000, 0x0000000084300000, 0x0000000084300000|100%| O|  |TAMS 0x0000000084300000, 0x0000000084200000| Untracked 
|   5|0x0000000084300000, 0x0000000084400000, 0x0000000084400000|100%| O|  |TAMS 0x0000000084400000, 0x0000000084300000| Untracked 
|   6|0x0000000084400000, 0x0000000084500000, 0x0000000084500000|100%| O|  |TAMS 0x0000000084500000, 0x0000000084400000| Untracked 
|   7|0x0000000084500000, 0x0000000084600000, 0x0000000084600000|100%| O|  |TAMS 0x0000000084600000, 0x0000000084500000| Untracked 
|   8|0x0000000084600000, 0x0000000084700000, 0x0000000084700000|100%|HS|  |TAMS 0x0000000084700000, 0x0000000084600000| Complete 
|   9|0x0000000084700000, 0x0000000084800000, 0x0000000084800000|100%|HS|  |TAMS 0x0000000084800000, 0x0000000084700000| Complete 
|  10|0x0000000084800000, 0x0000000084900000, 0x0000000084900000|100%| O|  |TAMS 0x0000000084900000, 0x0000000084800000| Untracked 
|  11|0x0000000084900000, 0x0000000084a00000, 0x0000000084a00000|100%|HS|  |TAMS 0x0000000084a00000, 0x0000000084900000| Complete 
|  12|0x0000000084a00000, 0x0000000084b00000, 0x0000000084b00000|100%|HC|  |TAMS 0x0000000084b00000, 0x0000000084a00000| Complete 
|  13|0x0000000084b00000, 0x0000000084c00000, 0x0000000084c00000|100%|HC|  |TAMS 0x0000000084c00000, 0x0000000084b00000| Complete 
|  14|0x0000000084c00000, 0x0000000084d00000, 0x0000000084d00000|100%|HS|  |TAMS 0x0000000084d00000, 0x0000000084c00000| Complete 
|  15|0x0000000084d00000, 0x0000000084e00000, 0x0000000084e00000|100%|HC|  |TAMS 0x0000000084e00000, 0x0000000084d00000| Complete 
|  16|0x0000000084e00000, 0x0000000084f00000, 0x0000000084f00000|100%|HC|  |TAMS 0x0000000084f00000, 0x0000000084e00000| Complete 
|  17|0x0000000084f00000, 0x0000000085000000, 0x0000000085000000|100%|HC|  |TAMS 0x0000000085000000, 0x0000000084f00000| Complete 
|  18|0x0000000085000000, 0x0000000085100000, 0x0000000085100000|100%|HC|  |TAMS 0x0000000085100000, 0x0000000085000000| Complete 
|  19|0x0000000085100000, 0x0000000085200000, 0x0000000085200000|100%| O|  |TAMS 0x0000000085200000, 0x0000000085100000| Untracked 
|  20|0x0000000085200000, 0x0000000085300000, 0x0000000085300000|100%| O|  |TAMS 0x0000000085300000, 0x0000000085200000| Untracked 
|  21|0x0000000085300000, 0x0000000085400000, 0x0000000085400000|100%| O|  |TAMS 0x0000000085400000, 0x0000000085300000| Untracked 
|  22|0x0000000085400000, 0x0000000085500000, 0x0000000085500000|100%| O|  |TAMS 0x0000000085500000, 0x0000000085400000| Untracked 
|  23|0x0000000085500000, 0x0000000085600000, 0x0000000085600000|100%| O|  |TAMS 0x0000000085600000, 0x0000000085500000| Untracked 
|  24|0x0000000085600000, 0x0000000085700000, 0x0000000085700000|100%|HS|  |TAMS 0x0000000085700000, 0x0000000085600000| Complete 
|  25|0x0000000085700000, 0x0000000085800000, 0x0000000085800000|100%|HC|  |TAMS 0x0000000085800000, 0x0000000085700000| Complete 
|  26|0x0000000085800000, 0x0000000085900000, 0x0000000085900000|100%| O|  |TAMS 0x0000000085900000, 0x0000000085800000| Untracked 
|  27|0x0000000085900000, 0x0000000085a00000, 0x0000000085a00000|100%| O|  |TAMS 0x0000000085a00000, 0x0000000085900000| Untracked 
|  28|0x0000000085a00000, 0x0000000085b00000, 0x0000000085b00000|100%| O|  |TAMS 0x0000000085b00000, 0x0000000085a00000| Untracked 
|  29|0x0000000085b00000, 0x0000000085c00000, 0x0000000085c00000|100%| O|  |TAMS 0x0000000085c00000, 0x0000000085b00000| Untracked 
|  30|0x0000000085c00000, 0x0000000085d00000, 0x0000000085d00000|100%| O|  |TAMS 0x0000000085d00000, 0x0000000085c00000| Untracked 
|  31|0x0000000085d00000, 0x0000000085e00000, 0x0000000085e00000|100%| O|  |TAMS 0x0000000085e00000, 0x0000000085d00000| Untracked 
|  32|0x0000000085e00000, 0x0000000085f00000, 0x0000000085f00000|100%| O|  |TAMS 0x0000000085f00000, 0x0000000085e00000| Untracked 
|  33|0x0000000085f00000, 0x0000000086000000, 0x0000000086000000|100%| O|  |TAMS 0x0000000086000000, 0x0000000085f00000| Untracked 
|  34|0x0000000086000000, 0x0000000086100000, 0x0000000086100000|100%| O|  |TAMS 0x0000000086100000, 0x0000000086000000| Untracked 
|  35|0x0000000086100000, 0x0000000086200000, 0x0000000086200000|100%| O|  |TAMS 0x0000000086200000, 0x0000000086100000| Untracked 
|  36|0x0000000086200000, 0x0000000086300000, 0x0000000086300000|100%| O|  |TAMS 0x0000000086300000, 0x0000000086200000| Untracked 
|  37|0x0000000086300000, 0x0000000086400000, 0x0000000086400000|100%| O|  |TAMS 0x0000000086400000, 0x0000000086300000| Untracked 
|  38|0x0000000086400000, 0x0000000086500000, 0x0000000086500000|100%| O|  |TAMS 0x0000000086500000, 0x0000000086400000| Untracked 
|  39|0x0000000086500000, 0x0000000086600000, 0x0000000086600000|100%| O|  |TAMS 0x0000000086600000, 0x0000000086500000| Untracked 
|  40|0x0000000086600000, 0x0000000086700000, 0x0000000086700000|100%| O|  |TAMS 0x0000000086700000, 0x0000000086600000| Untracked 
|  41|0x0000000086700000, 0x0000000086800000, 0x0000000086800000|100%| O|  |TAMS 0x0000000086800000, 0x0000000086700000| Untracked 
|  42|0x0000000086800000, 0x0000000086800000, 0x0000000086900000|  0%| F|  |TAMS 0x0000000086800000, 0x0000000086800000| Untracked 
|  43|0x0000000086900000, 0x0000000086900000, 0x0000000086a00000|  0%| F|  |TAMS 0x0000000086900000, 0x0000000086900000| Untracked 
|  44|0x0000000086a00000, 0x0000000086b00000, 0x0000000086b00000|100%| O|  |TAMS 0x0000000086b00000, 0x0000000086a00000| Untracked 
|  45|0x0000000086b00000, 0x0000000086c00000, 0x0000000086c00000|100%| O|  |TAMS 0x0000000086c00000, 0x0000000086b00000| Untracked 
|  46|0x0000000086c00000, 0x0000000086d00000, 0x0000000086d00000|100%| O|  |TAMS 0x0000000086d00000, 0x0000000086c00000| Untracked 
|  47|0x0000000086d00000, 0x0000000086e00000, 0x0000000086e00000|100%| O|  |TAMS 0x0000000086e00000, 0x0000000086d00000| Untracked 
|  48|0x0000000086e00000, 0x0000000086f00000, 0x0000000086f00000|100%| O|  |TAMS 0x0000000086f00000, 0x0000000086e00000| Untracked 
|  49|0x0000000086f00000, 0x0000000087000000, 0x0000000087000000|100%| O|  |TAMS 0x0000000087000000, 0x0000000086f00000| Untracked 
|  50|0x0000000087000000, 0x0000000087100000, 0x0000000087100000|100%| O|  |TAMS 0x0000000087100000, 0x0000000087000000| Untracked 
|  51|0x0000000087100000, 0x0000000087200000, 0x0000000087200000|100%| O|  |TAMS 0x0000000087200000, 0x0000000087100000| Untracked 
|  52|0x0000000087200000, 0x0000000087300000, 0x0000000087300000|100%| O|  |TAMS 0x0000000087300000, 0x0000000087200000| Untracked 
|  53|0x0000000087300000, 0x0000000087400000, 0x0000000087400000|100%| O|  |TAMS 0x0000000087400000, 0x0000000087300000| Untracked 
|  54|0x0000000087400000, 0x0000000087500000, 0x0000000087500000|100%| O|  |TAMS 0x0000000087500000, 0x0000000087400000| Untracked 
|  55|0x0000000087500000, 0x0000000087600000, 0x0000000087600000|100%| O|  |TAMS 0x0000000087600000, 0x0000000087500000| Untracked 
|  56|0x0000000087600000, 0x0000000087700000, 0x0000000087700000|100%| O|  |TAMS 0x0000000087700000, 0x0000000087600000| Untracked 
|  57|0x0000000087700000, 0x0000000087800000, 0x0000000087800000|100%| O|  |TAMS 0x0000000087800000, 0x0000000087700000| Untracked 
|  58|0x0000000087800000, 0x0000000087900000, 0x0000000087900000|100%| O|  |TAMS 0x0000000087900000, 0x0000000087800000| Untracked 
|  59|0x0000000087900000, 0x0000000087a00000, 0x0000000087a00000|100%| O|  |TAMS 0x0000000087a00000, 0x0000000087900000| Untracked 
|  60|0x0000000087a00000, 0x0000000087b00000, 0x0000000087b00000|100%| O|  |TAMS 0x0000000087b00000, 0x0000000087a00000| Untracked 
|  61|0x0000000087b00000, 0x0000000087c00000, 0x0000000087c00000|100%| O|  |TAMS 0x0000000087c00000, 0x0000000087b00000| Untracked 
|  62|0x0000000087c00000, 0x0000000087d00000, 0x0000000087d00000|100%| O|  |TAMS 0x0000000087d00000, 0x0000000087c00000| Untracked 
|  63|0x0000000087d00000, 0x0000000087e00000, 0x0000000087e00000|100%| O|  |TAMS 0x0000000087d00000, 0x0000000087d00000| Untracked 
|  64|0x0000000087e00000, 0x0000000087f00000, 0x0000000087f00000|100%| O|  |TAMS 0x0000000087e00000, 0x0000000087e00000| Untracked 
|  65|0x0000000087f00000, 0x0000000088000000, 0x0000000088000000|100%| O|  |TAMS 0x0000000087f00000, 0x0000000087f00000| Untracked 
|  66|0x0000000088000000, 0x0000000088100000, 0x0000000088100000|100%| O|  |TAMS 0x0000000088000000, 0x0000000088000000| Untracked 
|  67|0x0000000088100000, 0x0000000088200000, 0x0000000088200000|100%| O|  |TAMS 0x0000000088100000, 0x0000000088100000| Untracked 
|  68|0x0000000088200000, 0x0000000088300000, 0x0000000088300000|100%| O|  |TAMS 0x0000000088200000, 0x0000000088200000| Untracked 
|  69|0x0000000088300000, 0x0000000088400000, 0x0000000088400000|100%| O|  |TAMS 0x0000000088300000, 0x0000000088300000| Untracked 
|  70|0x0000000088400000, 0x0000000088500000, 0x0000000088500000|100%| O|  |TAMS 0x0000000088400000, 0x0000000088400000| Untracked 
|  71|0x0000000088500000, 0x0000000088600000, 0x0000000088600000|100%| O|  |TAMS 0x0000000088500000, 0x0000000088500000| Untracked 
|  72|0x0000000088600000, 0x0000000088700000, 0x0000000088700000|100%| O|  |TAMS 0x0000000088600000, 0x0000000088600000| Untracked 
|  73|0x0000000088700000, 0x0000000088800000, 0x0000000088800000|100%| O|  |TAMS 0x0000000088700000, 0x0000000088700000| Untracked 
|  74|0x0000000088800000, 0x000000008889b400, 0x0000000088900000| 60%| O|  |TAMS 0x0000000088800000, 0x0000000088800000| Untracked 
|  75|0x0000000088900000, 0x0000000088a00000, 0x0000000088a00000|100%|HS|  |TAMS 0x0000000088900000, 0x0000000088900000| Complete 
|  76|0x0000000088a00000, 0x0000000088b00000, 0x0000000088b00000|100%|HC|  |TAMS 0x0000000088a00000, 0x0000000088a00000| Complete 
|  77|0x0000000088b00000, 0x0000000088c00000, 0x0000000088c00000|100%|HC|  |TAMS 0x0000000088b00000, 0x0000000088b00000| Complete 
|  78|0x0000000088c00000, 0x0000000088c00000, 0x0000000088d00000|  0%| F|  |TAMS 0x0000000088c00000, 0x0000000088c00000| Untracked 
|  79|0x0000000088d00000, 0x0000000088d00000, 0x0000000088e00000|  0%| F|  |TAMS 0x0000000088d00000, 0x0000000088d00000| Untracked 
|  80|0x0000000088e00000, 0x0000000088e00000, 0x0000000088f00000|  0%| F|  |TAMS 0x0000000088e00000, 0x0000000088e00000| Untracked 
|  81|0x0000000088f00000, 0x0000000088f00000, 0x0000000089000000|  0%| F|  |TAMS 0x0000000088f00000, 0x0000000088f00000| Untracked 
|  82|0x0000000089000000, 0x0000000089000000, 0x0000000089100000|  0%| F|  |TAMS 0x0000000089000000, 0x0000000089000000| Untracked 
|  83|0x0000000089100000, 0x0000000089100000, 0x0000000089200000|  0%| F|  |TAMS 0x0000000089100000, 0x0000000089100000| Untracked 
|  84|0x0000000089200000, 0x0000000089200000, 0x0000000089300000|  0%| F|  |TAMS 0x0000000089200000, 0x0000000089200000| Untracked 
|  85|0x0000000089300000, 0x0000000089300000, 0x0000000089400000|  0%| F|  |TAMS 0x0000000089300000, 0x0000000089300000| Untracked 
|  86|0x0000000089400000, 0x0000000089400000, 0x0000000089500000|  0%| F|  |TAMS 0x0000000089400000, 0x0000000089400000| Untracked 
|  87|0x0000000089500000, 0x0000000089500000, 0x0000000089600000|  0%| F|  |TAMS 0x0000000089500000, 0x0000000089500000| Untracked 
|  88|0x0000000089600000, 0x0000000089600000, 0x0000000089700000|  0%| F|  |TAMS 0x0000000089600000, 0x0000000089600000| Untracked 
|  89|0x0000000089700000, 0x0000000089700000, 0x0000000089800000|  0%| F|  |TAMS 0x0000000089700000, 0x0000000089700000| Untracked 
|  90|0x0000000089800000, 0x0000000089800000, 0x0000000089900000|  0%| F|  |TAMS 0x0000000089800000, 0x0000000089800000| Untracked 
|  91|0x0000000089900000, 0x0000000089900000, 0x0000000089a00000|  0%| F|  |TAMS 0x0000000089900000, 0x0000000089900000| Untracked 
|  92|0x0000000089a00000, 0x0000000089a00000, 0x0000000089b00000|  0%| F|  |TAMS 0x0000000089a00000, 0x0000000089a00000| Untracked 
|  93|0x0000000089b00000, 0x0000000089b00000, 0x0000000089c00000|  0%| F|  |TAMS 0x0000000089b00000, 0x0000000089b00000| Untracked 
|  94|0x0000000089c00000, 0x0000000089c00000, 0x0000000089d00000|  0%| F|  |TAMS 0x0000000089c00000, 0x0000000089c00000| Untracked 
|  95|0x0000000089d00000, 0x0000000089d00000, 0x0000000089e00000|  0%| F|  |TAMS 0x0000000089d00000, 0x0000000089d00000| Untracked 
|  96|0x0000000089e00000, 0x0000000089e00000, 0x0000000089f00000|  0%| F|  |TAMS 0x0000000089e00000, 0x0000000089e00000| Untracked 
|  97|0x0000000089f00000, 0x0000000089f00000, 0x000000008a000000|  0%| F|  |TAMS 0x0000000089f00000, 0x0000000089f00000| Untracked 
|  98|0x000000008a000000, 0x000000008a000000, 0x000000008a100000|  0%| F|  |TAMS 0x000000008a000000, 0x000000008a000000| Untracked 
|  99|0x000000008a100000, 0x000000008a100000, 0x000000008a200000|  0%| F|  |TAMS 0x000000008a100000, 0x000000008a100000| Untracked 
| 100|0x000000008a200000, 0x000000008a200000, 0x000000008a300000|  0%| F|  |TAMS 0x000000008a200000, 0x000000008a200000| Untracked 
| 101|0x000000008a300000, 0x000000008a300000, 0x000000008a400000|  0%| F|  |TAMS 0x000000008a300000, 0x000000008a300000| Untracked 
| 102|0x000000008a400000, 0x000000008a400000, 0x000000008a500000|  0%| F|  |TAMS 0x000000008a400000, 0x000000008a400000| Untracked 
| 103|0x000000008a500000, 0x000000008a500000, 0x000000008a600000|  0%| F|  |TAMS 0x000000008a500000, 0x000000008a500000| Untracked 
| 104|0x000000008a600000, 0x000000008a600000, 0x000000008a700000|  0%| F|  |TAMS 0x000000008a600000, 0x000000008a600000| Untracked 
| 105|0x000000008a700000, 0x000000008a700000, 0x000000008a800000|  0%| F|  |TAMS 0x000000008a700000, 0x000000008a700000| Untracked 
| 106|0x000000008a800000, 0x000000008a800000, 0x000000008a900000|  0%| F|  |TAMS 0x000000008a800000, 0x000000008a800000| Untracked 
| 107|0x000000008a900000, 0x000000008a900000, 0x000000008aa00000|  0%| F|  |TAMS 0x000000008a900000, 0x000000008a900000| Untracked 
| 108|0x000000008aa00000, 0x000000008aa00000, 0x000000008ab00000|  0%| F|  |TAMS 0x000000008aa00000, 0x000000008aa00000| Untracked 
| 109|0x000000008ab00000, 0x000000008ab00000, 0x000000008ac00000|  0%| F|  |TAMS 0x000000008ab00000, 0x000000008ab00000| Untracked 
| 110|0x000000008ac00000, 0x000000008ac00000, 0x000000008ad00000|  0%| F|  |TAMS 0x000000008ac00000, 0x000000008ac00000| Untracked 
| 111|0x000000008ad00000, 0x000000008ad00000, 0x000000008ae00000|  0%| F|  |TAMS 0x000000008ad00000, 0x000000008ad00000| Untracked 
| 112|0x000000008ae00000, 0x000000008ae00000, 0x000000008af00000|  0%| F|  |TAMS 0x000000008ae00000, 0x000000008ae00000| Untracked 
| 113|0x000000008af00000, 0x000000008af00000, 0x000000008b000000|  0%| F|  |TAMS 0x000000008af00000, 0x000000008af00000| Untracked 
| 114|0x000000008b000000, 0x000000008b000000, 0x000000008b100000|  0%| F|  |TAMS 0x000000008b000000, 0x000000008b000000| Untracked 
| 115|0x000000008b100000, 0x000000008b100000, 0x000000008b200000|  0%| F|  |TAMS 0x000000008b100000, 0x000000008b100000| Untracked 
| 116|0x000000008b200000, 0x000000008b200000, 0x000000008b300000|  0%| F|  |TAMS 0x000000008b200000, 0x000000008b200000| Untracked 
| 117|0x000000008b300000, 0x000000008b300000, 0x000000008b400000|  0%| F|  |TAMS 0x000000008b300000, 0x000000008b300000| Untracked 
| 118|0x000000008b400000, 0x000000008b400000, 0x000000008b500000|  0%| F|  |TAMS 0x000000008b400000, 0x000000008b400000| Untracked 
| 119|0x000000008b500000, 0x000000008b500000, 0x000000008b600000|  0%| F|  |TAMS 0x000000008b500000, 0x000000008b500000| Untracked 
| 120|0x000000008b600000, 0x000000008b600000, 0x000000008b700000|  0%| F|  |TAMS 0x000000008b600000, 0x000000008b600000| Untracked 
| 121|0x000000008b700000, 0x000000008b700000, 0x000000008b800000|  0%| F|  |TAMS 0x000000008b700000, 0x000000008b700000| Untracked 
| 122|0x000000008b800000, 0x000000008b800000, 0x000000008b900000|  0%| F|  |TAMS 0x000000008b800000, 0x000000008b800000| Untracked 
| 123|0x000000008b900000, 0x000000008b900000, 0x000000008ba00000|  0%| F|  |TAMS 0x000000008b900000, 0x000000008b900000| Untracked 
| 124|0x000000008ba00000, 0x000000008ba00000, 0x000000008bb00000|  0%| F|  |TAMS 0x000000008ba00000, 0x000000008ba00000| Untracked 
| 125|0x000000008bb00000, 0x000000008bb00000, 0x000000008bc00000|  0%| F|  |TAMS 0x000000008bb00000, 0x000000008bb00000| Untracked 
| 126|0x000000008bc00000, 0x000000008bc00000, 0x000000008bd00000|  0%| F|  |TAMS 0x000000008bc00000, 0x000000008bc00000| Untracked 
| 127|0x000000008bd00000, 0x000000008bd00000, 0x000000008be00000|  0%| F|  |TAMS 0x000000008bd00000, 0x000000008bd00000| Untracked 
| 128|0x000000008be00000, 0x000000008be00000, 0x000000008bf00000|  0%| F|  |TAMS 0x000000008be00000, 0x000000008be00000| Untracked 
| 129|0x000000008bf00000, 0x000000008bf00000, 0x000000008c000000|  0%| F|  |TAMS 0x000000008bf00000, 0x000000008bf00000| Untracked 
| 130|0x000000008c000000, 0x000000008c000000, 0x000000008c100000|  0%| F|  |TAMS 0x000000008c000000, 0x000000008c000000| Untracked 
| 131|0x000000008c100000, 0x000000008c100000, 0x000000008c200000|  0%| F|  |TAMS 0x000000008c100000, 0x000000008c100000| Untracked 
| 132|0x000000008c200000, 0x000000008c200000, 0x000000008c300000|  0%| F|  |TAMS 0x000000008c200000, 0x000000008c200000| Untracked 
| 133|0x000000008c300000, 0x000000008c300000, 0x000000008c400000|  0%| F|  |TAMS 0x000000008c300000, 0x000000008c300000| Untracked 
| 134|0x000000008c400000, 0x000000008c400000, 0x000000008c500000|  0%| F|  |TAMS 0x000000008c400000, 0x000000008c400000| Untracked 
| 135|0x000000008c500000, 0x000000008c500000, 0x000000008c600000|  0%| F|  |TAMS 0x000000008c500000, 0x000000008c500000| Untracked 
| 136|0x000000008c600000, 0x000000008c600000, 0x000000008c700000|  0%| F|  |TAMS 0x000000008c600000, 0x000000008c600000| Untracked 
| 137|0x000000008c700000, 0x000000008c700000, 0x000000008c800000|  0%| F|  |TAMS 0x000000008c700000, 0x000000008c700000| Untracked 
| 138|0x000000008c800000, 0x000000008c800000, 0x000000008c900000|  0%| F|  |TAMS 0x000000008c800000, 0x000000008c800000| Untracked 
| 139|0x000000008c900000, 0x000000008c900000, 0x000000008ca00000|  0%| F|  |TAMS 0x000000008c900000, 0x000000008c900000| Untracked 
| 140|0x000000008ca00000, 0x000000008ca00000, 0x000000008cb00000|  0%| F|  |TAMS 0x000000008ca00000, 0x000000008ca00000| Untracked 
| 141|0x000000008cb00000, 0x000000008cb00000, 0x000000008cc00000|  0%| F|  |TAMS 0x000000008cb00000, 0x000000008cb00000| Untracked 
| 142|0x000000008cc00000, 0x000000008cd00000, 0x000000008cd00000|100%| S|CS|TAMS 0x000000008cc00000, 0x000000008cc00000| Complete 
| 143|0x000000008cd00000, 0x000000008ce00000, 0x000000008ce00000|100%| S|CS|TAMS 0x000000008cd00000, 0x000000008cd00000| Complete 
| 144|0x000000008ce00000, 0x000000008cf00000, 0x000000008cf00000|100%| S|CS|TAMS 0x000000008ce00000, 0x000000008ce00000| Complete 
| 145|0x000000008cf00000, 0x000000008d000000, 0x000000008d000000|100%| S|CS|TAMS 0x000000008cf00000, 0x000000008cf00000| Complete 
| 146|0x000000008d000000, 0x000000008d100000, 0x000000008d100000|100%| S|CS|TAMS 0x000000008d000000, 0x000000008d000000| Complete 
| 147|0x000000008d100000, 0x000000008d200000, 0x000000008d200000|100%| S|CS|TAMS 0x000000008d100000, 0x000000008d100000| Complete 
| 148|0x000000008d200000, 0x000000008d300000, 0x000000008d300000|100%| S|CS|TAMS 0x000000008d200000, 0x000000008d200000| Complete 
| 149|0x000000008d300000, 0x000000008d400000, 0x000000008d400000|100%| S|CS|TAMS 0x000000008d300000, 0x000000008d300000| Complete 
| 150|0x000000008d400000, 0x000000008d500000, 0x000000008d500000|100%| S|CS|TAMS 0x000000008d400000, 0x000000008d400000| Complete 
| 151|0x000000008d500000, 0x000000008d600000, 0x000000008d600000|100%| S|CS|TAMS 0x000000008d500000, 0x000000008d500000| Complete 
| 152|0x000000008d600000, 0x000000008d700000, 0x000000008d700000|100%| S|CS|TAMS 0x000000008d600000, 0x000000008d600000| Complete 
| 153|0x000000008d700000, 0x000000008d800000, 0x000000008d800000|100%| S|CS|TAMS 0x000000008d700000, 0x000000008d700000| Complete 
| 154|0x000000008d800000, 0x000000008d900000, 0x000000008d900000|100%| S|CS|TAMS 0x000000008d800000, 0x000000008d800000| Complete 
| 155|0x000000008d900000, 0x000000008da00000, 0x000000008da00000|100%| S|CS|TAMS 0x000000008d900000, 0x000000008d900000| Complete 
| 156|0x000000008da00000, 0x000000008da00000, 0x000000008db00000|  0%| F|  |TAMS 0x000000008da00000, 0x000000008da00000| Untracked 
| 157|0x000000008db00000, 0x000000008db00000, 0x000000008dc00000|  0%| F|  |TAMS 0x000000008db00000, 0x000000008db00000| Untracked 
| 158|0x000000008dc00000, 0x000000008dc00000, 0x000000008dd00000|  0%| F|  |TAMS 0x000000008dc00000, 0x000000008dc00000| Untracked 
| 159|0x000000008dd00000, 0x000000008dd00000, 0x000000008de00000|  0%| F|  |TAMS 0x000000008dd00000, 0x000000008dd00000| Untracked 
| 160|0x000000008de00000, 0x000000008de00000, 0x000000008df00000|  0%| F|  |TAMS 0x000000008de00000, 0x000000008de00000| Untracked 
| 161|0x000000008df00000, 0x000000008df00000, 0x000000008e000000|  0%| F|  |TAMS 0x000000008df00000, 0x000000008df00000| Untracked 
| 162|0x000000008e000000, 0x000000008e000000, 0x000000008e100000|  0%| F|  |TAMS 0x000000008e000000, 0x000000008e000000| Untracked 
| 163|0x000000008e100000, 0x000000008e100000, 0x000000008e200000|  0%| F|  |TAMS 0x000000008e100000, 0x000000008e100000| Untracked 
| 164|0x000000008e200000, 0x000000008e200000, 0x000000008e300000|  0%| F|  |TAMS 0x000000008e200000, 0x000000008e200000| Untracked 
| 165|0x000000008e300000, 0x000000008e300000, 0x000000008e400000|  0%| F|  |TAMS 0x000000008e300000, 0x000000008e300000| Untracked 
| 166|0x000000008e400000, 0x000000008e400000, 0x000000008e500000|  0%| F|  |TAMS 0x000000008e400000, 0x000000008e400000| Untracked 
| 167|0x000000008e500000, 0x000000008e500000, 0x000000008e600000|  0%| F|  |TAMS 0x000000008e500000, 0x000000008e500000| Untracked 
| 168|0x000000008e600000, 0x000000008e600000, 0x000000008e700000|  0%| F|  |TAMS 0x000000008e600000, 0x000000008e600000| Untracked 
| 169|0x000000008e700000, 0x000000008e700000, 0x000000008e800000|  0%| F|  |TAMS 0x000000008e700000, 0x000000008e700000| Untracked 
| 170|0x000000008e800000, 0x000000008e800000, 0x000000008e900000|  0%| F|  |TAMS 0x000000008e800000, 0x000000008e800000| Untracked 
| 171|0x000000008e900000, 0x000000008e900000, 0x000000008ea00000|  0%| F|  |TAMS 0x000000008e900000, 0x000000008e900000| Untracked 
| 172|0x000000008ea00000, 0x000000008ea00000, 0x000000008eb00000|  0%| F|  |TAMS 0x000000008ea00000, 0x000000008ea00000| Untracked 
| 173|0x000000008eb00000, 0x000000008eb00000, 0x000000008ec00000|  0%| F|  |TAMS 0x000000008eb00000, 0x000000008eb00000| Untracked 
| 174|0x000000008ec00000, 0x000000008ec00000, 0x000000008ed00000|  0%| F|  |TAMS 0x000000008ec00000, 0x000000008ec00000| Untracked 
| 175|0x000000008ed00000, 0x000000008ed00000, 0x000000008ee00000|  0%| F|  |TAMS 0x000000008ed00000, 0x000000008ed00000| Untracked 
| 176|0x000000008ee00000, 0x000000008ee00000, 0x000000008ef00000|  0%| F|  |TAMS 0x000000008ee00000, 0x000000008ee00000| Untracked 
| 177|0x000000008ef00000, 0x000000008ef00000, 0x000000008f000000|  0%| F|  |TAMS 0x000000008ef00000, 0x000000008ef00000| Untracked 
| 178|0x000000008f000000, 0x000000008f000000, 0x000000008f100000|  0%| F|  |TAMS 0x000000008f000000, 0x000000008f000000| Untracked 
| 179|0x000000008f100000, 0x000000008f100000, 0x000000008f200000|  0%| F|  |TAMS 0x000000008f100000, 0x000000008f100000| Untracked 
| 180|0x000000008f200000, 0x000000008f200000, 0x000000008f300000|  0%| F|  |TAMS 0x000000008f200000, 0x000000008f200000| Untracked 
| 181|0x000000008f300000, 0x000000008f300000, 0x000000008f400000|  0%| F|  |TAMS 0x000000008f300000, 0x000000008f300000| Untracked 
| 182|0x000000008f400000, 0x000000008f400000, 0x000000008f500000|  0%| F|  |TAMS 0x000000008f400000, 0x000000008f400000| Untracked 
| 183|0x000000008f500000, 0x000000008f500000, 0x000000008f600000|  0%| F|  |TAMS 0x000000008f500000, 0x000000008f500000| Untracked 
| 184|0x000000008f600000, 0x000000008f600000, 0x000000008f700000|  0%| F|  |TAMS 0x000000008f600000, 0x000000008f600000| Untracked 
| 185|0x000000008f700000, 0x000000008f700000, 0x000000008f800000|  0%| F|  |TAMS 0x000000008f700000, 0x000000008f700000| Untracked 
| 186|0x000000008f800000, 0x000000008f800000, 0x000000008f900000|  0%| F|  |TAMS 0x000000008f800000, 0x000000008f800000| Untracked 
| 187|0x000000008f900000, 0x000000008f900000, 0x000000008fa00000|  0%| F|  |TAMS 0x000000008f900000, 0x000000008f900000| Untracked 
| 188|0x000000008fa00000, 0x000000008fa00000, 0x000000008fb00000|  0%| F|  |TAMS 0x000000008fa00000, 0x000000008fa00000| Untracked 
| 189|0x000000008fb00000, 0x000000008fb00000, 0x000000008fc00000|  0%| F|  |TAMS 0x000000008fb00000, 0x000000008fb00000| Untracked 
| 190|0x000000008fc00000, 0x000000008fc00000, 0x000000008fd00000|  0%| F|  |TAMS 0x000000008fc00000, 0x000000008fc00000| Untracked 
| 191|0x000000008fd00000, 0x000000008fd00000, 0x000000008fe00000|  0%| F|  |TAMS 0x000000008fd00000, 0x000000008fd00000| Untracked 
| 192|0x000000008fe00000, 0x000000008fe00000, 0x000000008ff00000|  0%| F|  |TAMS 0x000000008fe00000, 0x000000008fe00000| Untracked 
| 193|0x000000008ff00000, 0x000000008ff00000, 0x0000000090000000|  0%| F|  |TAMS 0x000000008ff00000, 0x000000008ff00000| Untracked 
| 194|0x0000000090000000, 0x0000000090000000, 0x0000000090100000|  0%| F|  |TAMS 0x0000000090000000, 0x0000000090000000| Untracked 
| 195|0x0000000090100000, 0x0000000090100000, 0x0000000090200000|  0%| F|  |TAMS 0x0000000090100000, 0x0000000090100000| Untracked 
| 196|0x0000000090200000, 0x0000000090200000, 0x0000000090300000|  0%| F|  |TAMS 0x0000000090200000, 0x0000000090200000| Untracked 
| 197|0x0000000090300000, 0x0000000090300000, 0x0000000090400000|  0%| F|  |TAMS 0x0000000090300000, 0x0000000090300000| Untracked 
| 198|0x0000000090400000, 0x0000000090400000, 0x0000000090500000|  0%| F|  |TAMS 0x0000000090400000, 0x0000000090400000| Untracked 
| 199|0x0000000090500000, 0x0000000090500000, 0x0000000090600000|  0%| F|  |TAMS 0x0000000090500000, 0x0000000090500000| Untracked 
| 200|0x0000000090600000, 0x0000000090600000, 0x0000000090700000|  0%| F|  |TAMS 0x0000000090600000, 0x0000000090600000| Untracked 
| 201|0x0000000090700000, 0x0000000090700000, 0x0000000090800000|  0%| F|  |TAMS 0x0000000090700000, 0x0000000090700000| Untracked 
| 202|0x0000000090800000, 0x0000000090800000, 0x0000000090900000|  0%| F|  |TAMS 0x0000000090800000, 0x0000000090800000| Untracked 
| 203|0x0000000090900000, 0x0000000090900000, 0x0000000090a00000|  0%| F|  |TAMS 0x0000000090900000, 0x0000000090900000| Untracked 
| 204|0x0000000090a00000, 0x0000000090a00000, 0x0000000090b00000|  0%| F|  |TAMS 0x0000000090a00000, 0x0000000090a00000| Untracked 
| 205|0x0000000090b00000, 0x0000000090b00000, 0x0000000090c00000|  0%| F|  |TAMS 0x0000000090b00000, 0x0000000090b00000| Untracked 
| 206|0x0000000090c00000, 0x0000000090c00000, 0x0000000090d00000|  0%| F|  |TAMS 0x0000000090c00000, 0x0000000090c00000| Untracked 
| 207|0x0000000090d00000, 0x0000000090d00000, 0x0000000090e00000|  0%| F|  |TAMS 0x0000000090d00000, 0x0000000090d00000| Untracked 
| 208|0x0000000090e00000, 0x0000000090e00000, 0x0000000090f00000|  0%| F|  |TAMS 0x0000000090e00000, 0x0000000090e00000| Untracked 
| 209|0x0000000090f00000, 0x0000000090f00000, 0x0000000091000000|  0%| F|  |TAMS 0x0000000090f00000, 0x0000000090f00000| Untracked 
| 210|0x0000000091000000, 0x0000000091000000, 0x0000000091100000|  0%| F|  |TAMS 0x0000000091000000, 0x0000000091000000| Untracked 
| 211|0x0000000091100000, 0x0000000091100000, 0x0000000091200000|  0%| F|  |TAMS 0x0000000091100000, 0x0000000091100000| Untracked 
| 212|0x0000000091200000, 0x0000000091200000, 0x0000000091300000|  0%| F|  |TAMS 0x0000000091200000, 0x0000000091200000| Untracked 
| 213|0x0000000091300000, 0x0000000091300000, 0x0000000091400000|  0%| F|  |TAMS 0x0000000091300000, 0x0000000091300000| Untracked 
| 214|0x0000000091400000, 0x0000000091400000, 0x0000000091500000|  0%| F|  |TAMS 0x0000000091400000, 0x0000000091400000| Untracked 
| 215|0x0000000091500000, 0x0000000091500000, 0x0000000091600000|  0%| F|  |TAMS 0x0000000091500000, 0x0000000091500000| Untracked 
| 216|0x0000000091600000, 0x0000000091600000, 0x0000000091700000|  0%| F|  |TAMS 0x0000000091600000, 0x0000000091600000| Untracked 
| 217|0x0000000091700000, 0x0000000091700000, 0x0000000091800000|  0%| F|  |TAMS 0x0000000091700000, 0x0000000091700000| Untracked 
| 218|0x0000000091800000, 0x0000000091800000, 0x0000000091900000|  0%| F|  |TAMS 0x0000000091800000, 0x0000000091800000| Untracked 
| 219|0x0000000091900000, 0x0000000091900000, 0x0000000091a00000|  0%| F|  |TAMS 0x0000000091900000, 0x0000000091900000| Untracked 
| 220|0x0000000091a00000, 0x0000000091a00000, 0x0000000091b00000|  0%| F|  |TAMS 0x0000000091a00000, 0x0000000091a00000| Untracked 
| 221|0x0000000091b00000, 0x0000000091b00000, 0x0000000091c00000|  0%| F|  |TAMS 0x0000000091b00000, 0x0000000091b00000| Untracked 
| 222|0x0000000091c00000, 0x0000000091c00000, 0x0000000091d00000|  0%| F|  |TAMS 0x0000000091c00000, 0x0000000091c00000| Untracked 
| 223|0x0000000091d00000, 0x0000000091d00000, 0x0000000091e00000|  0%| F|  |TAMS 0x0000000091d00000, 0x0000000091d00000| Untracked 
| 224|0x0000000091e00000, 0x0000000091e00000, 0x0000000091f00000|  0%| F|  |TAMS 0x0000000091e00000, 0x0000000091e00000| Untracked 
| 225|0x0000000091f00000, 0x0000000091f00000, 0x0000000092000000|  0%| F|  |TAMS 0x0000000091f00000, 0x0000000091f00000| Untracked 
| 226|0x0000000092000000, 0x0000000092000000, 0x0000000092100000|  0%| F|  |TAMS 0x0000000092000000, 0x0000000092000000| Untracked 
| 227|0x0000000092100000, 0x0000000092100000, 0x0000000092200000|  0%| F|  |TAMS 0x0000000092100000, 0x0000000092100000| Untracked 
| 228|0x0000000092200000, 0x0000000092200000, 0x0000000092300000|  0%| F|  |TAMS 0x0000000092200000, 0x0000000092200000| Untracked 
| 229|0x0000000092300000, 0x0000000092300000, 0x0000000092400000|  0%| F|  |TAMS 0x0000000092300000, 0x0000000092300000| Untracked 
| 230|0x0000000092400000, 0x0000000092400000, 0x0000000092500000|  0%| F|  |TAMS 0x0000000092400000, 0x0000000092400000| Untracked 
| 231|0x0000000092500000, 0x0000000092500000, 0x0000000092600000|  0%| F|  |TAMS 0x0000000092500000, 0x0000000092500000| Untracked 
| 232|0x0000000092600000, 0x0000000092600000, 0x0000000092700000|  0%| F|  |TAMS 0x0000000092600000, 0x0000000092600000| Untracked 
| 233|0x0000000092700000, 0x0000000092700000, 0x0000000092800000|  0%| F|  |TAMS 0x0000000092700000, 0x0000000092700000| Untracked 
| 234|0x0000000092800000, 0x0000000092800000, 0x0000000092900000|  0%| F|  |TAMS 0x0000000092800000, 0x0000000092800000| Untracked 
| 235|0x0000000092900000, 0x0000000092900000, 0x0000000092a00000|  0%| F|  |TAMS 0x0000000092900000, 0x0000000092900000| Untracked 
| 236|0x0000000092a00000, 0x0000000092a00000, 0x0000000092b00000|  0%| F|  |TAMS 0x0000000092a00000, 0x0000000092a00000| Untracked 
| 237|0x0000000092b00000, 0x0000000092b00000, 0x0000000092c00000|  0%| F|  |TAMS 0x0000000092b00000, 0x0000000092b00000| Untracked 
| 238|0x0000000092c00000, 0x0000000092c00000, 0x0000000092d00000|  0%| F|  |TAMS 0x0000000092c00000, 0x0000000092c00000| Untracked 
| 239|0x0000000092d00000, 0x0000000092d00000, 0x0000000092e00000|  0%| F|  |TAMS 0x0000000092d00000, 0x0000000092d00000| Untracked 
| 240|0x0000000092e00000, 0x0000000092e00000, 0x0000000092f00000|  0%| F|  |TAMS 0x0000000092e00000, 0x0000000092e00000| Untracked 
| 241|0x0000000092f00000, 0x0000000092f00000, 0x0000000093000000|  0%| F|  |TAMS 0x0000000092f00000, 0x0000000092f00000| Untracked 
| 242|0x0000000093000000, 0x0000000093000000, 0x0000000093100000|  0%| F|  |TAMS 0x0000000093000000, 0x0000000093000000| Untracked 
| 243|0x0000000093100000, 0x0000000093100000, 0x0000000093200000|  0%| F|  |TAMS 0x0000000093100000, 0x0000000093100000| Untracked 
| 244|0x0000000093200000, 0x0000000093200000, 0x0000000093300000|  0%| F|  |TAMS 0x0000000093200000, 0x0000000093200000| Untracked 
| 245|0x0000000093300000, 0x0000000093300000, 0x0000000093400000|  0%| F|  |TAMS 0x0000000093300000, 0x0000000093300000| Untracked 
| 246|0x0000000093400000, 0x0000000093400000, 0x0000000093500000|  0%| F|  |TAMS 0x0000000093400000, 0x0000000093400000| Untracked 
| 247|0x0000000093500000, 0x0000000093500000, 0x0000000093600000|  0%| F|  |TAMS 0x0000000093500000, 0x0000000093500000| Untracked 
| 248|0x0000000093600000, 0x0000000093600000, 0x0000000093700000|  0%| F|  |TAMS 0x0000000093600000, 0x0000000093600000| Untracked 
| 249|0x0000000093700000, 0x0000000093700000, 0x0000000093800000|  0%| F|  |TAMS 0x0000000093700000, 0x0000000093700000| Untracked 
| 250|0x0000000093800000, 0x0000000093800000, 0x0000000093900000|  0%| F|  |TAMS 0x0000000093800000, 0x0000000093800000| Untracked 
| 251|0x0000000093900000, 0x0000000093900000, 0x0000000093a00000|  0%| F|  |TAMS 0x0000000093900000, 0x0000000093900000| Untracked 
| 252|0x0000000093a00000, 0x0000000093a00000, 0x0000000093b00000|  0%| F|  |TAMS 0x0000000093a00000, 0x0000000093a00000| Untracked 
| 253|0x0000000093b00000, 0x0000000093b00000, 0x0000000093c00000|  0%| F|  |TAMS 0x0000000093b00000, 0x0000000093b00000| Untracked 
| 254|0x0000000093c00000, 0x0000000093c00000, 0x0000000093d00000|  0%| F|  |TAMS 0x0000000093c00000, 0x0000000093c00000| Untracked 
| 255|0x0000000093d00000, 0x0000000093d00000, 0x0000000093e00000|  0%| F|  |TAMS 0x0000000093d00000, 0x0000000093d00000| Untracked 
| 256|0x0000000093e00000, 0x0000000093e00000, 0x0000000093f00000|  0%| F|  |TAMS 0x0000000093e00000, 0x0000000093e00000| Untracked 
| 257|0x0000000093f00000, 0x0000000093f00000, 0x0000000094000000|  0%| F|  |TAMS 0x0000000093f00000, 0x0000000093f00000| Untracked 
| 258|0x0000000094000000, 0x0000000094000000, 0x0000000094100000|  0%| F|  |TAMS 0x0000000094000000, 0x0000000094000000| Untracked 
| 259|0x0000000094100000, 0x0000000094100000, 0x0000000094200000|  0%| F|  |TAMS 0x0000000094100000, 0x0000000094100000| Untracked 
| 260|0x0000000094200000, 0x0000000094200000, 0x0000000094300000|  0%| F|  |TAMS 0x0000000094200000, 0x0000000094200000| Untracked 
| 261|0x0000000094300000, 0x0000000094300000, 0x0000000094400000|  0%| F|  |TAMS 0x0000000094300000, 0x0000000094300000| Untracked 
| 262|0x0000000094400000, 0x0000000094400000, 0x0000000094500000|  0%| F|  |TAMS 0x0000000094400000, 0x0000000094400000| Untracked 
| 263|0x0000000094500000, 0x0000000094500000, 0x0000000094600000|  0%| F|  |TAMS 0x0000000094500000, 0x0000000094500000| Untracked 
| 264|0x0000000094600000, 0x0000000094600000, 0x0000000094700000|  0%| F|  |TAMS 0x0000000094600000, 0x0000000094600000| Untracked 
| 265|0x0000000094700000, 0x0000000094700000, 0x0000000094800000|  0%| F|  |TAMS 0x0000000094700000, 0x0000000094700000| Untracked 
| 266|0x0000000094800000, 0x0000000094800000, 0x0000000094900000|  0%| F|  |TAMS 0x0000000094800000, 0x0000000094800000| Untracked 
| 267|0x0000000094900000, 0x0000000094900000, 0x0000000094a00000|  0%| F|  |TAMS 0x0000000094900000, 0x0000000094900000| Untracked 
| 268|0x0000000094a00000, 0x0000000094a00000, 0x0000000094b00000|  0%| F|  |TAMS 0x0000000094a00000, 0x0000000094a00000| Untracked 
| 269|0x0000000094b00000, 0x0000000094b00000, 0x0000000094c00000|  0%| F|  |TAMS 0x0000000094b00000, 0x0000000094b00000| Untracked 
| 270|0x0000000094c00000, 0x0000000094c00000, 0x0000000094d00000|  0%| F|  |TAMS 0x0000000094c00000, 0x0000000094c00000| Untracked 
| 271|0x0000000094d00000, 0x0000000094d00000, 0x0000000094e00000|  0%| F|  |TAMS 0x0000000094d00000, 0x0000000094d00000| Untracked 
| 272|0x0000000094e00000, 0x0000000094e00000, 0x0000000094f00000|  0%| F|  |TAMS 0x0000000094e00000, 0x0000000094e00000| Untracked 
| 273|0x0000000094f00000, 0x0000000094f00000, 0x0000000095000000|  0%| F|  |TAMS 0x0000000094f00000, 0x0000000094f00000| Untracked 
| 274|0x0000000095000000, 0x0000000095000000, 0x0000000095100000|  0%| F|  |TAMS 0x0000000095000000, 0x0000000095000000| Untracked 
| 275|0x0000000095100000, 0x0000000095100000, 0x0000000095200000|  0%| F|  |TAMS 0x0000000095100000, 0x0000000095100000| Untracked 
| 276|0x0000000095200000, 0x0000000095200000, 0x0000000095300000|  0%| F|  |TAMS 0x0000000095200000, 0x0000000095200000| Untracked 
| 277|0x0000000095300000, 0x0000000095300000, 0x0000000095400000|  0%| F|  |TAMS 0x0000000095300000, 0x0000000095300000| Untracked 
| 278|0x0000000095400000, 0x0000000095400000, 0x0000000095500000|  0%| F|  |TAMS 0x0000000095400000, 0x0000000095400000| Untracked 
| 279|0x0000000095500000, 0x0000000095500000, 0x0000000095600000|  0%| F|  |TAMS 0x0000000095500000, 0x0000000095500000| Untracked 
| 280|0x0000000095600000, 0x0000000095600000, 0x0000000095700000|  0%| F|  |TAMS 0x0000000095600000, 0x0000000095600000| Untracked 
| 281|0x0000000095700000, 0x0000000095700000, 0x0000000095800000|  0%| F|  |TAMS 0x0000000095700000, 0x0000000095700000| Untracked 
| 282|0x0000000095800000, 0x0000000095800000, 0x0000000095900000|  0%| F|  |TAMS 0x0000000095800000, 0x0000000095800000| Untracked 
| 283|0x0000000095900000, 0x0000000095900000, 0x0000000095a00000|  0%| F|  |TAMS 0x0000000095900000, 0x0000000095900000| Untracked 
| 284|0x0000000095a00000, 0x0000000095a00000, 0x0000000095b00000|  0%| F|  |TAMS 0x0000000095a00000, 0x0000000095a00000| Untracked 
| 285|0x0000000095b00000, 0x0000000095b00000, 0x0000000095c00000|  0%| F|  |TAMS 0x0000000095b00000, 0x0000000095b00000| Untracked 

Card table byte_map: [0x0000021973f90000,0x0000021974380000] _byte_map_base: 0x0000021973b71000

Marking Bits (Prev, Next): (CMBitMap*) 0x000002196b159348, (CMBitMap*) 0x000002196b159380
 Prev Bits: [0x0000021974770000, 0x0000021976678000)
 Next Bits: [0x0000021976680000, 0x0000021978588000)

Polling page: 0x0000021969120000

Metaspace:

Usage:
  Non-class:     16.63 MB capacity,    16.47 MB (>99%) used,   131.98 KB ( <1%) free+waste,    35.06 KB ( <1%) overhead. 
      Class:      1.75 MB capacity,     1.63 MB ( 93%) used,   106.41 KB (  6%) free+waste,    13.63 KB ( <1%) overhead. 
       Both:     18.38 MB capacity,    18.10 MB ( 98%) used,   238.39 KB (  1%) free+waste,    48.69 KB ( <1%) overhead. 

Virtual space:
  Non-class space:       18.00 MB reserved,      16.75 MB ( 93%) committed 
      Class space:        1.00 GB reserved,       1.75 MB ( <1%) committed 
             Both:        1.02 GB reserved,      18.50 MB (  2%) committed 

Chunk freelists:
   Non-Class:  57.00 KB
       Class:  1.00 KB
        Both:  58.00 KB

MaxMetaspaceSize: 17179869184.00 GB
CompressedClassSpaceSize: 1.00 GB
Initial GC threshold: 20.80 MB
Current GC threshold: 27.50 MB
CDS: off

CodeHeap 'non-profiled nmethods': size=120000Kb used=4023Kb max_used=4023Kb free=115976Kb
 bounds [0x0000021907ad0000, 0x0000021907ec0000, 0x000002190f000000]
CodeHeap 'profiled nmethods': size=120000Kb used=12915Kb max_used=12915Kb free=107084Kb
 bounds [0x00000219005a0000, 0x0000021901240000, 0x0000021907ad0000]
CodeHeap 'non-nmethods': size=5760Kb used=1164Kb max_used=1216Kb free=4595Kb
 bounds [0x0000021900000000, 0x0000021900270000, 0x00000219005a0000]
 total_blobs=5163 nmethods=4756 adapters=319
 compilation: enabled
              stopped_count=0, restarted_count=0
 full_count=0

Compilation events (20 events):
Event: 13.681 Thread 0x000002197b7df800 4819       3       com.sun.tools.javac.jvm.Items$LocalItem::load (75 bytes)
Event: 13.681 Thread 0x000002197b7df800 nmethod 4819 0x0000021901226810 code [0x0000021901226a00, 0x0000021901226e18]
Event: 13.682 Thread 0x000002197b795800 nmethod 4807 0x0000021907eb9210 code [0x0000021907eb93c0, 0x0000021907eb9578]
Event: 13.682 Thread 0x000002197b795800 4765       4       com.sun.tools.javac.comp.Operators$BinaryOperatorHelper$$Lambda$141/0x00000001001aec40::test (20 bytes)
Event: 13.689 Thread 0x000002197b795800 nmethod 4765 0x0000021907eb9710 code [0x0000021907eb98e0, 0x0000021907eb9c18]
Event: 13.689 Thread 0x000002197b795800 4820       4       com.sun.tools.javac.util.Names::fromString (9 bytes)
Event: 13.693 Thread 0x000002197b795800 nmethod 4820 0x0000021907eba090 code [0x0000021907eba240, 0x0000021907eba508]
Event: 13.693 Thread 0x000002197b795800 4766       4       com.sun.tools.javac.comp.Operators$BinaryOperatorHelper::isBinaryOperatorApplicable (62 bytes)
Event: 13.700 Thread 0x000002197b795800 nmethod 4766 0x0000021907eba710 code [0x0000021907eba8e0, 0x0000021907ebabd8]
Event: 13.701 Thread 0x000002197b795800 4815       4       com.sun.tools.javac.code.Types::subst (15 bytes)
Event: 13.711 Thread 0x000002197b795800 nmethod 4815 0x0000021907ebaf90 code [0x0000021907ebb140, 0x0000021907ebb488]
Event: 13.711 Thread 0x000002197b795800 4821       4       com.sun.tools.javac.tree.TreeInfo::getStartPos (733 bytes)
Event: 13.730 Thread 0x000002197b795800 nmethod 4821 0x0000021907ebb710 code [0x0000021907ebbc20, 0x0000021907ebc538]
Event: 13.730 Thread 0x000002197b795800 4822       4       java.net.URI::needsNormalization (184 bytes)
Event: 13.732 Thread 0x000002197b7df800 4823   !   3       com.sun.tools.javac.comp.Check::checkOverride (829 bytes)
Event: 13.742 Thread 0x000002197b795800 nmethod 4822 0x0000021907ebd010 code [0x0000021907ebd200, 0x0000021907ebd670]
Event: 13.742 Thread 0x000002197b795800 4788       4       com.sun.tools.javac.comp.Check::checkSunAPI (29 bytes)
Event: 13.743 Thread 0x000002197b795800 nmethod 4788 0x0000021907ebda90 code [0x0000021907ebdc20, 0x0000021907ebdcd8]
Event: 13.752 Thread 0x000002197b7df800 nmethod 4823 0x0000021901227010 code [0x0000021901228380, 0x00000219012383c8]
Event: 13.754 Thread 0x000002197b795800 4824       4       java.net.URI$Parser::scan (41 bytes)

GC Heap History (20 events):
Event: 6.174 GC heap after
{Heap after GC invocations=34 (full 0):
 garbage-first heap   total 49152K, used 18339K [0x0000000083e00000, 0x0000000100000000)
  region size 1024K, 2 young (2048K), 2 survivors (2048K)
 Metaspace       used 13802K, capacity 14132K, committed 14336K, reserved 1062912K
  class space    used 1409K, capacity 1503K, committed 1536K, reserved 1048576K
}
Event: 6.205 GC heap before
{Heap before GC invocations=35 (full 0):
 garbage-first heap   total 49152K, used 25507K [0x0000000083e00000, 0x0000000100000000)
  region size 1024K, 6 young (6144K), 2 survivors (2048K)
 Metaspace       used 13802K, capacity 14132K, committed 14336K, reserved 1062912K
  class space    used 1409K, capacity 1503K, committed 1536K, reserved 1048576K
}
Event: 6.209 GC heap after
{Heap after GC invocations=36 (full 0):
 garbage-first heap   total 49152K, used 20520K [0x0000000083e00000, 0x0000000100000000)
  region size 1024K, 2 young (2048K), 2 survivors (2048K)
 Metaspace       used 13802K, capacity 14132K, committed 14336K, reserved 1062912K
  class space    used 1409K, capacity 1503K, committed 1536K, reserved 1048576K
}
Event: 6.231 GC heap before
{Heap before GC invocations=37 (full 0):
 garbage-first heap   total 49152K, used 25640K [0x0000000083e00000, 0x0000000100000000)
  region size 1024K, 6 young (6144K), 2 survivors (2048K)
 Metaspace       used 13802K, capacity 14132K, committed 14336K, reserved 1062912K
  class space    used 1409K, capacity 1503K, committed 1536K, reserved 1048576K
}
Event: 6.240 GC heap after
{Heap after GC invocations=38 (full 0):
 garbage-first heap   total 110592K, used 23525K [0x0000000083e00000, 0x0000000100000000)
  region size 1024K, 1 young (1024K), 1 survivors (1024K)
 Metaspace       used 13802K, capacity 14132K, committed 14336K, reserved 1062912K
  class space    used 1409K, capacity 1503K, committed 1536K, reserved 1048576K
}
Event: 7.056 GC heap before
{Heap before GC invocations=39 (full 0):
 garbage-first heap   total 110592K, used 57317K [0x0000000083e00000, 0x0000000100000000)
  region size 1024K, 30 young (30720K), 1 survivors (1024K)
 Metaspace       used 15150K, capacity 15412K, committed 15488K, reserved 1062912K
  class space    used 1505K, capacity 1609K, committed 1664K, reserved 1048576K
}
Event: 7.069 GC heap after
{Heap after GC invocations=40 (full 0):
 garbage-first heap   total 110592K, used 33792K [0x0000000083e00000, 0x0000000100000000)
  region size 1024K, 4 young (4096K), 4 survivors (4096K)
 Metaspace       used 15150K, capacity 15412K, committed 15488K, reserved 1062912K
  class space    used 1505K, capacity 1609K, committed 1664K, reserved 1048576K
}
Event: 7.611 GC heap before
{Heap before GC invocations=40 (full 0):
 garbage-first heap   total 110592K, used 63488K [0x0000000083e00000, 0x0000000100000000)
  region size 1024K, 32 young (32768K), 4 survivors (4096K)
 Metaspace       used 15939K, capacity 16259K, committed 16384K, reserved 1064960K
  class space    used 1562K, capacity 1696K, committed 1792K, reserved 1048576K
}
Event: 7.636 GC heap after
{Heap after GC invocations=41 (full 0):
 garbage-first heap   total 110592K, used 46753K [0x0000000083e00000, 0x0000000100000000)
  region size 1024K, 4 young (4096K), 4 survivors (4096K)
 Metaspace       used 15939K, capacity 16259K, committed 16384K, reserved 1064960K
  class space    used 1562K, capacity 1696K, committed 1792K, reserved 1048576K
}
Event: 7.728 GC heap before
{Heap before GC invocations=41 (full 0):
 garbage-first heap   total 110592K, used 72353K [0x0000000083e00000, 0x0000000100000000)
  region size 1024K, 27 young (27648K), 4 survivors (4096K)
 Metaspace       used 16035K, capacity 16326K, committed 16640K, reserved 1064960K
  class space    used 1563K, capacity 1696K, committed 1792K, reserved 1048576K
}
Event: 7.772 GC heap after
{Heap after GC invocations=42 (full 0):
 garbage-first heap   total 110592K, used 64000K [0x0000000083e00000, 0x0000000100000000)
  region size 1024K, 4 young (4096K), 4 survivors (4096K)
 Metaspace       used 16035K, capacity 16326K, committed 16640K, reserved 1064960K
  class space    used 1563K, capacity 1696K, committed 1792K, reserved 1048576K
}
Event: 7.982 GC heap before
{Heap before GC invocations=42 (full 0):
 garbage-first heap   total 110592K, used 78336K [0x0000000083e00000, 0x0000000100000000)
  region size 1024K, 18 young (18432K), 4 survivors (4096K)
 Metaspace       used 16238K, capacity 16591K, committed 16896K, reserved 1064960K
  class space    used 1566K, capacity 1696K, committed 1792K, reserved 1048576K
}
Event: 8.009 GC heap after
{Heap after GC invocations=43 (full 0):
 garbage-first heap   total 292864K, used 67584K [0x0000000083e00000, 0x0000000100000000)
  region size 1024K, 3 young (3072K), 3 survivors (3072K)
 Metaspace       used 16238K, capacity 16591K, committed 16896K, reserved 1064960K
  class space    used 1566K, capacity 1696K, committed 1792K, reserved 1048576K
}
Event: 9.965 GC heap before
{Heap before GC invocations=44 (full 0):
 garbage-first heap   total 292864K, used 135168K [0x0000000083e00000, 0x0000000100000000)
  region size 1024K, 69 young (70656K), 3 survivors (3072K)
 Metaspace       used 17903K, capacity 18165K, committed 18176K, reserved 1064960K
  class space    used 1668K, capacity 1790K, committed 1792K, reserved 1048576K
}
Event: 10.025 GC heap after
{Heap after GC invocations=45 (full 0):
 garbage-first heap   total 292864K, used 76217K [0x0000000083e00000, 0x0000000100000000)
  region size 1024K, 9 young (9216K), 9 survivors (9216K)
 Metaspace       used 17903K, capacity 18165K, committed 18176K, reserved 1064960K
  class space    used 1668K, capacity 1790K, committed 1792K, reserved 1048576K
}
Event: 11.200 GC heap before
{Heap before GC invocations=45 (full 0):
 garbage-first heap   total 292864K, used 160185K [0x0000000083e00000, 0x0000000100000000)
  region size 1024K, 91 young (93184K), 9 survivors (9216K)
 Metaspace       used 18302K, capacity 18623K, committed 18688K, reserved 1067008K
  class space    used 1669K, capacity 1790K, committed 1792K, reserved 1048576K
}
Event: 11.227 GC heap after
{Heap after GC invocations=46 (full 0):
 garbage-first heap   total 292864K, used 82028K [0x0000000083e00000, 0x0000000100000000)
  region size 1024K, 6 young (6144K), 6 survivors (6144K)
 Metaspace       used 18302K, capacity 18623K, committed 18688K, reserved 1067008K
  class space    used 1669K, capacity 1790K, committed 1792K, reserved 1048576K
}
Event: 12.289 GC heap before
{Heap before GC invocations=46 (full 0):
 garbage-first heap   total 292864K, used 178284K [0x0000000083e00000, 0x0000000100000000)
  region size 1024K, 100 young (102400K), 6 survivors (6144K)
 Metaspace       used 18419K, capacity 18754K, committed 18944K, reserved 1067008K
  class space    used 1669K, capacity 1790K, committed 1792K, reserved 1048576K
}
Event: 12.303 GC heap after
{Heap after GC invocations=47 (full 0):
 garbage-first heap   total 292864K, used 85613K [0x0000000083e00000, 0x0000000100000000)
  region size 1024K, 9 young (9216K), 9 survivors (9216K)
 Metaspace       used 18419K, capacity 18754K, committed 18944K, reserved 1067008K
  class space    used 1669K, capacity 1790K, committed 1792K, reserved 1048576K
}
Event: 13.758 GC heap before
{Heap before GC invocations=47 (full 0):
 garbage-first heap   total 292864K, used 212589K [0x0000000083e00000, 0x0000000100000000)
  region size 1024K, 130 young (133120K), 9 survivors (9216K)
 Metaspace       used 18534K, capacity 18822K, committed 18944K, reserved 1067008K
  class space    used 1670K, capacity 1791K, committed 1792K, reserved 1048576K
}

Deoptimization events (20 events):
Event: 13.353 Thread 0x0000021968fbc000 Uncommon trap: trap_request=0xffffffde fr.pc=0x0000021907cec680 relative=0x0000000000000060
Event: 13.353 Thread 0x0000021968fbc000 Uncommon trap: reason=class_check action=maybe_recompile pc=0x0000021907cec680 method=com.sun.tools.javac.jvm.ClassWriter.writeJavaAnnotations(Lcom/sun/tools/javac/util/List;)I @ 1 c2
Event: 13.353 Thread 0x0000021968fbc000 DEOPT PACKING pc=0x0000021907cec680 sp=0x0000009187dfe910
Event: 13.353 Thread 0x0000021968fbc000 DEOPT UNPACKING pc=0x00000219000085af sp=0x0000009187dfe880 mode 2
Event: 13.353 Thread 0x0000021968fbc000 Uncommon trap: trap_request=0xffffffde fr.pc=0x0000021907cec680 relative=0x0000000000000060
Event: 13.353 Thread 0x0000021968fbc000 Uncommon trap: reason=class_check action=maybe_recompile pc=0x0000021907cec680 method=com.sun.tools.javac.jvm.ClassWriter.writeJavaAnnotations(Lcom/sun/tools/javac/util/List;)I @ 1 c2
Event: 13.353 Thread 0x0000021968fbc000 DEOPT PACKING pc=0x0000021907cec680 sp=0x0000009187dfe910
Event: 13.353 Thread 0x0000021968fbc000 DEOPT UNPACKING pc=0x00000219000085af sp=0x0000009187dfe880 mode 2
Event: 13.353 Thread 0x0000021968fbc000 Uncommon trap: trap_request=0xffffffde fr.pc=0x0000021907e19c88 relative=0x00000000000078c8
Event: 13.353 Thread 0x0000021968fbc000 Uncommon trap: reason=class_check action=maybe_recompile pc=0x0000021907e19c88 method=com.sun.tools.javac.jvm.ClassWriter.writePool(Lcom/sun/tools/javac/jvm/Pool;)V @ 826 c2
Event: 13.353 Thread 0x0000021968fbc000 DEOPT PACKING pc=0x0000021907e19c88 sp=0x0000009187dfeba0
Event: 13.353 Thread 0x0000021968fbc000 DEOPT UNPACKING pc=0x00000219000085af sp=0x0000009187dfeb70 mode 2
Event: 13.503 Thread 0x0000021968fbc000 DEOPT PACKING pc=0x00000219011dc850 sp=0x0000009187dfefb0
Event: 13.504 Thread 0x0000021968fbc000 DEOPT UNPACKING pc=0x0000021900049d0e sp=0x0000009187dfe450 mode 0
Event: 13.584 Thread 0x0000021968fbc000 DEOPT PACKING pc=0x0000021900e241a9 sp=0x0000009187dfe7a0
Event: 13.584 Thread 0x0000021968fbc000 DEOPT UNPACKING pc=0x0000021900049d0e sp=0x0000009187dfdd80 mode 0
Event: 13.714 Thread 0x0000021968fbc000 DEOPT PACKING pc=0x0000021900d51f56 sp=0x0000009187dfe960
Event: 13.714 Thread 0x0000021968fbc000 DEOPT UNPACKING pc=0x0000021900049d0e sp=0x0000009187dfdef8 mode 0
Event: 13.754 Thread 0x0000021968fbc000 DEOPT PACKING pc=0x0000021900ca58a1 sp=0x0000009187dfe600
Event: 13.754 Thread 0x0000021968fbc000 DEOPT UNPACKING pc=0x0000021900049d0e sp=0x0000009187dfdaf8 mode 0

Classes redefined (0 events):
No events

Internal exceptions (20 events):
Event: 13.695 Thread 0x0000021968fbc000 Exception <a 'sun/nio/fs/WindowsException'{0x000000008da29b58}> (0x000000008da29b58) thrown at [./src/hotspot/share/prims/jni.cpp, line 617]
Event: 13.695 Thread 0x0000021968fbc000 Exception <a 'sun/nio/fs/WindowsException'{0x000000008da2a040}> (0x000000008da2a040) thrown at [./src/hotspot/share/prims/jni.cpp, line 617]
Event: 13.695 Thread 0x0000021968fbc000 Exception <a 'sun/nio/fs/WindowsException'{0x000000008da2a400}> (0x000000008da2a400) thrown at [./src/hotspot/share/prims/jni.cpp, line 617]
Event: 13.696 Thread 0x0000021968fbc000 Exception <a 'sun/nio/fs/WindowsException'{0x000000008da2aba8}> (0x000000008da2aba8) thrown at [./src/hotspot/share/prims/jni.cpp, line 617]
Event: 13.696 Thread 0x0000021968fbc000 Exception <a 'sun/nio/fs/WindowsException'{0x000000008da2af38}> (0x000000008da2af38) thrown at [./src/hotspot/share/prims/jni.cpp, line 617]
Event: 13.696 Thread 0x0000021968fbc000 Exception <a 'sun/nio/fs/WindowsException'{0x000000008da2b6b0}> (0x000000008da2b6b0) thrown at [./src/hotspot/share/prims/jni.cpp, line 617]
Event: 13.710 Thread 0x0000021968fbc000 Exception <a 'sun/nio/fs/WindowsException'{0x000000008da51410}> (0x000000008da51410) thrown at [./src/hotspot/share/prims/jni.cpp, line 617]
Event: 13.711 Thread 0x0000021968fbc000 Exception <a 'sun/nio/fs/WindowsException'{0x000000008da51900}> (0x000000008da51900) thrown at [./src/hotspot/share/prims/jni.cpp, line 617]
Event: 13.722 Thread 0x0000021968fbc000 Exception <a 'sun/nio/fs/WindowsException'{0x000000008da73658}> (0x000000008da73658) thrown at [./src/hotspot/share/prims/jni.cpp, line 617]
Event: 13.722 Thread 0x0000021968fbc000 Exception <a 'sun/nio/fs/WindowsException'{0x000000008da73b18}> (0x000000008da73b18) thrown at [./src/hotspot/share/prims/jni.cpp, line 617]
Event: 13.722 Thread 0x0000021968fbc000 Exception <a 'sun/nio/fs/WindowsException'{0x000000008da73e30}> (0x000000008da73e30) thrown at [./src/hotspot/share/prims/jni.cpp, line 617]
Event: 13.722 Thread 0x0000021968fbc000 Exception <a 'sun/nio/fs/WindowsException'{0x000000008da742e0}> (0x000000008da742e0) thrown at [./src/hotspot/share/prims/jni.cpp, line 617]
Event: 13.722 Thread 0x0000021968fbc000 Exception <a 'sun/nio/fs/WindowsException'{0x000000008da74630}> (0x000000008da74630) thrown at [./src/hotspot/share/prims/jni.cpp, line 617]
Event: 13.722 Thread 0x0000021968fbc000 Exception <a 'sun/nio/fs/WindowsException'{0x000000008da74da8}> (0x000000008da74da8) thrown at [./src/hotspot/share/prims/jni.cpp, line 617]
Event: 13.729 Thread 0x0000021968fbc000 Exception <a 'sun/nio/fs/WindowsException'{0x000000008da982f8}> (0x000000008da982f8) thrown at [./src/hotspot/share/prims/jni.cpp, line 617]
Event: 13.729 Thread 0x0000021968fbc000 Exception <a 'sun/nio/fs/WindowsException'{0x000000008da987b8}> (0x000000008da987b8) thrown at [./src/hotspot/share/prims/jni.cpp, line 617]
Event: 13.741 Thread 0x0000021968fbc000 Exception <a 'sun/nio/fs/WindowsException'{0x000000008daba820}> (0x000000008daba820) thrown at [./src/hotspot/share/prims/jni.cpp, line 617]
Event: 13.741 Thread 0x0000021968fbc000 Exception <a 'sun/nio/fs/WindowsException'{0x000000008dabace0}> (0x000000008dabace0) thrown at [./src/hotspot/share/prims/jni.cpp, line 617]
Event: 13.752 Thread 0x0000021968fbc000 Exception <a 'sun/nio/fs/WindowsException'{0x000000008dadce68}> (0x000000008dadce68) thrown at [./src/hotspot/share/prims/jni.cpp, line 617]
Event: 13.758 Thread 0x0000021968fbc000 Exception <a 'sun/nio/fs/WindowsException'{0x000000008daffba0}> (0x000000008daffba0) thrown at [./src/hotspot/share/prims/jni.cpp, line 617]

Events (20 events):
Event: 11.200 Executing VM operation: G1CollectForAllocation
Event: 11.227 Executing VM operation: G1CollectForAllocation done
Event: 11.447 Executing VM operation: ICBufferFull
Event: 11.448 Executing VM operation: ICBufferFull done
Event: 11.541 Loaded shared library C:\Program Files\Microsoft\jdk-11.0.16.101-hotspot\bin\nio.dll
Event: 12.227 Executing VM operation: ICBufferFull
Event: 12.227 Executing VM operation: ICBufferFull done
Event: 12.289 Executing VM operation: G1CollectForAllocation
Event: 12.303 Executing VM operation: G1CollectForAllocation done
Event: 12.953 Executing VM operation: ICBufferFull
Event: 12.953 Executing VM operation: ICBufferFull done
Event: 13.340 Executing VM operation: ICBufferFull
Event: 13.340 Executing VM operation: ICBufferFull done
Event: 13.355 loading class com/sun/tools/javac/util/Filter
Event: 13.355 loading class com/sun/tools/javac/util/Filter done
Event: 13.355 loading class com/sun/tools/javac/code/Symbol
Event: 13.355 loading class com/sun/tools/javac/code/Symbol done
Event: 13.355 loading class com/sun/tools/javac/util/Filter
Event: 13.355 loading class com/sun/tools/javac/util/Filter done
Event: 13.758 Executing VM operation: G1CollectForAllocation


Dynamic libraries:
0x00007ff627fc0000 - 0x00007ff627fc7000 	C:\Program Files\Microsoft\jdk-11.0.16.101-hotspot\bin\javac.exe
0x00007ffa0dfd0000 - 0x00007ffa0e1e4000 	C:\WINDOWS\SYSTEM32\ntdll.dll
0x00007ffa0ccd0000 - 0x00007ffa0cd93000 	C:\WINDOWS\System32\KERNEL32.DLL
0x00007ffa0b480000 - 0x00007ffa0b81c000 	C:\WINDOWS\System32\KERNELBASE.dll
0x00007ffa0bad0000 - 0x00007ffa0bbe1000 	C:\WINDOWS\System32\ucrtbase.dll
0x00007ff9ea4d0000 - 0x00007ff9ea4e7000 	C:\Program Files\Microsoft\jdk-11.0.16.101-hotspot\bin\jli.dll
0x00007ff9ea4b0000 - 0x00007ff9ea4c5000 	C:\Program Files\Microsoft\jdk-11.0.16.101-hotspot\bin\VCRUNTIME140.dll
0x00007ffa0d000000 - 0x00007ffa0d1ad000 	C:\WINDOWS\System32\USER32.dll
0x00007ffa0b8c0000 - 0x00007ffa0b8e6000 	C:\WINDOWS\System32\win32u.dll
0x00007ff9ec750000 - 0x00007ff9ec9de000 	C:\WINDOWS\WinSxS\amd64_microsoft.windows.common-controls_6595b64144ccf1df_6.0.22621.608_none_a9444ca7c10bb01d\COMCTL32.dll
0x00007ffa0be90000 - 0x00007ffa0beb9000 	C:\WINDOWS\System32\GDI32.dll
0x00007ffa0b8f0000 - 0x00007ffa0ba03000 	C:\WINDOWS\System32\gdi32full.dll
0x00007ffa0b820000 - 0x00007ffa0b8ba000 	C:\WINDOWS\System32\msvcp_win.dll
0x00007ffa0c080000 - 0x00007ffa0c127000 	C:\WINDOWS\System32\msvcrt.dll
0x00007ffa0cf60000 - 0x00007ffa0cf91000 	C:\WINDOWS\System32\IMM32.DLL
0x00007ff9a7400000 - 0x00007ff9a749b000 	C:\Program Files\Microsoft\jdk-11.0.16.101-hotspot\bin\msvcp140.dll
0x00007ff99cd60000 - 0x00007ff99d8ea000 	C:\Program Files\Microsoft\jdk-11.0.16.101-hotspot\bin\server\jvm.dll
0x00007ffa0c890000 - 0x00007ffa0c93e000 	C:\WINDOWS\System32\ADVAPI32.dll
0x00007ffa0ce00000 - 0x00007ffa0cea4000 	C:\WINDOWS\System32\sechost.dll
0x00007ffa0cbb0000 - 0x00007ffa0ccc5000 	C:\WINDOWS\System32\RPCRT4.dll
0x00007ffa0cba0000 - 0x00007ffa0cba8000 	C:\WINDOWS\System32\PSAPI.DLL
0x00007ffa00b80000 - 0x00007ffa00b8a000 	C:\WINDOWS\SYSTEM32\VERSION.dll
0x00007ffa03c70000 - 0x00007ffa03ca4000 	C:\WINDOWS\SYSTEM32\WINMM.dll
0x00007ff9e8520000 - 0x00007ff9e8529000 	C:\WINDOWS\SYSTEM32\WSOCK32.dll
0x00007ffa0cec0000 - 0x00007ffa0cf31000 	C:\WINDOWS\System32\WS2_32.dll
0x00007ffa0a430000 - 0x00007ffa0a448000 	C:\WINDOWS\SYSTEM32\kernel.appcore.dll
0x00007ff9eb120000 - 0x00007ff9eb130000 	C:\Program Files\Microsoft\jdk-11.0.16.101-hotspot\bin\verify.dll
0x00007ffa08970000 - 0x00007ffa08b9e000 	C:\WINDOWS\SYSTEM32\DBGHELP.DLL
0x00007ffa0d1b0000 - 0x00007ffa0d539000 	C:\WINDOWS\System32\combase.dll
0x00007ffa0bf50000 - 0x00007ffa0c027000 	C:\WINDOWS\System32\OLEAUT32.dll
0x00007ff9e4aa0000 - 0x00007ff9e4ad2000 	C:\WINDOWS\SYSTEM32\dbgcore.DLL
0x00007ffa0bbf0000 - 0x00007ffa0bc6b000 	C:\WINDOWS\System32\bcryptPrimitives.dll
0x00007ff9ea480000 - 0x00007ff9ea4a8000 	C:\Program Files\Microsoft\jdk-11.0.16.101-hotspot\bin\java.dll
0x00007ff9ea420000 - 0x00007ff9ea42a000 	C:\Program Files\Microsoft\jdk-11.0.16.101-hotspot\bin\jimage.dll
0x00007ff9ea400000 - 0x00007ff9ea418000 	C:\Program Files\Microsoft\jdk-11.0.16.101-hotspot\bin\zip.dll
0x00007ffa0d540000 - 0x00007ffa0dd30000 	C:\WINDOWS\System32\SHELL32.dll
0x00007ffa093d0000 - 0x00007ffa09c9e000 	C:\WINDOWS\SYSTEM32\windows.storage.dll
0x00007ffa09290000 - 0x00007ffa093ce000 	C:\WINDOWS\SYSTEM32\wintypes.dll
0x00007ffa0caa0000 - 0x00007ffa0cb91000 	C:\WINDOWS\System32\SHCORE.dll
0x00007ffa0cda0000 - 0x00007ffa0cdfe000 	C:\WINDOWS\System32\shlwapi.dll
0x00007ffa0b340000 - 0x00007ffa0b361000 	C:\WINDOWS\SYSTEM32\profapi.dll
0x00007ff9ea3e0000 - 0x00007ff9ea3f9000 	C:\Program Files\Microsoft\jdk-11.0.16.101-hotspot\bin\net.dll
0x00007ffa05360000 - 0x00007ffa0548f000 	C:\WINDOWS\SYSTEM32\WINHTTP.dll
0x00007ffa0a910000 - 0x00007ffa0a979000 	C:\WINDOWS\system32\mswsock.dll
0x00007ff9ea370000 - 0x00007ff9ea383000 	C:\Program Files\Microsoft\jdk-11.0.16.101-hotspot\bin\nio.dll

dbghelp: loaded successfully - version: 4.0.5 - missing functions: none
symbol engine: initialized successfully - sym options: 0x614 - pdb path: .;C:\Program Files\Microsoft\jdk-11.0.16.101-hotspot\bin;C:\WINDOWS\SYSTEM32;C:\WINDOWS\WinSxS\amd64_microsoft.windows.common-controls_6595b64144ccf1df_6.0.22621.608_none_a9444ca7c10bb01d;C:\Program Files\Microsoft\jdk-11.0.16.101-hotspot\bin\server

VM Arguments:
jvm_args: -Dapplication.home=C:\Program Files\Microsoft\jdk-11.0.16.101-hotspot --add-modules=ALL-DEFAULT -Xms8m -Dfile.encoding=UTF8 -Djdk.module.main=jdk.compiler 
java_command: jdk.compiler/com.sun.tools.javac.Main @C:\Users\activ\AppData\Local\Temp\tmp6F5.tmp -target 1.8 -source 1.8
java_class_path (initial): <not set>
Launcher Type: SUN_STANDARD

[Global flags]
     intx CICompilerCount                          = 4                                         {product} {ergonomic}
     uint ConcGCThreads                            = 2                                         {product} {ergonomic}
     uint G1ConcRefinementThreads                  = 8                                         {product} {ergonomic}
   size_t G1HeapRegionSize                         = 1048576                                   {product} {ergonomic}
    uintx GCDrainStackTargetSize                   = 64                                        {product} {ergonomic}
   size_t InitialHeapSize                          = 8388608                                   {product} {command line}
   size_t MarkStackSize                            = 4194304                                   {product} {ergonomic}
   size_t MaxHeapSize                              = 2082471936                                {product} {ergonomic}
   size_t MaxNewSize                               = 1248854016                                {product} {ergonomic}
   size_t MinHeapDeltaBytes                        = 1048576                                   {product} {ergonomic}
    uintx NonNMethodCodeHeapSize                   = 5836300                                {pd product} {ergonomic}
    uintx NonProfiledCodeHeapSize                  = 122910970                              {pd product} {ergonomic}
    uintx ProfiledCodeHeapSize                     = 122910970                              {pd product} {ergonomic}
    uintx ReservedCodeCacheSize                    = 251658240                              {pd product} {ergonomic}
     bool SegmentedCodeCache                       = true                                      {product} {ergonomic}
     bool UseCompressedClassPointers               = true                                 {lp64_product} {ergonomic}
     bool UseCompressedOops                        = true                                 {lp64_product} {ergonomic}
     bool UseG1GC                                  = true                                      {product} {ergonomic}
     bool UseLargePagesIndividualAllocation        = false                                  {pd product} {ergonomic}

Logging:
Log output configuration:
 #0: stdout all=warning uptime,level,tags
 #1: stderr all=off uptime,level,tags

Environment Variables:
PATH=C:\Program Files\Microsoft\jdk-11.0.16.101-hotspot\bin;C:\WINDOWS\system32;C:\WINDOWS;C:\WINDOWS\System32\Wbem;C:\WINDOWS\System32\WindowsPowerShell\v1.0\;C:\WINDOWS\System32\OpenSSH\;C:\Program Files\Microsoft SQL Server\150\Tools\Binn\;C:\Program Files\Microsoft SQL Server\Client SDK\ODBC\170\Tools\Binn\;C:\Program Files (x86)\Microsoft SQL Server\160\Tools\Binn\;C:\Program Files\Microsoft SQL Server\160\Tools\Binn\;C:\Program Files\Microsoft SQL Server\160\DTS\Binn\;C:\Program Files (x86)\Microsoft SQL Server\160\DTS\Binn\;C:\Program Files\Azure Data Studio\bin;C:\Program Files\Git\cmd;C:\Program Files\nodejs\;C:\Program Files\dotnet\;C:\Users\activ\AppData\Local\Microsoft\WindowsApps;C:\Users\activ\.dotnet\tools;C:\Program Files\Azure Data Studio\bin;C:\Users\activ\AppData\Roaming\npm;C:\Users\activ\AppData\Local\Programs\Microsoft VS Code\bin;C:\Users\activ\.dotnet\tools;C:\PROGRAM FILES\MICROSOFT VISUAL STUDIO\2022\COMMUNITY\COMMON7\IDE\EXTENSIONS\XAMARIN.VISUALSTUDIO
USERNAME=activ
OS=Windows_NT
PROCESSOR_IDENTIFIER=Intel64 Family 6 Model 140 Stepping 2, GenuineIntel
TMP=C:\Users\activ\AppData\Local\Temp
TEMP=C:\Users\activ\AppData\Local\Temp



---------------  S Y S T E M  ---------------

OS: Windows 11 , 64 bit Build 22621 (10.0.22621.1344)
OS uptime: 1 days 22:53 hours
Hyper-V role detected

CPU:total 8 (initial active 8) (4 cores per cpu, 2 threads per core) family 6 model 140 stepping 2 microcode 0x16, cmov, cx8, fxsr, mmx, sse, sse2, sse3, ssse3, sse4.1, sse4.2, popcnt, avx, avx2, aes, clmul, erms, 3dnowpref, lzcnt, ht, tsc, tscinvbit, bmi1, bmi2, adx, evex, sha, fma

Memory: 4k page, system-wide physical 7941M (198M free)
TotalPageFile size 32517M (AvailPageFile size 121M)
current process WorkingSet (physical memory assigned to process): 383M, peak: 383M
current process commit charge ("private bytes"): 456M, peak: 708M

vm_info: OpenJDK 64-Bit Server VM (11.0.16.1+1-LTS) for windows-amd64 JRE (11.0.16.1+1-LTS), built on Aug 20 2022 20:09:04 by "" with MS VC++ 15.9 (VS2017)

END.
