#
# There is insufficient memory for the Java Runtime Environment to continue.
# Native memory allocation (mmap) failed to map 146800640 bytes for Failed to commit area from 0x000000008ae00000 to 0x0000000093a00000 of length 146800640.
# Possible reasons:
#   The system is out of physical RAM or swap space
#   The process is running with CompressedOops enabled, and the Java Heap may be blocking the growth of the native heap
# Possible solutions:
#   Reduce memory load on the system
#   Increase physical memory or swap space
#   Check if swap backing store is full
#   Decrease Java heap size (-Xmx/-Xms)
#   Decrease number of Java threads
#   Decrease Java thread stack sizes (-Xss)
#   Set larger code cache with -XX:ReservedCodeCacheSize=
#   JVM is running with Unscaled Compressed Oops mode in which the Java heap is
#     placed in the first 4GB address space. The Java Heap base address is the
#     maximum limit for the native heap growth. Please use -XX:HeapBaseMinAddress
#     to set the Java Heap base and to place the Java Heap above 4GB virtual address.
# This output file may be truncated or incomplete.
#
#  Out of Memory Error (./src/hotspot/os/windows/os_windows.cpp:3386), pid=30472, tid=18724
#
# JRE version: OpenJDK Runtime Environment Microsoft-40648 (11.0.16.1+1) (build 11.0.16.1+1-LTS)
# Java VM: OpenJDK 64-Bit Server VM Microsoft-40648 (11.0.16.1+1-LTS, mixed mode, tiered, compressed oops, g1 gc, windows-amd64)
# No core dump will be written. Minidumps are not enabled by default on client versions of Windows
#

---------------  S U M M A R Y ------------

Command Line: -Dapplication.home=C:\Program Files\Microsoft\jdk-11.0.16.101-hotspot --add-modules=ALL-DEFAULT -Xms8m -Dfile.encoding=UTF8 -Djdk.module.main=jdk.compiler jdk.compiler/com.sun.tools.javac.Main @C:\Users\activ\AppData\Local\Temp\tmp28D0.tmp -target 1.8 -source 1.8

Host: 11th Gen Intel(R) Core(TM) i5-1155G7 @ 2.50GHz, 8 cores, 7G,  Windows 11 , 64 bit Build 22621 (10.0.22621.1344)
Time: Wed Apr 12 20:21:16 2023 Paris, Madrid (heure duild 22621 (10.0.22621.1344) elapsed time: 4.366838 seconds (0d 0h 0m 4s)

---------------  T H R E A D  ---------------

Current thread (0x0000025d02d7b800):  VMThread "VM Thread" [stack: 0x0000009377400000,0x0000009377500000] [id=18724]

Stack: [0x0000009377400000,0x0000009377500000]
[error occurred during error reporting (printing stack bounds), id 0xc0000005, EXCEPTION_ACCESS_VIOLATION (0xc0000005) at pc=0x0000025d6bdf12e7]

Native frames: (J=compiled Java code, j=interpreted, Vv=VM code, C=native code)
V  [jvm.dll+0x62652a]
V  [jvm.dll+0x7b3249]
V  [jvm.dll+0x7b4938]
V  [jvm.dll+0x7b4f75]
V  [jvm.dll+0x7b4f2b]
V  [jvm.dll+0x6258b7]
V  [jvm.dll+0x625fc8]
C  [ntdll.dll+0xa3cff]
C  [ntdll.dll+0x1e456]
C  [ntdll.dll+0xa2cee]
C  0x0000025d6bdf12e7

VM_Operation (0x0000009376efd360): G1CollectForAllocation, mode: safepoint, requested by thread 0x0000025d6164c000


---------------  P R O C E S S  ---------------

Threads class SMR info:
_java_thread_list=0x0000025d02dbf9a0, length=10, elements={
0x0000025d6164c000, 0x0000025d02da2000, 0x0000025d02dad000, 0x0000025d02e0f000,
0x0000025d02e10800, 0x0000025d02e13800, 0x0000025d02dbd000, 0x0000025d02dc5000,
0x0000025d02e1e000, 0x0000025d030b1000
}

Java Threads: ( => current thread )
  0x0000025d6164c000 JavaThread "main" [_thread_blocked, id=28872, stack(0x0000009376e00000,0x0000009376f00000)]
  0x0000025d02da2000 JavaThread "Reference Handler" daemon [_thread_blocked, id=29684, stack(0x0000009377500000,0x0000009377600000)]
  0x0000025d02dad000 JavaThread "Finalizer" daemon [_thread_blocked, id=29904, stack(0x0000009377600000,0x0000009377700000)]
  0x0000025d02e0f000 JavaThread "Signal Dispatcher" daemon [_thread_blocked, id=22748, stack(0x0000009377700000,0x0000009377800000)]
  0x0000025d02e10800 JavaThread "Attach Listener" daemon [_thread_blocked, id=27016, stack(0x0000009377800000,0x0000009377900000)]
  0x0000025d02e13800 JavaThread "Service Thread" daemon [_thread_blocked, id=17460, stack(0x0000009377900000,0x0000009377a00000)]
  0x0000025d02dbd000 JavaThread "C2 CompilerThread0" daemon [_thread_blocked, id=23860, stack(0x0000009377a00000,0x0000009377b00000)]
  0x0000025d02dc5000 JavaThread "C1 CompilerThread0" daemon [_thread_blocked, id=13564, stack(0x0000009377b00000,0x0000009377c00000)]
  0x0000025d02e1e000 JavaThread "Sweeper thread" daemon [_thread_blocked, id=17332, stack(0x0000009377c00000,0x0000009377d00000)]
  0x0000025d030b1000 JavaThread "Common-Cleaner" daemon [_thread_blocked, id=29624, stack(0x0000009377d00000,0x0000009377e00000)]

Other Threads:
=>0x0000025d02d7b800 VMThread "VM Thread" [stack: 0x0000009377400000,0x0000009377500000] [id=18724]
  0x0000025d031f3000 WatcherThread [stack: 0x0000009377e00000,0x0000009377f00000] [id=5928]
  0x0000025d636b1800 GCTaskThread "GC Thread#0" [stack: 0x0000009376f00000,0x0000009377000000] [id=27236]
  0x0000025d03234000 GCTaskThread "GC Thread#1" [stack: 0x0000009377f00000,0x0000009378000000] [id=29764]
  0x0000025d636e3800 ConcurrentGCThread "G1 Main Marker" [stack: 0x0000009377000000,0x0000009377100000] [id=23484]
  0x0000025d636e5800 ConcurrentGCThread "G1 Conc#0" [stack: 0x0000009377100000,0x0000009377200000] [id=936]
  0x0000025d03c12800 ConcurrentGCThread "G1 Conc#1" [stack: 0x0000009378000000,0x0000009378100000] [id=22792]
  0x0000025d63713000 ConcurrentGCThread "G1 Refine#0" [stack: 0x0000009377200000,0x0000009377300000] [id=8032]
  0x0000025d041d8000 ConcurrentGCThread "G1 Refine#1" [stack: 0x0000009378100000,0x0000009378200000] [id=2768]
  0x0000025d63716000 ConcurrentGCThread "G1 Young RemSet Sampling" [stack: 0x0000009377300000,0x0000009377400000] [id=18984]

Threads with active compile tasks:
C2 CompilerThread0     4396 2207       4       com.sun.tools.javac.util.List::setTail (7 bytes)
C1 CompilerThread0     4396 2451 %     3       com.sun.tools.javac.code.Scope$ScopeImpl::remove @ 128 (179 bytes)

VM state:at safepoint (normal execution)

VM Mutex/Monitor currently owned by a thread:  ([mutex/lock_event])
[0x0000025d63698d80] Threads_lock - owner thread: 0x0000025d02d7b800
[0x0000025d6369a010] Heap_lock - owner thread: 0x0000025d6164c000

Heap address: 0x0000000083e00000, size: 1986 MB, Compressed Oops mode: 32-bit
Narrow klass base: 0x0000000000000000, Narrow klass shift: 3
Compressed class space size: 1073741824 Address: 0x0000000100000000

Heap:
 garbage-first heap   total 258048K, used 67072K [0x0000000083e00000, 0x0000000100000000)
  region size 1024K, 3 young (3072K), 3 survivors (3072K)
 Metaspace       used 16224K, capacity 16528K, committed 16640K, reserved 1064960K
  class space    used 1566K, capacity 1696K, committed 1792K, reserved 1048576K
Heap Regions: E=young(eden), S=young(survivor), O=old, HS=humongous(starts), HC=humongous(continues), CS=collection set, F=free, A=archive, TAMS=top-at-mark-start (previous, next)
|   0|0x0000000083e00000, 0x0000000083f00000, 0x0000000083f00000|100%| O|  |TAMS 0x0000000083f00000, 0x0000000083e00000| Untracked 
|   1|0x0000000083f00000, 0x0000000084000000, 0x0000000084000000|100%| O|  |TAMS 0x0000000084000000, 0x0000000083f00000| Untracked 
|   2|0x0000000084000000, 0x0000000084100000, 0x0000000084100000|100%| O|  |TAMS 0x0000000084100000, 0x0000000084000000| Untracked 
|   3|0x0000000084100000, 0x0000000084200000, 0x0000000084200000|100%| O|  |TAMS 0x0000000084200000, 0x0000000084100000| Untracked 
|   4|0x0000000084200000, 0x0000000084300000, 0x0000000084300000|100%| O|  |TAMS 0x0000000084300000, 0x0000000084200000| Untracked 
|   5|0x0000000084300000, 0x0000000084400000, 0x0000000084400000|100%| O|  |TAMS 0x0000000084400000, 0x0000000084300000| Untracked 
|   6|0x0000000084400000, 0x0000000084500000, 0x0000000084500000|100%| O|  |TAMS 0x0000000084500000, 0x0000000084400000| Untracked 
|   7|0x0000000084500000, 0x0000000084600000, 0x0000000084600000|100%| O|  |TAMS 0x0000000084600000, 0x0000000084500000| Untracked 
|   8|0x0000000084600000, 0x0000000084700000, 0x0000000084700000|100%|HS|  |TAMS 0x0000000084700000, 0x0000000084600000| Complete 
|   9|0x0000000084700000, 0x0000000084800000, 0x0000000084800000|100%|HC|  |TAMS 0x0000000084800000, 0x0000000084700000| Complete 
|  10|0x0000000084800000, 0x0000000084900000, 0x0000000084900000|100%|HC|  |TAMS 0x0000000084900000, 0x0000000084800000| Complete 
|  11|0x0000000084900000, 0x0000000084a00000, 0x0000000084a00000|100%| O|  |TAMS 0x0000000084a00000, 0x0000000084900000| Untracked 
|  12|0x0000000084a00000, 0x0000000084b00000, 0x0000000084b00000|100%| O|  |TAMS 0x0000000084b00000, 0x0000000084a00000| Untracked 
|  13|0x0000000084b00000, 0x0000000084c00000, 0x0000000084c00000|100%|HS|  |TAMS 0x0000000084c00000, 0x0000000084b00000| Complete 
|  14|0x0000000084c00000, 0x0000000084d00000, 0x0000000084d00000|100%| O|  |TAMS 0x0000000084d00000, 0x0000000084c00000| Untracked 
|  15|0x0000000084d00000, 0x0000000084e00000, 0x0000000084e00000|100%|HS|  |TAMS 0x0000000084e00000, 0x0000000084d00000| Complete 
|  16|0x0000000084e00000, 0x0000000084f00000, 0x0000000084f00000|100%|HC|  |TAMS 0x0000000084f00000, 0x0000000084e00000| Complete 
|  17|0x0000000084f00000, 0x0000000085000000, 0x0000000085000000|100%|HC|  |TAMS 0x0000000085000000, 0x0000000084f00000| Complete 
|  18|0x0000000085000000, 0x0000000085100000, 0x0000000085100000|100%|HC|  |TAMS 0x0000000085100000, 0x0000000085000000| Complete 
|  19|0x0000000085100000, 0x0000000085200000, 0x0000000085200000|100%|HC|  |TAMS 0x0000000085200000, 0x0000000085100000| Complete 
|  20|0x0000000085200000, 0x0000000085300000, 0x0000000085300000|100%|HS|  |TAMS 0x0000000085300000, 0x0000000085200000| Complete 
|  21|0x0000000085300000, 0x0000000085400000, 0x0000000085400000|100%|HC|  |TAMS 0x0000000085400000, 0x0000000085300000| Complete 
|  22|0x0000000085400000, 0x0000000085500000, 0x0000000085500000|100%|HS|  |TAMS 0x0000000085500000, 0x0000000085400000| Complete 
|  23|0x0000000085500000, 0x0000000085600000, 0x0000000085600000|100%| O|  |TAMS 0x0000000085600000, 0x0000000085500000| Untracked 
|  24|0x0000000085600000, 0x0000000085700000, 0x0000000085700000|100%| O|  |TAMS 0x0000000085700000, 0x0000000085600000| Untracked 
|  25|0x0000000085700000, 0x0000000085800000, 0x0000000085800000|100%| O|  |TAMS 0x0000000085800000, 0x0000000085700000| Untracked 
|  26|0x0000000085800000, 0x0000000085900000, 0x0000000085900000|100%| O|  |TAMS 0x0000000085900000, 0x0000000085800000| Untracked 
|  27|0x0000000085900000, 0x0000000085a00000, 0x0000000085a00000|100%| O|  |TAMS 0x0000000085a00000, 0x0000000085900000| Untracked 
|  28|0x0000000085a00000, 0x0000000085b00000, 0x0000000085b00000|100%| O|  |TAMS 0x0000000085b00000, 0x0000000085a00000| Untracked 
|  29|0x0000000085b00000, 0x0000000085b00000, 0x0000000085c00000|  0%| F|  |TAMS 0x0000000085b00000, 0x0000000085b00000| Untracked 
|  30|0x0000000085c00000, 0x0000000085d00000, 0x0000000085d00000|100%| O|  |TAMS 0x0000000085d00000, 0x0000000085c00000| Untracked 
|  31|0x0000000085d00000, 0x0000000085e00000, 0x0000000085e00000|100%| O|  |TAMS 0x0000000085e00000, 0x0000000085d00000| Untracked 
|  32|0x0000000085e00000, 0x0000000085f00000, 0x0000000085f00000|100%| O|  |TAMS 0x0000000085f00000, 0x0000000085e00000| Untracked 
|  33|0x0000000085f00000, 0x0000000086000000, 0x0000000086000000|100%| O|  |TAMS 0x0000000086000000, 0x0000000085f00000| Untracked 
|  34|0x0000000086000000, 0x0000000086100000, 0x0000000086100000|100%| O|  |TAMS 0x0000000086100000, 0x0000000086000000| Untracked 
|  35|0x0000000086100000, 0x0000000086200000, 0x0000000086200000|100%| O|  |TAMS 0x0000000086200000, 0x0000000086100000| Untracked 
|  36|0x0000000086200000, 0x0000000086300000, 0x0000000086300000|100%| O|  |TAMS 0x0000000086300000, 0x0000000086200000| Untracked 
|  37|0x0000000086300000, 0x0000000086400000, 0x0000000086400000|100%| O|  |TAMS 0x0000000086400000, 0x0000000086300000| Untracked 
|  38|0x0000000086400000, 0x0000000086500000, 0x0000000086500000|100%| O|  |TAMS 0x0000000086500000, 0x0000000086400000| Untracked 
|  39|0x0000000086500000, 0x0000000086600000, 0x0000000086600000|100%| O|  |TAMS 0x0000000086600000, 0x0000000086500000| Untracked 
|  40|0x0000000086600000, 0x0000000086700000, 0x0000000086700000|100%| O|  |TAMS 0x0000000086700000, 0x0000000086600000| Untracked 
|  41|0x0000000086700000, 0x0000000086800000, 0x0000000086800000|100%| O|  |TAMS 0x0000000086800000, 0x0000000086700000| Untracked 
|  42|0x0000000086800000, 0x0000000086900000, 0x0000000086900000|100%| O|  |TAMS 0x0000000086900000, 0x0000000086800000| Untracked 
|  43|0x0000000086900000, 0x0000000086a00000, 0x0000000086a00000|100%| O|  |TAMS 0x0000000086a00000, 0x0000000086900000| Untracked 
|  44|0x0000000086a00000, 0x0000000086b00000, 0x0000000086b00000|100%| O|  |TAMS 0x0000000086b00000, 0x0000000086a00000| Untracked 
|  45|0x0000000086b00000, 0x0000000086c00000, 0x0000000086c00000|100%| O|  |TAMS 0x0000000086c00000, 0x0000000086b00000| Untracked 
|  46|0x0000000086c00000, 0x0000000086d00000, 0x0000000086d00000|100%| O|  |TAMS 0x0000000086d00000, 0x0000000086c00000| Untracked 
|  47|0x0000000086d00000, 0x0000000086e00000, 0x0000000086e00000|100%| O|  |TAMS 0x0000000086e00000, 0x0000000086d00000| Untracked 
|  48|0x0000000086e00000, 0x0000000086f00000, 0x0000000086f00000|100%| O|  |TAMS 0x0000000086f00000, 0x0000000086e00000| Untracked 
|  49|0x0000000086f00000, 0x0000000087000000, 0x0000000087000000|100%| O|  |TAMS 0x0000000087000000, 0x0000000086f00000| Untracked 
|  50|0x0000000087000000, 0x0000000087100000, 0x0000000087100000|100%| O|  |TAMS 0x0000000087100000, 0x0000000087000000| Untracked 
|  51|0x0000000087100000, 0x0000000087200000, 0x0000000087200000|100%| O|  |TAMS 0x0000000087200000, 0x0000000087100000| Untracked 
|  52|0x0000000087200000, 0x0000000087300000, 0x0000000087300000|100%| O|  |TAMS 0x0000000087300000, 0x0000000087200000| Untracked 
|  53|0x0000000087300000, 0x0000000087400000, 0x0000000087400000|100%| O|  |TAMS 0x0000000087400000, 0x0000000087300000| Untracked 
|  54|0x0000000087400000, 0x0000000087500000, 0x0000000087500000|100%| O|  |TAMS 0x0000000087500000, 0x0000000087400000| Untracked 
|  55|0x0000000087500000, 0x0000000087600000, 0x0000000087600000|100%| O|  |TAMS 0x0000000087600000, 0x0000000087500000| Untracked 
|  56|0x0000000087600000, 0x0000000087700000, 0x0000000087700000|100%| O|  |TAMS 0x0000000087700000, 0x0000000087600000| Untracked 
|  57|0x0000000087700000, 0x0000000087800000, 0x0000000087800000|100%| O|  |TAMS 0x0000000087800000, 0x0000000087700000| Untracked 
|  58|0x0000000087800000, 0x0000000087900000, 0x0000000087900000|100%|HS|  |TAMS 0x0000000087800000, 0x0000000087800000| Complete 
|  59|0x0000000087900000, 0x0000000087a00000, 0x0000000087a00000|100%|HC|  |TAMS 0x0000000087900000, 0x0000000087900000| Complete 
|  60|0x0000000087a00000, 0x0000000087b00000, 0x0000000087b00000|100%| O|  |TAMS 0x0000000087a00000, 0x0000000087a00000| Untracked 
|  61|0x0000000087b00000, 0x0000000087c00000, 0x0000000087c00000|100%| O|  |TAMS 0x0000000087b00000, 0x0000000087b00000| Untracked 
|  62|0x0000000087c00000, 0x0000000087d00000, 0x0000000087d00000|100%| O|  |TAMS 0x0000000087c00000, 0x0000000087c00000| Untracked 
|  63|0x0000000087d00000, 0x0000000087d80000, 0x0000000087e00000| 50%| O|  |TAMS 0x0000000087d00000, 0x0000000087d00000| Untracked 
|  64|0x0000000087e00000, 0x0000000087e00000, 0x0000000087f00000|  0%| F|  |TAMS 0x0000000087e00000, 0x0000000087e00000| Untracked 
|  65|0x0000000087f00000, 0x0000000087f00000, 0x0000000088000000|  0%| F|  |TAMS 0x0000000087f00000, 0x0000000087f00000| Untracked 
|  66|0x0000000088000000, 0x0000000088000000, 0x0000000088100000|  0%| F|  |TAMS 0x0000000088000000, 0x0000000088000000| Untracked 
|  67|0x0000000088100000, 0x0000000088100000, 0x0000000088200000|  0%| F|  |TAMS 0x0000000088100000, 0x0000000088100000| Untracked 
|  68|0x0000000088200000, 0x0000000088200000, 0x0000000088300000|  0%| F|  |TAMS 0x0000000088200000, 0x0000000088200000| Untracked 
|  69|0x0000000088300000, 0x0000000088300000, 0x0000000088400000|  0%| F|  |TAMS 0x0000000088300000, 0x0000000088300000| Untracked 
|  70|0x0000000088400000, 0x0000000088400000, 0x0000000088500000|  0%| F|  |TAMS 0x0000000088400000, 0x0000000088400000| Untracked 
|  71|0x0000000088500000, 0x0000000088500000, 0x0000000088600000|  0%| F|  |TAMS 0x0000000088500000, 0x0000000088500000| Untracked 
|  72|0x0000000088600000, 0x0000000088600000, 0x0000000088700000|  0%| F|  |TAMS 0x0000000088600000, 0x0000000088600000| Untracked 
|  73|0x0000000088700000, 0x0000000088700000, 0x0000000088800000|  0%| F|  |TAMS 0x0000000088700000, 0x0000000088700000| Untracked 
|  74|0x0000000088800000, 0x0000000088800000, 0x0000000088900000|  0%| F|  |TAMS 0x0000000088800000, 0x0000000088800000| Untracked 
|  75|0x0000000088900000, 0x0000000088900000, 0x0000000088a00000|  0%| F|  |TAMS 0x0000000088900000, 0x0000000088900000| Untracked 
|  76|0x0000000088a00000, 0x0000000088a00000, 0x0000000088b00000|  0%| F|  |TAMS 0x0000000088a00000, 0x0000000088a00000| Untracked 
|  77|0x0000000088b00000, 0x0000000088b00000, 0x0000000088c00000|  0%| F|  |TAMS 0x0000000088b00000, 0x0000000088b00000| Untracked 
|  78|0x0000000088c00000, 0x0000000088c00000, 0x0000000088d00000|  0%| F|  |TAMS 0x0000000088c00000, 0x0000000088c00000| Untracked 
|  79|0x0000000088d00000, 0x0000000088d00000, 0x0000000088e00000|  0%| F|  |TAMS 0x0000000088d00000, 0x0000000088d00000| Untracked 
|  80|0x0000000088e00000, 0x0000000088e00000, 0x0000000088f00000|  0%| F|  |TAMS 0x0000000088e00000, 0x0000000088e00000| Untracked 
|  81|0x0000000088f00000, 0x0000000088f00000, 0x0000000089000000|  0%| F|  |TAMS 0x0000000088f00000, 0x0000000088f00000| Untracked 
|  82|0x0000000089000000, 0x0000000089000000, 0x0000000089100000|  0%| F|  |TAMS 0x0000000089000000, 0x0000000089000000| Untracked 
|  83|0x0000000089100000, 0x0000000089100000, 0x0000000089200000|  0%| F|  |TAMS 0x0000000089100000, 0x0000000089100000| Untracked 
|  84|0x0000000089200000, 0x0000000089200000, 0x0000000089300000|  0%| F|  |TAMS 0x0000000089200000, 0x0000000089200000| Untracked 
|  85|0x0000000089300000, 0x0000000089300000, 0x0000000089400000|  0%| F|  |TAMS 0x0000000089300000, 0x0000000089300000| Untracked 
|  86|0x0000000089400000, 0x0000000089400000, 0x0000000089500000|  0%| F|  |TAMS 0x0000000089400000, 0x0000000089400000| Untracked 
|  87|0x0000000089500000, 0x0000000089500000, 0x0000000089600000|  0%| F|  |TAMS 0x0000000089500000, 0x0000000089500000| Untracked 
|  88|0x0000000089600000, 0x0000000089600000, 0x0000000089700000|  0%| F|  |TAMS 0x0000000089600000, 0x0000000089600000| Untracked 
|  89|0x0000000089700000, 0x0000000089700000, 0x0000000089800000|  0%| F|  |TAMS 0x0000000089700000, 0x0000000089700000| Untracked 
|  90|0x0000000089800000, 0x0000000089800000, 0x0000000089900000|  0%| F|  |TAMS 0x0000000089800000, 0x0000000089800000| Untracked 
|  91|0x0000000089900000, 0x0000000089a00000, 0x0000000089a00000|100%| S|CS|TAMS 0x0000000089900000, 0x0000000089900000| Complete 
|  92|0x0000000089a00000, 0x0000000089b00000, 0x0000000089b00000|100%| S|CS|TAMS 0x0000000089a00000, 0x0000000089a00000| Complete 
|  93|0x0000000089b00000, 0x0000000089c00000, 0x0000000089c00000|100%| S|CS|TAMS 0x0000000089b00000, 0x0000000089b00000| Complete 
|  94|0x0000000089c00000, 0x0000000089c00000, 0x0000000089d00000|  0%| F|  |TAMS 0x0000000089c00000, 0x0000000089c00000| Untracked 
|  95|0x0000000089d00000, 0x0000000089d00000, 0x0000000089e00000|  0%| F|  |TAMS 0x0000000089d00000, 0x0000000089d00000| Untracked 
|  96|0x0000000089e00000, 0x0000000089e00000, 0x0000000089f00000|  0%| F|  |TAMS 0x0000000089e00000, 0x0000000089e00000| Untracked 
|  97|0x0000000089f00000, 0x0000000089f00000, 0x000000008a000000|  0%| F|  |TAMS 0x0000000089f00000, 0x0000000089f00000| Untracked 
|  98|0x000000008a000000, 0x000000008a000000, 0x000000008a100000|  0%| F|  |TAMS 0x000000008a000000, 0x000000008a000000| Untracked 
|  99|0x000000008a100000, 0x000000008a100000, 0x000000008a200000|  0%| F|  |TAMS 0x000000008a100000, 0x000000008a100000| Untracked 
| 100|0x000000008a200000, 0x000000008a200000, 0x000000008a300000|  0%| F|  |TAMS 0x000000008a200000, 0x000000008a200000| Untracked 
| 101|0x000000008a300000, 0x000000008a300000, 0x000000008a400000|  0%| F|  |TAMS 0x000000008a300000, 0x000000008a300000| Untracked 
| 102|0x000000008a400000, 0x000000008a400000, 0x000000008a500000|  0%| F|  |TAMS 0x000000008a400000, 0x000000008a400000| Untracked 
| 103|0x000000008a500000, 0x000000008a500000, 0x000000008a600000|  0%| F|  |TAMS 0x000000008a500000, 0x000000008a500000| Untracked 
| 104|0x000000008a600000, 0x000000008a600000, 0x000000008a700000|  0%| F|  |TAMS 0x000000008a600000, 0x000000008a600000| Untracked 
| 105|0x000000008a700000, 0x000000008a700000, 0x000000008a800000|  0%| F|  |TAMS 0x000000008a700000, 0x000000008a700000| Untracked 
| 106|0x000000008a800000, 0x000000008a800000, 0x000000008a900000|  0%| F|  |TAMS 0x000000008a800000, 0x000000008a800000| Untracked 
| 107|0x000000008a900000, 0x000000008a900000, 0x000000008aa00000|  0%| F|  |TAMS 0x000000008a900000, 0x000000008a900000| Untracked 
| 108|0x000000008aa00000, 0x000000008aa00000, 0x000000008ab00000|  0%| F|  |TAMS 0x000000008aa00000, 0x000000008aa00000| Untracked 
| 109|0x000000008ab00000, 0x000000008ab00000, 0x000000008ac00000|  0%| F|  |TAMS 0x000000008ab00000, 0x000000008ab00000| Untracked 
| 110|0x000000008ac00000, 0x000000008ac00000, 0x000000008ad00000|  0%| F|  |TAMS 0x000000008ac00000, 0x000000008ac00000| Untracked 
| 111|0x000000008ad00000, 0x000000008ad00000, 0x000000008ae00000|  0%| F|  |TAMS 0x000000008ad00000, 0x000000008ad00000| Untracked 

Card table byte_map: [0x0000025d7b520000,0x0000025d7b910000] _byte_map_base: 0x0000025d7b101000

Marking Bits (Prev, Next): (CMBitMap*) 0x0000025d636dad18, (CMBitMap*) 0x0000025d636dad50
 Prev Bits: [0x0000025d7bd00000, 0x0000025d7dc08000)
 Next Bits: [0x0000025d7dc10000, 0x0000025d7fb18000)

Polling page: 0x0000025d61660000

Metaspace:

Usage:
  Non-class:     14.48 MB capacity,    14.31 MB ( 99%) used,   146.98 KB ( <1%) free+waste,    27.56 KB ( <1%) overhead. 
      Class:      1.66 MB capacity,     1.53 MB ( 92%) used,   117.85 KB (  7%) free+waste,    11.56 KB ( <1%) overhead. 
       Both:     16.14 MB capacity,    15.84 MB ( 98%) used,   264.83 KB (  2%) free+waste,    39.13 KB ( <1%) overhead. 

Virtual space:
  Non-class space:       16.00 MB reserved,      14.50 MB ( 91%) committed 
      Class space:        1.00 GB reserved,       1.75 MB ( <1%) committed 
             Both:        1.02 GB reserved,      16.25 MB (  2%) committed 

Chunk freelists:
   Non-Class:  16.00 KB
       Class:  0 bytes
        Both:  16.00 KB

MaxMetaspaceSize: 17179869184.00 GB
CompressedClassSpaceSize: 1.00 GB
Initial GC threshold: 20.80 MB
Current GC threshold: 27.09 MB
CDS: off

CodeHeap 'non-profiled nmethods': size=120000Kb used=855Kb max_used=855Kb free=119144Kb
 bounds [0x0000025d738c0000, 0x0000025d73b30000, 0x0000025d7adf0000]
CodeHeap 'profiled nmethods': size=120000Kb used=4590Kb max_used=4590Kb free=115409Kb
 bounds [0x0000025d6c390000, 0x0000025d6c810000, 0x0000025d738c0000]
CodeHeap 'non-nmethods': size=5760Kb used=1163Kb max_used=1192Kb free=4596Kb
 bounds [0x0000025d6bdf0000, 0x0000025d6c060000, 0x0000025d6c390000]
 total_blobs=2798 nmethods=2392 adapters=318
 compilation: enabled
              stopped_count=0, restarted_count=0
 full_count=0

Compilation events (20 events):
Event: 4.339 Thread 0x0000025d02dc5000 nmethod 2447 0x0000025d6c809b10 code [0x0000025d6c809d60, 0x0000025d6c80a4a8]
Event: 4.339 Thread 0x0000025d02dc5000 2448       2       jdk.nio.zipfs.ZipFileSystem$EntryInputStream::initDataPos (94 bytes)
Event: 4.340 Thread 0x0000025d02dc5000 nmethod 2448 0x0000025d6c80a910 code [0x0000025d6c80ab20, 0x0000025d6c80b0a8]
Event: 4.341 Thread 0x0000025d02dbd000 nmethod 1227 0x0000025d73994010 code [0x0000025d739941e0, 0x0000025d73994758]
Event: 4.341 Thread 0x0000025d02dbd000  982       4       com.sun.tools.javac.parser.JavaTokenizer::isSpecial (136 bytes)
Event: 4.341 Thread 0x0000025d02dc5000 2450       2       jdk.nio.zipfs.ZipFileSystem$3::fill (80 bytes)
Event: 4.341 Thread 0x0000025d02dc5000 nmethod 2450 0x0000025d6c80b410 code [0x0000025d6c80b600, 0x0000025d6c80b888]
Event: 4.342 Thread 0x0000025d02dbd000 nmethod 982 0x0000025d73994a90 code [0x0000025d73994c20, 0x0000025d73994d58]
Event: 4.342 Thread 0x0000025d02dbd000 1132       4       com.sun.tools.javac.parser.JavacParser::bracketsOpt (9 bytes)
Event: 4.342 Thread 0x0000025d02dbd000 nmethod 1132 0x0000025d73994e10 code [0x0000025d73994fc0, 0x0000025d73995048]
Event: 4.342 Thread 0x0000025d02dbd000 1179       4       com.sun.tools.javac.parser.JavacParser::prec (21 bytes)
Event: 4.343 Thread 0x0000025d02dbd000 nmethod 1179 0x0000025d73995110 code [0x0000025d739952c0, 0x0000025d73995358]
Event: 4.343 Thread 0x0000025d02dbd000 2060       4       com.sun.tools.javac.code.Type$ClassType::getTag (4 bytes)
Event: 4.343 Thread 0x0000025d02dbd000 nmethod 2060 0x0000025d73995410 code [0x0000025d739955a0, 0x0000025d73995618]
Event: 4.343 Thread 0x0000025d02dbd000 2234       4       com.sun.tools.javac.code.Type$ClassType::accept (9 bytes)
Event: 4.343 Thread 0x0000025d02dbd000 nmethod 2234 0x0000025d73995710 code [0x0000025d739958a0, 0x0000025d73995938]
Event: 4.343 Thread 0x0000025d02dbd000 2186       4       com.sun.tools.javac.jvm.ClassReader::nextInt (93 bytes)
Event: 4.344 Thread 0x0000025d02dc5000 2451 %     3       com.sun.tools.javac.code.Scope$ScopeImpl::remove @ 128 (179 bytes)
Event: 4.344 Thread 0x0000025d02dbd000 nmethod 2186 0x0000025d73995a10 code [0x0000025d73995ba0, 0x0000025d73995c98]
Event: 4.344 Thread 0x0000025d02dbd000 2207       4       com.sun.tools.javac.util.List::setTail (7 bytes)

GC Heap History (20 events):
Event: 2.274 GC heap after
{Heap after GC invocations=31 (full 0):
 garbage-first heap   total 29696K, used 17749K [0x0000000083e00000, 0x0000000100000000)
  region size 1024K, 1 young (1024K), 1 survivors (1024K)
 Metaspace       used 13794K, capacity 14132K, committed 14336K, reserved 1062912K
  class space    used 1409K, capacity 1503K, committed 1536K, reserved 1048576K
}
Event: 2.314 GC heap before
{Heap before GC invocations=32 (full 0):
 garbage-first heap   total 29696K, used 19797K [0x0000000083e00000, 0x0000000100000000)
  region size 1024K, 4 young (4096K), 1 survivors (1024K)
 Metaspace       used 13794K, capacity 14132K, committed 14336K, reserved 1062912K
  class space    used 1409K, capacity 1503K, committed 1536K, reserved 1048576K
}
Event: 2.315 GC heap after
{Heap after GC invocations=33 (full 0):
 garbage-first heap   total 29696K, used 17867K [0x0000000083e00000, 0x0000000100000000)
  region size 1024K, 1 young (1024K), 1 survivors (1024K)
 Metaspace       used 13794K, capacity 14132K, committed 14336K, reserved 1062912K
  class space    used 1409K, capacity 1503K, committed 1536K, reserved 1048576K
}
Event: 2.330 GC heap before
{Heap before GC invocations=33 (full 0):
 garbage-first heap   total 29696K, used 18891K [0x0000000083e00000, 0x0000000100000000)
  region size 1024K, 3 young (3072K), 1 survivors (1024K)
 Metaspace       used 13794K, capacity 14132K, committed 14336K, reserved 1062912K
  class space    used 1409K, capacity 1503K, committed 1536K, reserved 1048576K
}
Event: 2.333 GC heap after
{Heap after GC invocations=34 (full 0):
 garbage-first heap   total 57344K, used 17965K [0x0000000083e00000, 0x0000000100000000)
  region size 1024K, 1 young (1024K), 1 survivors (1024K)
 Metaspace       used 13794K, capacity 14132K, committed 14336K, reserved 1062912K
  class space    used 1409K, capacity 1503K, committed 1536K, reserved 1048576K
}
Event: 2.366 GC heap before
{Heap before GC invocations=35 (full 0):
 garbage-first heap   total 57344K, used 32301K [0x0000000083e00000, 0x0000000100000000)
  region size 1024K, 2 young (2048K), 1 survivors (1024K)
 Metaspace       used 13794K, capacity 14132K, committed 14336K, reserved 1062912K
  class space    used 1409K, capacity 1503K, committed 1536K, reserved 1048576K
}
Event: 2.369 GC heap after
{Heap after GC invocations=36 (full 0):
 garbage-first heap   total 57344K, used 18165K [0x0000000083e00000, 0x0000000100000000)
  region size 1024K, 1 young (1024K), 1 survivors (1024K)
 Metaspace       used 13794K, capacity 14132K, committed 14336K, reserved 1062912K
  class space    used 1409K, capacity 1503K, committed 1536K, reserved 1048576K
}
Event: 2.457 GC heap before
{Heap before GC invocations=37 (full 0):
 garbage-first heap   total 57344K, used 30453K [0x0000000083e00000, 0x0000000100000000)
  region size 1024K, 8 young (8192K), 1 survivors (1024K)
 Metaspace       used 13794K, capacity 14132K, committed 14336K, reserved 1062912K
  class space    used 1409K, capacity 1503K, committed 1536K, reserved 1048576K
}
Event: 2.464 GC heap after
{Heap after GC invocations=38 (full 0):
 garbage-first heap   total 57344K, used 23336K [0x0000000083e00000, 0x0000000100000000)
  region size 1024K, 2 young (2048K), 2 survivors (2048K)
 Metaspace       used 13794K, capacity 14132K, committed 14336K, reserved 1062912K
  class space    used 1409K, capacity 1503K, committed 1536K, reserved 1048576K
}
Event: 2.775 GC heap before
{Heap before GC invocations=39 (full 0):
 garbage-first heap   total 57344K, used 35624K [0x0000000083e00000, 0x0000000100000000)
  region size 1024K, 12 young (12288K), 2 survivors (2048K)
 Metaspace       used 13929K, capacity 14197K, committed 14336K, reserved 1062912K
  class space    used 1409K, capacity 1503K, committed 1536K, reserved 1048576K
}
Event: 2.785 GC heap after
{Heap after GC invocations=40 (full 0):
 garbage-first heap   total 57344K, used 25600K [0x0000000083e00000, 0x0000000100000000)
  region size 1024K, 2 young (2048K), 2 survivors (2048K)
 Metaspace       used 13929K, capacity 14197K, committed 14336K, reserved 1062912K
  class space    used 1409K, capacity 1503K, committed 1536K, reserved 1048576K
}
Event: 3.065 GC heap before
{Heap before GC invocations=40 (full 0):
 garbage-first heap   total 57344K, used 37888K [0x0000000083e00000, 0x0000000100000000)
  region size 1024K, 12 young (12288K), 2 survivors (2048K)
 Metaspace       used 14267K, capacity 14595K, committed 14720K, reserved 1062912K
  class space    used 1442K, capacity 1571K, committed 1664K, reserved 1048576K
}
Event: 3.073 GC heap after
{Heap after GC invocations=41 (full 0):
 garbage-first heap   total 114688K, used 31208K [0x0000000083e00000, 0x0000000100000000)
  region size 1024K, 2 young (2048K), 2 survivors (2048K)
 Metaspace       used 14267K, capacity 14595K, committed 14720K, reserved 1062912K
  class space    used 1442K, capacity 1571K, committed 1664K, reserved 1048576K
}
Event: 3.633 GC heap before
{Heap before GC invocations=41 (full 0):
 garbage-first heap   total 114688K, used 56808K [0x0000000083e00000, 0x0000000100000000)
  region size 1024K, 26 young (26624K), 2 survivors (2048K)
 Metaspace       used 15482K, capacity 15780K, committed 16000K, reserved 1062912K
  class space    used 1524K, capacity 1646K, committed 1664K, reserved 1048576K
}
Event: 3.649 GC heap after
{Heap after GC invocations=42 (full 0):
 garbage-first heap   total 114688K, used 38912K [0x0000000083e00000, 0x0000000100000000)
  region size 1024K, 4 young (4096K), 4 survivors (4096K)
 Metaspace       used 15482K, capacity 15780K, committed 16000K, reserved 1062912K
  class space    used 1524K, capacity 1646K, committed 1664K, reserved 1048576K
}
Event: 3.942 GC heap before
{Heap before GC invocations=42 (full 0):
 garbage-first heap   total 114688K, used 67584K [0x0000000083e00000, 0x0000000100000000)
  region size 1024K, 32 young (32768K), 4 survivors (4096K)
 Metaspace       used 15975K, capacity 16260K, committed 16384K, reserved 1064960K
  class space    used 1562K, capacity 1696K, committed 1792K, reserved 1048576K
}
Event: 4.001 GC heap after
{Heap after GC invocations=43 (full 0):
 garbage-first heap   total 114688K, used 58147K [0x0000000083e00000, 0x0000000100000000)
  region size 1024K, 4 young (4096K), 4 survivors (4096K)
 Metaspace       used 15975K, capacity 16260K, committed 16384K, reserved 1064960K
  class space    used 1562K, capacity 1696K, committed 1792K, reserved 1048576K
}
Event: 4.075 GC heap before
{Heap before GC invocations=43 (full 0):
 garbage-first heap   total 114688K, used 65315K [0x0000000083e00000, 0x0000000100000000)
  region size 1024K, 12 young (12288K), 4 survivors (4096K)
 Metaspace       used 16037K, capacity 16325K, committed 16640K, reserved 1064960K
  class space    used 1563K, capacity 1696K, committed 1792K, reserved 1048576K
}
Event: 4.100 GC heap after
{Heap after GC invocations=44 (full 0):
 garbage-first heap   total 114688K, used 62464K [0x0000000083e00000, 0x0000000100000000)
  region size 1024K, 3 young (3072K), 3 survivors (3072K)
 Metaspace       used 16037K, capacity 16325K, committed 16640K, reserved 1064960K
  class space    used 1563K, capacity 1696K, committed 1792K, reserved 1048576K
}
Event: 4.345 GC heap before
{Heap before GC invocations=45 (full 0):
 garbage-first heap   total 114688K, used 79872K [0x0000000083e00000, 0x0000000100000000)
  region size 1024K, 18 young (18432K), 3 survivors (3072K)
 Metaspace       used 16224K, capacity 16528K, committed 16640K, reserved 1064960K
  class space    used 1566K, capacity 1696K, committed 1792K, reserved 1048576K
}

Deoptimization events (20 events):
Event: 3.666 Thread 0x0000025d6164c000 DEOPT PACKING pc=0x0000025d6c6edef0 sp=0x0000009376efe880
Event: 3.666 Thread 0x0000025d6164c000 DEOPT UNPACKING pc=0x0000025d6be39d0e sp=0x0000009376efdd88 mode 0
Event: 3.700 Thread 0x0000025d6164c000 Uncommon trap: trap_request=0xffffffde fr.pc=0x0000025d739683dc relative=0x000000000000039c
Event: 3.700 Thread 0x0000025d6164c000 Uncommon trap: reason=class_check action=maybe_recompile pc=0x0000025d739683dc method=java.util.HashMap.getNode(ILjava/lang/Object;)Ljava/util/HashMap$Node; @ 126 c2
Event: 3.700 Thread 0x0000025d6164c000 DEOPT PACKING pc=0x0000025d739683dc sp=0x0000009376efe3a0
Event: 3.700 Thread 0x0000025d6164c000 DEOPT UNPACKING pc=0x0000025d6bdf85af sp=0x0000009376efe2a8 mode 2
Event: 3.700 Thread 0x0000025d6164c000 Uncommon trap: trap_request=0xffffffde fr.pc=0x0000025d739683dc relative=0x000000000000039c
Event: 3.700 Thread 0x0000025d6164c000 Uncommon trap: reason=class_check action=maybe_recompile pc=0x0000025d739683dc method=java.util.HashMap.getNode(ILjava/lang/Object;)Ljava/util/HashMap$Node; @ 126 c2
Event: 3.700 Thread 0x0000025d6164c000 DEOPT PACKING pc=0x0000025d739683dc sp=0x0000009376efe430
Event: 3.700 Thread 0x0000025d6164c000 DEOPT UNPACKING pc=0x0000025d6bdf85af sp=0x0000009376efe338 mode 2
Event: 3.803 Thread 0x0000025d6164c000 DEOPT PACKING pc=0x0000025d6c73f474 sp=0x0000009376efd710
Event: 3.803 Thread 0x0000025d6164c000 DEOPT UNPACKING pc=0x0000025d6be39d0e sp=0x0000009376efcc90 mode 0
Event: 3.896 Thread 0x0000025d6164c000 DEOPT PACKING pc=0x0000025d6c749ee6 sp=0x0000009376efe7f0
Event: 3.896 Thread 0x0000025d6164c000 DEOPT UNPACKING pc=0x0000025d6be39d0e sp=0x0000009376efdcd8 mode 0
Event: 4.033 Thread 0x0000025d6164c000 Uncommon trap: trap_request=0xffffff4d fr.pc=0x0000025d7397ecd8 relative=0x0000000000000118
Event: 4.033 Thread 0x0000025d6164c000 Uncommon trap: reason=unstable_if action=reinterpret pc=0x0000025d7397ecd8 method=com.sun.tools.javac.code.Scope$ScopeImpl.getIndex(Lcom/sun/tools/javac/util/Name;)I @ 60 c2
Event: 4.033 Thread 0x0000025d6164c000 DEOPT PACKING pc=0x0000025d7397ecd8 sp=0x0000009376efd4b0
Event: 4.033 Thread 0x0000025d6164c000 DEOPT UNPACKING pc=0x0000025d6bdf85af sp=0x0000009376efd420 mode 2
Event: 4.037 Thread 0x0000025d6164c000 DEOPT PACKING pc=0x0000025d6c6f399e sp=0x0000009376efd6b0
Event: 4.037 Thread 0x0000025d6164c000 DEOPT UNPACKING pc=0x0000025d6be39d0e sp=0x0000009376efcb10 mode 0

Classes redefined (0 events):
No events

Internal exceptions (13 events):
Event: 1.192 Thread 0x0000025d6164c000 Exception <a 'sun/nio/fs/WindowsException'{0x0000000084476d08}> (0x0000000084476d08) thrown at [./src/hotspot/share/prims/jni.cpp, line 617]
Event: 1.193 Thread 0x0000025d6164c000 Exception <a 'sun/nio/fs/WindowsException'{0x000000008448c4a0}> (0x000000008448c4a0) thrown at [./src/hotspot/share/prims/jni.cpp, line 617]
Event: 1.193 Thread 0x0000025d6164c000 Exception <a 'sun/nio/fs/WindowsException'{0x000000008448c7c0}> (0x000000008448c7c0) thrown at [./src/hotspot/share/prims/jni.cpp, line 617]
Event: 1.197 Thread 0x0000025d6164c000 Exception <a 'sun/nio/fs/WindowsException'{0x000000008448f2d0}> (0x000000008448f2d0) thrown at [./src/hotspot/share/prims/jni.cpp, line 617]
Event: 1.197 Thread 0x0000025d6164c000 Exception <a 'sun/nio/fs/WindowsException'{0x000000008448f588}> (0x000000008448f588) thrown at [./src/hotspot/share/prims/jni.cpp, line 617]
Event: 1.200 Thread 0x0000025d6164c000 Exception <a 'java/lang/NoSuchMethodError'{0x00000000844999b0}: 'int java.lang.invoke.DirectMethodHandle$Holder.invokeVirtual(java.lang.Object, java.lang.Object, java.lang.Object)'> (0x00000000844999b0) thrown at [./src/hotspot/share/interpreter/linkResolver.cpp, line 773]
Event: 1.287 Thread 0x0000025d6164c000 Exception <a 'java/lang/NoSuchMethodError'{0x00000000845d4500}: 'int java.lang.invoke.DirectMethodHandle$Holder.invokeStaticInit(java.lang.Object, java.lang.Object)'> (0x00000000845d4500) thrown at [./src/hotspot/share/interpreter/linkResolver.cpp, line 773]
Event: 1.370 Thread 0x0000025d6164c000 Exception <a 'java/lang/NoSuchMethodError'{0x00000000844a6c68}: 'int java.lang.invoke.DirectMethodHandle$Holder.invokeVirtual(java.lang.Object, java.lang.Object)'> (0x00000000844a6c68) thrown at [./src/hotspot/share/interpreter/linkResolver.cpp, line 773]
Event: 1.376 Thread 0x0000025d6164c000 Exception <a 'java/lang/NoSuchMethodError'{0x00000000844d7fb8}: 'java.lang.Object java.lang.invoke.Invokers$Holder.linkToTargetMethod(java.lang.Object, java.lang.Object, java.lang.Object, java.lang.Object, java.lang.Object, java.lang.Object)'> (0x00000000844d7fb8) thrown at [./src/hotspot/share/interpreter/linkResolver.cpp, line 773]
Event: 1.766 Thread 0x0000025d6164c000 Exception <a 'java/lang/NoSuchMethodError'{0x0000000084591110}: 'int java.lang.invoke.DirectMethodHandle$Holder.invokeSpecialIFC(java.lang.Object, java.lang.Object, int)'> (0x0000000084591110) thrown at [./src/hotspot/share/interpreter/linkResolver.cpp, line 773]
Event: 3.144 Thread 0x0000025d6164c000 Exception <a 'java/lang/NoSuchMethodError'{0x000000008ab697c8}: 'java.lang.Object java.lang.invoke.DirectMethodHandle$Holder.invokeStatic(java.lang.Object, int, java.lang.Object)'> (0x000000008ab697c8) thrown at [./src/hotspot/share/interpreter/linkResolver.cpp, line 773]
Event: 3.205 Thread 0x0000025d6164c000 Implicit null exception at 0x0000025d73943a2c to 0x0000025d73943b4e
Event: 3.537 Thread 0x0000025d6164c000 Exception <a 'java/lang/NoSuchMethodError'{0x0000000089b84150}: 'int java.lang.invoke.DirectMethodHandle$Holder.invokeSpecial(java.lang.Object, java.lang.Object, java.lang.Object, java.lang.Object, java.lang.Object)'> (0x0000000089b84150) thrown at [./src/hotspot/share/interpreter/linkResolver.cpp, line 773]

Events (20 events):
Event: 3.746 loading class com/sun/tools/javac/code/Symbol done
Event: 3.746 loading class com/sun/tools/javac/code/Symbol
Event: 3.746 loading class com/sun/tools/javac/code/Symbol done
Event: 3.804 loading class com/sun/tools/javac/code/Type
Event: 3.804 loading class com/sun/tools/javac/code/Type done
Event: 3.804 loading class com/sun/tools/javac/code/Type
Event: 3.804 loading class com/sun/tools/javac/code/Type done
Event: 3.804 loading class com/sun/tools/javac/code/Types$TypeMapping
Event: 3.804 loading class com/sun/tools/javac/code/Types$TypeMapping done
Event: 3.942 Executing VM operation: G1CollectForAllocation
Event: 4.001 Executing VM operation: G1CollectForAllocation done
Event: 4.065 loading class java/lang/Long$LongCache
Event: 4.065 loading class java/lang/Long$LongCache done
Event: 4.075 Executing VM operation: G1CollectForAllocation
Event: 4.100 Executing VM operation: G1CollectForAllocation done
Event: 4.172 Executing VM operation: CGC_Operation
Event: 4.178 Executing VM operation: CGC_Operation done
Event: 4.222 Executing VM operation: CGC_Operation
Event: 4.223 Executing VM operation: CGC_Operation done
Event: 4.345 Executing VM operation: G1CollectForAllocation


Dynamic libraries:
0x00007ff7d6fa0000 - 0x00007ff7d6fa7000 	C:\Program Files\Microsoft\jdk-11.0.16.101-hotspot\bin\javac.exe
0x00007ffa0dfd0000 - 0x00007ffa0e1e4000 	C:\WINDOWS\SYSTEM32\ntdll.dll
0x00007ffa0ccd0000 - 0x00007ffa0cd93000 	C:\WINDOWS\System32\KERNEL32.DLL
0x00007ffa0b480000 - 0x00007ffa0b81c000 	C:\WINDOWS\System32\KERNELBASE.dll
0x00007ffa0bad0000 - 0x00007ffa0bbe1000 	C:\WINDOWS\System32\ucrtbase.dll
0x00007ff9ea410000 - 0x00007ff9ea427000 	C:\Program Files\Microsoft\jdk-11.0.16.101-hotspot\bin\jli.dll
0x00007ff9ea4b0000 - 0x00007ff9ea4c5000 	C:\Program Files\Microsoft\jdk-11.0.16.101-hotspot\bin\VCRUNTIME140.dll
0x00007ffa0d000000 - 0x00007ffa0d1ad000 	C:\WINDOWS\System32\USER32.dll
0x00007ffa0b8c0000 - 0x00007ffa0b8e6000 	C:\WINDOWS\System32\win32u.dll
0x00007ffa0be90000 - 0x00007ffa0beb9000 	C:\WINDOWS\System32\GDI32.dll
0x00007ffa0b8f0000 - 0x00007ffa0ba03000 	C:\WINDOWS\System32\gdi32full.dll
0x00007ffa0b820000 - 0x00007ffa0b8ba000 	C:\WINDOWS\System32\msvcp_win.dll
0x00007ff9ec750000 - 0x00007ff9ec9de000 	C:\WINDOWS\WinSxS\amd64_microsoft.windows.common-controls_6595b64144ccf1df_6.0.22621.608_none_a9444ca7c10bb01d\COMCTL32.dll
0x00007ffa0c080000 - 0x00007ffa0c127000 	C:\WINDOWS\System32\msvcrt.dll
0x00007ffa0cf60000 - 0x00007ffa0cf91000 	C:\WINDOWS\System32\IMM32.DLL
0x00007ff9a7400000 - 0x00007ff9a749b000 	C:\Program Files\Microsoft\jdk-11.0.16.101-hotspot\bin\msvcp140.dll
0x00007ff9903a0000 - 0x00007ff990f2a000 	C:\Program Files\Microsoft\jdk-11.0.16.101-hotspot\bin\server\jvm.dll
0x00007ffa0c890000 - 0x00007ffa0c93e000 	C:\WINDOWS\System32\ADVAPI32.dll
0x00007ffa0ce00000 - 0x00007ffa0cea4000 	C:\WINDOWS\System32\sechost.dll
0x00007ffa0cbb0000 - 0x00007ffa0ccc5000 	C:\WINDOWS\System32\RPCRT4.dll
0x00007ffa0cba0000 - 0x00007ffa0cba8000 	C:\WINDOWS\System32\PSAPI.DLL
0x00007ff9e8520000 - 0x00007ff9e8529000 	C:\WINDOWS\SYSTEM32\WSOCK32.dll
0x00007ffa0cec0000 - 0x00007ffa0cf31000 	C:\WINDOWS\System32\WS2_32.dll
0x00007ffa03c70000 - 0x00007ffa03ca4000 	C:\WINDOWS\SYSTEM32\WINMM.dll
0x00007ffa00b80000 - 0x00007ffa00b8a000 	C:\WINDOWS\SYSTEM32\VERSION.dll
0x00007ffa0a430000 - 0x00007ffa0a448000 	C:\WINDOWS\SYSTEM32\kernel.appcore.dll
0x00007ff9ea400000 - 0x00007ff9ea410000 	C:\Program Files\Microsoft\jdk-11.0.16.101-hotspot\bin\verify.dll
0x00007ffa08970000 - 0x00007ffa08b9e000 	C:\WINDOWS\SYSTEM32\DBGHELP.DLL
0x00007ffa0d1b0000 - 0x00007ffa0d539000 	C:\WINDOWS\System32\combase.dll
0x00007ffa0bf50000 - 0x00007ffa0c027000 	C:\WINDOWS\System32\OLEAUT32.dll
0x00007ff9e4aa0000 - 0x00007ff9e4ad2000 	C:\WINDOWS\SYSTEM32\dbgcore.DLL
0x00007ffa0bbf0000 - 0x00007ffa0bc6b000 	C:\WINDOWS\System32\bcryptPrimitives.dll
0x00007ff9d4ac0000 - 0x00007ff9d4ae8000 	C:\Program Files\Microsoft\jdk-11.0.16.101-hotspot\bin\java.dll
0x00007ff9ea3f0000 - 0x00007ff9ea3fa000 	C:\Program Files\Microsoft\jdk-11.0.16.101-hotspot\bin\jimage.dll
0x00007ff9dd570000 - 0x00007ff9dd588000 	C:\Program Files\Microsoft\jdk-11.0.16.101-hotspot\bin\zip.dll
0x00007ffa0d540000 - 0x00007ffa0dd30000 	C:\WINDOWS\System32\SHELL32.dll
0x00007ffa093d0000 - 0x00007ffa09c9e000 	C:\WINDOWS\SYSTEM32\windows.storage.dll
0x00007ffa09290000 - 0x00007ffa093ce000 	C:\WINDOWS\SYSTEM32\wintypes.dll
0x00007ffa0caa0000 - 0x00007ffa0cb91000 	C:\WINDOWS\System32\SHCORE.dll
0x00007ffa0cda0000 - 0x00007ffa0cdfe000 	C:\WINDOWS\System32\shlwapi.dll
0x00007ffa0b340000 - 0x00007ffa0b361000 	C:\WINDOWS\SYSTEM32\profapi.dll
0x00007ff9d41e0000 - 0x00007ff9d41f9000 	C:\Program Files\Microsoft\jdk-11.0.16.101-hotspot\bin\net.dll
0x00007ffa05360000 - 0x00007ffa0548f000 	C:\WINDOWS\SYSTEM32\WINHTTP.dll
0x00007ffa0a910000 - 0x00007ffa0a979000 	C:\WINDOWS\system32\mswsock.dll
0x00007ff9d41c0000 - 0x00007ff9d41d3000 	C:\Program Files\Microsoft\jdk-11.0.16.101-hotspot\bin\nio.dll

dbghelp: loaded successfully - version: 4.0.5 - missing functions: none
symbol engine: initialized successfully - sym options: 0x614 - pdb path: .;C:\Program Files\Microsoft\jdk-11.0.16.101-hotspot\bin;C:\WINDOWS\SYSTEM32;C:\WINDOWS\WinSxS\amd64_microsoft.windows.common-controls_6595b64144ccf1df_6.0.22621.608_none_a9444ca7c10bb01d;C:\Program Files\Microsoft\jdk-11.0.16.101-hotspot\bin\server

VM Arguments:
jvm_args: -Dapplication.home=C:\Program Files\Microsoft\jdk-11.0.16.101-hotspot --add-modules=ALL-DEFAULT -Xms8m -Dfile.encoding=UTF8 -Djdk.module.main=jdk.compiler 
java_command: jdk.compiler/com.sun.tools.javac.Main @C:\Users\activ\AppData\Local\Temp\tmp28D0.tmp -target 1.8 -source 1.8
java_class_path (initial): <not set>
Launcher Type: SUN_STANDARD

[Global flags]
     intx CICompilerCount                          = 4                                         {product} {ergonomic}
     uint ConcGCThreads                            = 2                                         {product} {ergonomic}
     uint G1ConcRefinementThreads                  = 8                                         {product} {ergonomic}
   size_t G1HeapRegionSize                         = 1048576                                   {product} {ergonomic}
    uintx GCDrainStackTargetSize                   = 64                                        {product} {ergonomic}
   size_t InitialHeapSize                          = 8388608                                   {product} {command line}
   size_t MarkStackSize                            = 4194304                                   {product} {ergonomic}
   size_t MaxHeapSize                              = 2082471936                                {product} {ergonomic}
   size_t MaxNewSize                               = 1248854016                                {product} {ergonomic}
   size_t MinHeapDeltaBytes                        = 1048576                                   {product} {ergonomic}
    uintx NonNMethodCodeHeapSize                   = 5836300                                {pd product} {ergonomic}
    uintx NonProfiledCodeHeapSize                  = 122910970                              {pd product} {ergonomic}
    uintx ProfiledCodeHeapSize                     = 122910970                              {pd product} {ergonomic}
    uintx ReservedCodeCacheSize                    = 251658240                              {pd product} {ergonomic}
     bool SegmentedCodeCache                       = true                                      {product} {ergonomic}
     bool UseCompressedClassPointers               = true                                 {lp64_product} {ergonomic}
     bool UseCompressedOops                        = true                                 {lp64_product} {ergonomic}
     bool UseG1GC                                  = true                                      {product} {ergonomic}
     bool UseLargePagesIndividualAllocation        = false                                  {pd product} {ergonomic}

Logging:
Log output configuration:
 #0: stdout all=warning uptime,level,tags
 #1: stderr all=off uptime,level,tags

Environment Variables:
PATH=C:\Program Files\Microsoft\jdk-11.0.16.101-hotspot\bin;C:\WINDOWS\system32;C:\WINDOWS;C:\WINDOWS\System32\Wbem;C:\WINDOWS\System32\WindowsPowerShell\v1.0\;C:\WINDOWS\System32\OpenSSH\;C:\Program Files\Microsoft SQL Server\150\Tools\Binn\;C:\Program Files\Microsoft SQL Server\Client SDK\ODBC\170\Tools\Binn\;C:\Program Files (x86)\Microsoft SQL Server\160\Tools\Binn\;C:\Program Files\Microsoft SQL Server\160\Tools\Binn\;C:\Program Files\Microsoft SQL Server\160\DTS\Binn\;C:\Program Files (x86)\Microsoft SQL Server\160\DTS\Binn\;C:\Program Files\Azure Data Studio\bin;C:\Program Files\Git\cmd;C:\Program Files\nodejs\;C:\Program Files\dotnet\;C:\Users\activ\AppData\Local\Microsoft\WindowsApps;C:\Users\activ\.dotnet\tools;C:\Program Files\Azure Data Studio\bin;C:\Users\activ\AppData\Roaming\npm;C:\Users\activ\AppData\Local\Programs\Microsoft VS Code\bin;C:\Users\activ\.dotnet\tools;C:\PROGRAM FILES\MICROSOFT VISUAL STUDIO\2022\COMMUNITY\COMMON7\IDE\EXTENSIONS\XAMARIN.VISUALSTUDIO
USERNAME=activ
OS=Windows_NT
PROCESSOR_IDENTIFIER=Intel64 Family 6 Model 140 Stepping 2, GenuineIntel
TMP=C:\Users\activ\AppData\Local\Temp
TEMP=C:\Users\activ\AppData\Local\Temp



---------------  S Y S T E M  ---------------

OS: Windows 11 , 64 bit Build 22621 (10.0.22621.1344)
OS uptime: 1 days 23:12 hours
Hyper-V role detected

CPU:total 8 (initial active 8) (4 cores per cpu, 2 threads per core) family 6 model 140 stepping 2 microcode 0x16, cmov, cx8, fxsr, mmx, sse, sse2, sse3, ssse3, sse4.1, sse4.2, popcnt, avx, avx2, aes, clmul, erms, 3dnowpref, lzcnt, ht, tsc, tscinvbit, bmi1, bmi2, adx, evex, sha, fma

Memory: 4k page, system-wide physical 7941M (292M free)
TotalPageFile size 32517M (AvailPageFile size 124M)
current process WorkingSet (physical memory assigned to process): 189M, peak: 189M
current process commit charge ("private bytes"): 239M, peak: 379M

vm_info: OpenJDK 64-Bit Server VM (11.0.16.1+1-LTS) for windows-amd64 JRE (11.0.16.1+1-LTS), built on Aug 20 2022 20:09:04 by "" with MS VC++ 15.9 (VS2017)

END.
