#
# There is insufficient memory for the Java Runtime Environment to continue.
# Native memory allocation (malloc) failed to allocate 1300896 bytes for Chunk::new
# Possible reasons:
#   The system is out of physical RAM or swap space
#   The process is running with CompressedOops enabled, and the Java Heap may be blocking the growth of the native heap
# Possible solutions:
#   Reduce memory load on the system
#   Increase physical memory or swap space
#   Check if swap backing store is full
#   Decrease Java heap size (-Xmx/-Xms)
#   Decrease number of Java threads
#   Decrease Java thread stack sizes (-Xss)
#   Set larger code cache with -XX:ReservedCodeCacheSize=
#   JVM is running with Unscaled Compressed Oops mode in which the Java heap is
#     placed in the first 4GB address space. The Java Heap base address is the
#     maximum limit for the native heap growth. Please use -XX:HeapBaseMinAddress
#     to set the Java Heap base and to place the Java Heap above 4GB virtual address.
# This output file may be truncated or incomplete.
#
#  Out of Memory Error (./src/hotspot/share/memory/arena.cpp:197), pid=6344, tid=31612
#
# JRE version: OpenJDK Runtime Environment Microsoft-40648 (11.0.16.1+1) (build 11.0.16.1+1-LTS)
# Java VM: OpenJDK 64-Bit Server VM Microsoft-40648 (11.0.16.1+1-LTS, mixed mode, tiered, compressed oops, g1 gc, windows-amd64)
# No core dump will be written. Minidumps are not enabled by default on client versions of Windows
#

---------------  S U M M A R Y ------------

Command Line: -Dapplication.home=C:\Program Files\Microsoft\jdk-11.0.16.101-hotspot --add-modules=ALL-DEFAULT -Xms8m -Dfile.encoding=UTF8 -Djdk.module.main=jdk.compiler jdk.compiler/com.sun.tools.javac.Main @C:\Users\activ\AppData\Local\Temp\tmpFDFF.tmp -target 1.8 -source 1.8

Host: 11th Gen Intel(R) Core(TM) i5-1155G7 @ 2.50GHz, 8 cores, 7G,  Windows 11 , 64 bit Build 22621 (10.0.22621.1344)
Time: Wed Apr 12 20:05:54 2023 Paris, Madrid (heure duild 22621 (10.0.22621.1344) elapsed time: 11.265573 seconds (0d 0h 0m 11s)

---------------  T H R E A D  ---------------

Current thread (0x00000221ae0ce000):  JavaThread "C2 CompilerThread0" daemon [_thread_in_native, id=31612, stack(0x000000f797b00000,0x000000f797c00000)]


Current CompileTask:
C2:  11265 4206       4       com.sun.tools.javac.code.Types$ImplementationCache::get (159 bytes)

Stack: [0x000000f797b00000,0x000000f797c00000]
Native frames: (J=compiled Java code, j=interpreted, Vv=VM code, C=native code)
V  [jvm.dll+0x62652a]
V  [jvm.dll+0x7b3249]
V  [jvm.dll+0x7b4938]
V  [jvm.dll+0x7b5013]
V  [jvm.dll+0x24fca8]
V  [jvm.dll+0xc262c]
V  [jvm.dll+0xc2bec]
V  [jvm.dll+0x2c1b24]
V  [jvm.dll+0x52e84c]
V  [jvm.dll+0x208866]
V  [jvm.dll+0x20a90c]
V  [jvm.dll+0x207fdb]
V  [jvm.dll+0x18a411]
V  [jvm.dll+0x217954]
V  [jvm.dll+0x215b9b]
V  [jvm.dll+0x775d50]
V  [jvm.dll+0x76ec84]
V  [jvm.dll+0x625395]
C  [ucrtbase.dll+0x29363]
C  [KERNEL32.DLL+0x126bd]
C  [ntdll.dll+0x5a9f8]


---------------  P R O C E S S  ---------------

Threads class SMR info:
_java_thread_list=0x00000221ae767500, length=12, elements={
0x000002218c83c000, 0x00000221ae063800, 0x00000221ae06e000, 0x00000221ae07f000,
0x00000221ae080000, 0x00000221ae0cb800, 0x00000221ae0ce000, 0x00000221ae0d3000,
0x00000221ae0d4000, 0x00000221ae303800, 0x00000221b15f9000, 0x00000221b2268000
}

Java Threads: ( => current thread )
  0x000002218c83c000 JavaThread "main" [_thread_in_Java, id=13608, stack(0x000000f796f00000,0x000000f797000000)]
  0x00000221ae063800 JavaThread "Reference Handler" daemon [_thread_blocked, id=4644, stack(0x000000f797600000,0x000000f797700000)]
  0x00000221ae06e000 JavaThread "Finalizer" daemon [_thread_blocked, id=22744, stack(0x000000f797700000,0x000000f797800000)]
  0x00000221ae07f000 JavaThread "Signal Dispatcher" daemon [_thread_blocked, id=22952, stack(0x000000f797800000,0x000000f797900000)]
  0x00000221ae080000 JavaThread "Attach Listener" daemon [_thread_blocked, id=4460, stack(0x000000f797900000,0x000000f797a00000)]
  0x00000221ae0cb800 JavaThread "Service Thread" daemon [_thread_blocked, id=2264, stack(0x000000f797a00000,0x000000f797b00000)]
=>0x00000221ae0ce000 JavaThread "C2 CompilerThread0" daemon [_thread_in_native, id=31612, stack(0x000000f797b00000,0x000000f797c00000)]
  0x00000221ae0d3000 JavaThread "C1 CompilerThread0" daemon [_thread_in_native, id=30564, stack(0x000000f797c00000,0x000000f797d00000)]
  0x00000221ae0d4000 JavaThread "Sweeper thread" daemon [_thread_blocked, id=21820, stack(0x000000f797d00000,0x000000f797e00000)]
  0x00000221ae303800 JavaThread "Common-Cleaner" daemon [_thread_blocked, id=15172, stack(0x000000f797e00000,0x000000f797f00000)]
  0x00000221b15f9000 JavaThread "C2 CompilerThread1" daemon [_thread_in_native, id=15100, stack(0x000000f798a00000,0x000000f798b00000)]
  0x00000221b2268000 JavaThread "C2 CompilerThread2" daemon [_thread_in_native, id=12896, stack(0x000000f798b00000,0x000000f798c00000)]

Other Threads:
  0x00000221ae037800 VMThread "VM Thread" [stack: 0x000000f797500000,0x000000f797600000] [id=3800]
  0x00000221ae447800 WatcherThread [stack: 0x000000f797f00000,0x000000f798000000] [id=23252]
  0x000002218ea21800 GCTaskThread "GC Thread#0" [stack: 0x000000f797000000,0x000000f797100000] [id=19680]
  0x00000221ae484000 GCTaskThread "GC Thread#1" [stack: 0x000000f798000000,0x000000f798100000] [id=19756]
  0x00000221b0af6000 GCTaskThread "GC Thread#2" [stack: 0x000000f798600000,0x000000f798700000] [id=12812]
  0x00000221b0806000 GCTaskThread "GC Thread#3" [stack: 0x000000f798700000,0x000000f798800000] [id=27716]
  0x00000221aecbe800 GCTaskThread "GC Thread#4" [stack: 0x000000f798800000,0x000000f798900000] [id=24100]
  0x000002218ea52000 ConcurrentGCThread "G1 Main Marker" [stack: 0x000000f797100000,0x000000f797200000] [id=3112]
  0x000002218ea55000 ConcurrentGCThread "G1 Conc#0" [stack: 0x000000f797200000,0x000000f797300000] [id=22036]
  0x00000221aec38000 ConcurrentGCThread "G1 Conc#1" [stack: 0x000000f798100000,0x000000f798200000] [id=3348]
  0x000002218ea82800 ConcurrentGCThread "G1 Refine#0" [stack: 0x000000f797300000,0x000000f797400000] [id=18468]
  0x00000221af362000 ConcurrentGCThread "G1 Refine#1" [stack: 0x000000f798200000,0x000000f798300000] [id=25084]
  0x00000221af4bb800 ConcurrentGCThread "G1 Refine#2" [stack: 0x000000f798300000,0x000000f798400000] [id=18264]
  0x00000221af950000 ConcurrentGCThread "G1 Refine#3" [stack: 0x000000f798400000,0x000000f798500000] [id=13716]
  0x00000221af951000 ConcurrentGCThread "G1 Refine#4" [stack: 0x000000f798500000,0x000000f798600000] [id=31440]
  0x00000221aed68000 ConcurrentGCThread "G1 Refine#5" [stack: 0x000000f798900000,0x000000f798a00000] [id=17972]
  0x000002218ea85800 ConcurrentGCThread "G1 Young RemSet Sampling" [stack: 0x000000f797400000,0x000000f797500000] [id=32080]

Threads with active compile tasks:
C2 CompilerThread0    11390 4206       4       com.sun.tools.javac.code.Types$ImplementationCache::get (159 bytes)
C1 CompilerThread0    11391 4434   !   2       com.sun.tools.javac.comp.Attr::visitNewClass (1559 bytes)
C2 CompilerThread1    11391 4399       4       com.sun.tools.javac.code.Types$ImplementationCache::implementationInternal (164 bytes)
C2 CompilerThread2    11391 4422       4       com.sun.tools.javac.comp.Resolve::findInheritedMemberType (186 bytes)

VM state:not at safepoint (normal execution)

VM Mutex/Monitor currently owned by a thread: None

Heap address: 0x0000000083e00000, size: 1986 MB, Compressed Oops mode: 32-bit
Narrow klass base: 0x0000000000000000, Narrow klass shift: 3
Compressed class space size: 1073741824 Address: 0x0000000100000000

Heap:
 garbage-first heap   total 247808K, used 167994K [0x0000000083e00000, 0x0000000100000000)
  region size 1024K, 87 young (89088K), 7 survivors (7168K)
 Metaspace       used 18471K, capacity 18756K, committed 18944K, reserved 1067008K
  class space    used 1669K, capacity 1790K, committed 1792K, reserved 1048576K
Heap Regions: E=young(eden), S=young(survivor), O=old, HS=humongous(starts), HC=humongous(continues), CS=collection set, F=free, A=archive, TAMS=top-at-mark-start (previous, next)
|   0|0x0000000083e00000, 0x0000000083f00000, 0x0000000083f00000|100%| O|  |TAMS 0x0000000083f00000, 0x0000000083e00000| Untracked 
|   1|0x0000000083f00000, 0x0000000084000000, 0x0000000084000000|100%| O|  |TAMS 0x0000000084000000, 0x0000000083f00000| Untracked 
|   2|0x0000000084000000, 0x0000000084100000, 0x0000000084100000|100%| O|  |TAMS 0x0000000084100000, 0x0000000084000000| Untracked 
|   3|0x0000000084100000, 0x0000000084200000, 0x0000000084200000|100%| O|  |TAMS 0x0000000084200000, 0x0000000084100000| Untracked 
|   4|0x0000000084200000, 0x0000000084300000, 0x0000000084300000|100%| O|  |TAMS 0x0000000084300000, 0x0000000084200000| Untracked 
|   5|0x0000000084300000, 0x0000000084400000, 0x0000000084400000|100%| O|  |TAMS 0x0000000084400000, 0x0000000084300000| Untracked 
|   6|0x0000000084400000, 0x0000000084500000, 0x0000000084500000|100%| O|  |TAMS 0x0000000084500000, 0x0000000084400000| Untracked 
|   7|0x0000000084500000, 0x0000000084600000, 0x0000000084600000|100%|HS|  |TAMS 0x0000000084600000, 0x0000000084500000| Complete 
|   8|0x0000000084600000, 0x0000000084700000, 0x0000000084700000|100%|HC|  |TAMS 0x0000000084700000, 0x0000000084600000| Complete 
|   9|0x0000000084700000, 0x0000000084800000, 0x0000000084800000|100%|HC|  |TAMS 0x0000000084800000, 0x0000000084700000| Complete 
|  10|0x0000000084800000, 0x0000000084900000, 0x0000000084900000|100%| O|  |TAMS 0x0000000084900000, 0x0000000084800000| Untracked 
|  11|0x0000000084900000, 0x0000000084a00000, 0x0000000084a00000|100%| O|  |TAMS 0x0000000084a00000, 0x0000000084900000| Untracked 
|  12|0x0000000084a00000, 0x0000000084b00000, 0x0000000084b00000|100%| O|  |TAMS 0x0000000084b00000, 0x0000000084a00000| Untracked 
|  13|0x0000000084b00000, 0x0000000084c00000, 0x0000000084c00000|100%|HS|  |TAMS 0x0000000084c00000, 0x0000000084b00000| Complete 
|  14|0x0000000084c00000, 0x0000000084d00000, 0x0000000084d00000|100%| O|  |TAMS 0x0000000084d00000, 0x0000000084c00000| Untracked 
|  15|0x0000000084d00000, 0x0000000084e00000, 0x0000000084e00000|100%|HS|  |TAMS 0x0000000084e00000, 0x0000000084d00000| Complete 
|  16|0x0000000084e00000, 0x0000000084f00000, 0x0000000084f00000|100%|HS|  |TAMS 0x0000000084f00000, 0x0000000084e00000| Complete 
|  17|0x0000000084f00000, 0x0000000085000000, 0x0000000085000000|100%|HC|  |TAMS 0x0000000085000000, 0x0000000084f00000| Complete 
|  18|0x0000000085000000, 0x0000000085100000, 0x0000000085100000|100%|HC|  |TAMS 0x0000000085100000, 0x0000000085000000| Complete 
|  19|0x0000000085100000, 0x0000000085200000, 0x0000000085200000|100%|HC|  |TAMS 0x0000000085200000, 0x0000000085100000| Complete 
|  20|0x0000000085200000, 0x0000000085300000, 0x0000000085300000|100%|HC|  |TAMS 0x0000000085300000, 0x0000000085200000| Complete 
|  21|0x0000000085300000, 0x0000000085400000, 0x0000000085400000|100%|HS|  |TAMS 0x0000000085400000, 0x0000000085300000| Complete 
|  22|0x0000000085400000, 0x0000000085500000, 0x0000000085500000|100%|HC|  |TAMS 0x0000000085500000, 0x0000000085400000| Complete 
|  23|0x0000000085500000, 0x0000000085600000, 0x0000000085600000|100%| O|  |TAMS 0x0000000085600000, 0x0000000085500000| Untracked 
|  24|0x0000000085600000, 0x0000000085700000, 0x0000000085700000|100%| O|  |TAMS 0x0000000085700000, 0x0000000085600000| Untracked 
|  25|0x0000000085700000, 0x0000000085800000, 0x0000000085800000|100%| O|  |TAMS 0x0000000085800000, 0x0000000085700000| Untracked 
|  26|0x0000000085800000, 0x0000000085900000, 0x0000000085900000|100%| O|  |TAMS 0x0000000085900000, 0x0000000085800000| Untracked 
|  27|0x0000000085900000, 0x0000000085a00000, 0x0000000085a00000|100%| O|  |TAMS 0x0000000085a00000, 0x0000000085900000| Untracked 
|  28|0x0000000085a00000, 0x0000000085b00000, 0x0000000085b00000|100%| O|  |TAMS 0x0000000085b00000, 0x0000000085a00000| Untracked 
|  29|0x0000000085b00000, 0x0000000085c00000, 0x0000000085c00000|100%| O|  |TAMS 0x0000000085c00000, 0x0000000085b00000| Untracked 
|  30|0x0000000085c00000, 0x0000000085d00000, 0x0000000085d00000|100%| O|  |TAMS 0x0000000085d00000, 0x0000000085c00000| Untracked 
|  31|0x0000000085d00000, 0x0000000085e00000, 0x0000000085e00000|100%| O|  |TAMS 0x0000000085e00000, 0x0000000085d00000| Untracked 
|  32|0x0000000085e00000, 0x0000000085f00000, 0x0000000085f00000|100%| O|  |TAMS 0x0000000085f00000, 0x0000000085e00000| Untracked 
|  33|0x0000000085f00000, 0x0000000086000000, 0x0000000086000000|100%| O|  |TAMS 0x0000000086000000, 0x0000000085f00000| Untracked 
|  34|0x0000000086000000, 0x0000000086100000, 0x0000000086100000|100%| O|  |TAMS 0x0000000086100000, 0x0000000086000000| Untracked 
|  35|0x0000000086100000, 0x0000000086200000, 0x0000000086200000|100%| O|  |TAMS 0x0000000086200000, 0x0000000086100000| Untracked 
|  36|0x0000000086200000, 0x0000000086300000, 0x0000000086300000|100%| O|  |TAMS 0x0000000086300000, 0x0000000086200000| Untracked 
|  37|0x0000000086300000, 0x0000000086400000, 0x0000000086400000|100%| O|  |TAMS 0x0000000086400000, 0x0000000086300000| Untracked 
|  38|0x0000000086400000, 0x0000000086500000, 0x0000000086500000|100%| O|  |TAMS 0x0000000086500000, 0x0000000086400000| Untracked 
|  39|0x0000000086500000, 0x0000000086600000, 0x0000000086600000|100%| O|  |TAMS 0x0000000086600000, 0x0000000086500000| Untracked 
|  40|0x0000000086600000, 0x0000000086700000, 0x0000000086700000|100%| O|  |TAMS 0x0000000086700000, 0x0000000086600000| Untracked 
|  41|0x0000000086700000, 0x0000000086800000, 0x0000000086800000|100%| O|  |TAMS 0x0000000086800000, 0x0000000086700000| Untracked 
|  42|0x0000000086800000, 0x0000000086900000, 0x0000000086900000|100%| O|  |TAMS 0x0000000086900000, 0x0000000086800000| Untracked 
|  43|0x0000000086900000, 0x0000000086a00000, 0x0000000086a00000|100%| O|  |TAMS 0x0000000086a00000, 0x0000000086900000| Untracked 
|  44|0x0000000086a00000, 0x0000000086b00000, 0x0000000086b00000|100%| O|  |TAMS 0x0000000086b00000, 0x0000000086a00000| Untracked 
|  45|0x0000000086b00000, 0x0000000086c00000, 0x0000000086c00000|100%| O|  |TAMS 0x0000000086c00000, 0x0000000086b00000| Untracked 
|  46|0x0000000086c00000, 0x0000000086d00000, 0x0000000086d00000|100%| O|  |TAMS 0x0000000086d00000, 0x0000000086c00000| Untracked 
|  47|0x0000000086d00000, 0x0000000086e00000, 0x0000000086e00000|100%| O|  |TAMS 0x0000000086e00000, 0x0000000086d00000| Untracked 
|  48|0x0000000086e00000, 0x0000000086f00000, 0x0000000086f00000|100%| O|  |TAMS 0x0000000086f00000, 0x0000000086e00000| Untracked 
|  49|0x0000000086f00000, 0x0000000087000000, 0x0000000087000000|100%| O|  |TAMS 0x0000000087000000, 0x0000000086f00000| Untracked 
|  50|0x0000000087000000, 0x0000000087100000, 0x0000000087100000|100%| O|  |TAMS 0x0000000087100000, 0x0000000087000000| Untracked 
|  51|0x0000000087100000, 0x0000000087200000, 0x0000000087200000|100%| O|  |TAMS 0x0000000087200000, 0x0000000087100000| Untracked 
|  52|0x0000000087200000, 0x0000000087300000, 0x0000000087300000|100%| O|  |TAMS 0x0000000087300000, 0x0000000087200000| Untracked 
|  53|0x0000000087300000, 0x0000000087400000, 0x0000000087400000|100%| O|  |TAMS 0x0000000087400000, 0x0000000087300000| Untracked 
|  54|0x0000000087400000, 0x0000000087500000, 0x0000000087500000|100%| O|  |TAMS 0x0000000087500000, 0x0000000087400000| Untracked 
|  55|0x0000000087500000, 0x0000000087600000, 0x0000000087600000|100%| O|  |TAMS 0x0000000087600000, 0x0000000087500000| Untracked 
|  56|0x0000000087600000, 0x0000000087700000, 0x0000000087700000|100%| O|  |TAMS 0x0000000087700000, 0x0000000087600000| Untracked 
|  57|0x0000000087700000, 0x0000000087800000, 0x0000000087800000|100%| O|  |TAMS 0x0000000087800000, 0x0000000087700000| Untracked 
|  58|0x0000000087800000, 0x0000000087900000, 0x0000000087900000|100%| O|  |TAMS 0x0000000087900000, 0x0000000087800000| Untracked 
|  59|0x0000000087900000, 0x0000000087a00000, 0x0000000087a00000|100%| O|  |TAMS 0x0000000087a00000, 0x0000000087900000| Untracked 
|  60|0x0000000087a00000, 0x0000000087b00000, 0x0000000087b00000|100%| O|  |TAMS 0x0000000087b00000, 0x0000000087a00000| Untracked 
|  61|0x0000000087b00000, 0x0000000087c00000, 0x0000000087c00000|100%|HS|  |TAMS 0x0000000087c00000, 0x0000000087b00000| Complete 
|  62|0x0000000087c00000, 0x0000000087d00000, 0x0000000087d00000|100%|HC|  |TAMS 0x0000000087d00000, 0x0000000087c00000| Complete 
|  63|0x0000000087d00000, 0x0000000087e00000, 0x0000000087e00000|100%| O|  |TAMS 0x0000000087e00000, 0x0000000087d00000| Untracked 
|  64|0x0000000087e00000, 0x0000000087f00000, 0x0000000087f00000|100%| O|  |TAMS 0x0000000087f00000, 0x0000000087e00000| Untracked 
|  65|0x0000000087f00000, 0x0000000088000000, 0x0000000088000000|100%| O|  |TAMS 0x0000000088000000, 0x0000000087f00000| Untracked 
|  66|0x0000000088000000, 0x0000000088100000, 0x0000000088100000|100%| O|  |TAMS 0x00000000880cd200, 0x0000000088000000| Untracked 
|  67|0x0000000088100000, 0x0000000088200000, 0x0000000088200000|100%| O|  |TAMS 0x0000000088100000, 0x0000000088100000| Untracked 
|  68|0x0000000088200000, 0x0000000088300000, 0x0000000088300000|100%| O|  |TAMS 0x0000000088200000, 0x0000000088200000| Untracked 
|  69|0x0000000088300000, 0x0000000088400000, 0x0000000088400000|100%| O|  |TAMS 0x0000000088300000, 0x0000000088300000| Untracked 
|  70|0x0000000088400000, 0x0000000088500000, 0x0000000088500000|100%| O|  |TAMS 0x0000000088400000, 0x0000000088400000| Untracked 
|  71|0x0000000088500000, 0x0000000088600000, 0x0000000088600000|100%| O|  |TAMS 0x0000000088500000, 0x0000000088500000| Untracked 
|  72|0x0000000088600000, 0x0000000088700000, 0x0000000088700000|100%| O|  |TAMS 0x0000000088600000, 0x0000000088600000| Untracked 
|  73|0x0000000088700000, 0x0000000088800000, 0x0000000088800000|100%| O|  |TAMS 0x0000000088700000, 0x0000000088700000| Untracked 
|  74|0x0000000088800000, 0x0000000088900000, 0x0000000088900000|100%| O|  |TAMS 0x0000000088800000, 0x0000000088800000| Untracked 
|  75|0x0000000088900000, 0x000000008890ea00, 0x0000000088a00000|  5%| O|  |TAMS 0x0000000088900000, 0x0000000088900000| Untracked 
|  76|0x0000000088a00000, 0x0000000088b00000, 0x0000000088b00000|100%|HS|  |TAMS 0x0000000088a00000, 0x0000000088a00000| Complete 
|  77|0x0000000088b00000, 0x0000000088c00000, 0x0000000088c00000|100%|HC|  |TAMS 0x0000000088b00000, 0x0000000088b00000| Complete 
|  78|0x0000000088c00000, 0x0000000088d00000, 0x0000000088d00000|100%|HC|  |TAMS 0x0000000088c00000, 0x0000000088c00000| Complete 
|  79|0x0000000088d00000, 0x0000000088d00000, 0x0000000088e00000|  0%| F|  |TAMS 0x0000000088d00000, 0x0000000088d00000| Untracked 
|  80|0x0000000088e00000, 0x0000000088e00000, 0x0000000088f00000|  0%| F|  |TAMS 0x0000000088e00000, 0x0000000088e00000| Untracked 
|  81|0x0000000088f00000, 0x0000000088f00000, 0x0000000089000000|  0%| F|  |TAMS 0x0000000088f00000, 0x0000000088f00000| Untracked 
|  82|0x0000000089000000, 0x0000000089000000, 0x0000000089100000|  0%| F|  |TAMS 0x0000000089000000, 0x0000000089000000| Untracked 
|  83|0x0000000089100000, 0x0000000089100000, 0x0000000089200000|  0%| F|  |TAMS 0x0000000089100000, 0x0000000089100000| Untracked 
|  84|0x0000000089200000, 0x0000000089200000, 0x0000000089300000|  0%| F|  |TAMS 0x0000000089200000, 0x0000000089200000| Untracked 
|  85|0x0000000089300000, 0x0000000089300000, 0x0000000089400000|  0%| F|  |TAMS 0x0000000089300000, 0x0000000089300000| Untracked 
|  86|0x0000000089400000, 0x0000000089400000, 0x0000000089500000|  0%| F|  |TAMS 0x0000000089400000, 0x0000000089400000| Untracked 
|  87|0x0000000089500000, 0x0000000089500000, 0x0000000089600000|  0%| F|  |TAMS 0x0000000089500000, 0x0000000089500000| Untracked 
|  88|0x0000000089600000, 0x0000000089600000, 0x0000000089700000|  0%| F|  |TAMS 0x0000000089600000, 0x0000000089600000| Untracked 
|  89|0x0000000089700000, 0x0000000089700000, 0x0000000089800000|  0%| F|  |TAMS 0x0000000089700000, 0x0000000089700000| Untracked 
|  90|0x0000000089800000, 0x0000000089800000, 0x0000000089900000|  0%| F|  |TAMS 0x0000000089800000, 0x0000000089800000| Untracked 
|  91|0x0000000089900000, 0x0000000089900000, 0x0000000089a00000|  0%| F|  |TAMS 0x0000000089900000, 0x0000000089900000| Untracked 
|  92|0x0000000089a00000, 0x0000000089a00000, 0x0000000089b00000|  0%| F|  |TAMS 0x0000000089a00000, 0x0000000089a00000| Untracked 
|  93|0x0000000089b00000, 0x0000000089b00000, 0x0000000089c00000|  0%| F|  |TAMS 0x0000000089b00000, 0x0000000089b00000| Untracked 
|  94|0x0000000089c00000, 0x0000000089c00000, 0x0000000089d00000|  0%| F|  |TAMS 0x0000000089c00000, 0x0000000089c00000| Untracked 
|  95|0x0000000089d00000, 0x0000000089d00000, 0x0000000089e00000|  0%| F|  |TAMS 0x0000000089d00000, 0x0000000089d00000| Untracked 
|  96|0x0000000089e00000, 0x0000000089e00000, 0x0000000089f00000|  0%| F|  |TAMS 0x0000000089e00000, 0x0000000089e00000| Untracked 
|  97|0x0000000089f00000, 0x0000000089f00000, 0x000000008a000000|  0%| F|  |TAMS 0x0000000089f00000, 0x0000000089f00000| Untracked 
|  98|0x000000008a000000, 0x000000008a000000, 0x000000008a100000|  0%| F|  |TAMS 0x000000008a000000, 0x000000008a000000| Untracked 
|  99|0x000000008a100000, 0x000000008a100000, 0x000000008a200000|  0%| F|  |TAMS 0x000000008a100000, 0x000000008a100000| Untracked 
| 100|0x000000008a200000, 0x000000008a200000, 0x000000008a300000|  0%| F|  |TAMS 0x000000008a200000, 0x000000008a200000| Untracked 
| 101|0x000000008a300000, 0x000000008a300000, 0x000000008a400000|  0%| F|  |TAMS 0x000000008a300000, 0x000000008a300000| Untracked 
| 102|0x000000008a400000, 0x000000008a400000, 0x000000008a500000|  0%| F|  |TAMS 0x000000008a400000, 0x000000008a400000| Untracked 
| 103|0x000000008a500000, 0x000000008a500000, 0x000000008a600000|  0%| F|  |TAMS 0x000000008a500000, 0x000000008a500000| Untracked 
| 104|0x000000008a600000, 0x000000008a600000, 0x000000008a700000|  0%| F|  |TAMS 0x000000008a600000, 0x000000008a600000| Untracked 
| 105|0x000000008a700000, 0x000000008a700000, 0x000000008a800000|  0%| F|  |TAMS 0x000000008a700000, 0x000000008a700000| Untracked 
| 106|0x000000008a800000, 0x000000008a800000, 0x000000008a900000|  0%| F|  |TAMS 0x000000008a800000, 0x000000008a800000| Untracked 
| 107|0x000000008a900000, 0x000000008a900000, 0x000000008aa00000|  0%| F|  |TAMS 0x000000008a900000, 0x000000008a900000| Untracked 
| 108|0x000000008aa00000, 0x000000008aa00000, 0x000000008ab00000|  0%| F|  |TAMS 0x000000008aa00000, 0x000000008aa00000| Untracked 
| 109|0x000000008ab00000, 0x000000008ab00000, 0x000000008ac00000|  0%| F|  |TAMS 0x000000008ab00000, 0x000000008ab00000| Untracked 
| 110|0x000000008ac00000, 0x000000008ac00000, 0x000000008ad00000|  0%| F|  |TAMS 0x000000008ac00000, 0x000000008ac00000| Untracked 
| 111|0x000000008ad00000, 0x000000008ad00000, 0x000000008ae00000|  0%| F|  |TAMS 0x000000008ad00000, 0x000000008ad00000| Untracked 
| 112|0x000000008ae00000, 0x000000008ae00000, 0x000000008af00000|  0%| F|  |TAMS 0x000000008ae00000, 0x000000008ae00000| Untracked 
| 113|0x000000008af00000, 0x000000008af00000, 0x000000008b000000|  0%| F|  |TAMS 0x000000008af00000, 0x000000008af00000| Untracked 
| 114|0x000000008b000000, 0x000000008b000000, 0x000000008b100000|  0%| F|  |TAMS 0x000000008b000000, 0x000000008b000000| Untracked 
| 115|0x000000008b100000, 0x000000008b100000, 0x000000008b200000|  0%| F|  |TAMS 0x000000008b100000, 0x000000008b100000| Untracked 
| 116|0x000000008b200000, 0x000000008b200000, 0x000000008b300000|  0%| F|  |TAMS 0x000000008b200000, 0x000000008b200000| Untracked 
| 117|0x000000008b300000, 0x000000008b300000, 0x000000008b400000|  0%| F|  |TAMS 0x000000008b300000, 0x000000008b300000| Untracked 
| 118|0x000000008b400000, 0x000000008b400000, 0x000000008b500000|  0%| F|  |TAMS 0x000000008b400000, 0x000000008b400000| Untracked 
| 119|0x000000008b500000, 0x000000008b500000, 0x000000008b600000|  0%| F|  |TAMS 0x000000008b500000, 0x000000008b500000| Untracked 
| 120|0x000000008b600000, 0x000000008b600000, 0x000000008b700000|  0%| F|  |TAMS 0x000000008b600000, 0x000000008b600000| Untracked 
| 121|0x000000008b700000, 0x000000008b700000, 0x000000008b800000|  0%| F|  |TAMS 0x000000008b700000, 0x000000008b700000| Untracked 
| 122|0x000000008b800000, 0x000000008b800000, 0x000000008b900000|  0%| F|  |TAMS 0x000000008b800000, 0x000000008b800000| Untracked 
| 123|0x000000008b900000, 0x000000008b900000, 0x000000008ba00000|  0%| F|  |TAMS 0x000000008b900000, 0x000000008b900000| Untracked 
| 124|0x000000008ba00000, 0x000000008ba00000, 0x000000008bb00000|  0%| F|  |TAMS 0x000000008ba00000, 0x000000008ba00000| Untracked 
| 125|0x000000008bb00000, 0x000000008bb00000, 0x000000008bc00000|  0%| F|  |TAMS 0x000000008bb00000, 0x000000008bb00000| Untracked 
| 126|0x000000008bc00000, 0x000000008bc00000, 0x000000008bd00000|  0%| F|  |TAMS 0x000000008bc00000, 0x000000008bc00000| Untracked 
| 127|0x000000008bd00000, 0x000000008bd00000, 0x000000008be00000|  0%| F|  |TAMS 0x000000008bd00000, 0x000000008bd00000| Untracked 
| 128|0x000000008be00000, 0x000000008be00000, 0x000000008bf00000|  0%| F|  |TAMS 0x000000008be00000, 0x000000008be00000| Untracked 
| 129|0x000000008bf00000, 0x000000008bf00000, 0x000000008c000000|  0%| F|  |TAMS 0x000000008bf00000, 0x000000008bf00000| Untracked 
| 130|0x000000008c000000, 0x000000008c000000, 0x000000008c100000|  0%| F|  |TAMS 0x000000008c000000, 0x000000008c000000| Untracked 
| 131|0x000000008c100000, 0x000000008c100000, 0x000000008c200000|  0%| F|  |TAMS 0x000000008c100000, 0x000000008c100000| Untracked 
| 132|0x000000008c200000, 0x000000008c200000, 0x000000008c300000|  0%| F|  |TAMS 0x000000008c200000, 0x000000008c200000| Untracked 
| 133|0x000000008c300000, 0x000000008c300000, 0x000000008c400000|  0%| F|  |TAMS 0x000000008c300000, 0x000000008c300000| Untracked 
| 134|0x000000008c400000, 0x000000008c400000, 0x000000008c500000|  0%| F|  |TAMS 0x000000008c400000, 0x000000008c400000| Untracked 
| 135|0x000000008c500000, 0x000000008c500000, 0x000000008c600000|  0%| F|  |TAMS 0x000000008c500000, 0x000000008c500000| Untracked 
| 136|0x000000008c600000, 0x000000008c600000, 0x000000008c700000|  0%| F|  |TAMS 0x000000008c600000, 0x000000008c600000| Untracked 
| 137|0x000000008c700000, 0x000000008c700000, 0x000000008c800000|  0%| F|  |TAMS 0x000000008c700000, 0x000000008c700000| Untracked 
| 138|0x000000008c800000, 0x000000008c800000, 0x000000008c900000|  0%| F|  |TAMS 0x000000008c800000, 0x000000008c800000| Untracked 
| 139|0x000000008c900000, 0x000000008c900000, 0x000000008ca00000|  0%| F|  |TAMS 0x000000008c900000, 0x000000008c900000| Untracked 
| 140|0x000000008ca00000, 0x000000008ca00000, 0x000000008cb00000|  0%| F|  |TAMS 0x000000008ca00000, 0x000000008ca00000| Untracked 
| 141|0x000000008cb00000, 0x000000008cb00000, 0x000000008cc00000|  0%| F|  |TAMS 0x000000008cb00000, 0x000000008cb00000| Untracked 
| 142|0x000000008cc00000, 0x000000008cc00000, 0x000000008cd00000|  0%| F|  |TAMS 0x000000008cc00000, 0x000000008cc00000| Untracked 
| 143|0x000000008cd00000, 0x000000008cd00000, 0x000000008ce00000|  0%| F|  |TAMS 0x000000008cd00000, 0x000000008cd00000| Untracked 
| 144|0x000000008ce00000, 0x000000008ce00000, 0x000000008cf00000|  0%| F|  |TAMS 0x000000008ce00000, 0x000000008ce00000| Untracked 
| 145|0x000000008cf00000, 0x000000008cf00000, 0x000000008d000000|  0%| F|  |TAMS 0x000000008cf00000, 0x000000008cf00000| Untracked 
| 146|0x000000008d000000, 0x000000008d000000, 0x000000008d100000|  0%| F|  |TAMS 0x000000008d000000, 0x000000008d000000| Untracked 
| 147|0x000000008d100000, 0x000000008d100000, 0x000000008d200000|  0%| F|  |TAMS 0x000000008d100000, 0x000000008d100000| Untracked 
| 148|0x000000008d200000, 0x000000008d200000, 0x000000008d300000|  0%| F|  |TAMS 0x000000008d200000, 0x000000008d200000| Untracked 
| 149|0x000000008d300000, 0x000000008d300000, 0x000000008d400000|  0%| F|  |TAMS 0x000000008d300000, 0x000000008d300000| Untracked 
| 150|0x000000008d400000, 0x000000008d400000, 0x000000008d500000|  0%| F|  |TAMS 0x000000008d400000, 0x000000008d400000| Untracked 
| 151|0x000000008d500000, 0x000000008d500000, 0x000000008d600000|  0%| F|  |TAMS 0x000000008d500000, 0x000000008d500000| Untracked 
| 152|0x000000008d600000, 0x000000008d600000, 0x000000008d700000|  0%| F|  |TAMS 0x000000008d600000, 0x000000008d600000| Untracked 
| 153|0x000000008d700000, 0x000000008d700000, 0x000000008d800000|  0%| F|  |TAMS 0x000000008d700000, 0x000000008d700000| Untracked 
| 154|0x000000008d800000, 0x000000008d800000, 0x000000008d900000|  0%| F|  |TAMS 0x000000008d800000, 0x000000008d800000| Untracked 
| 155|0x000000008d900000, 0x000000008da00000, 0x000000008da00000|100%| E|  |TAMS 0x000000008d900000, 0x000000008d900000| Complete 
| 156|0x000000008da00000, 0x000000008db00000, 0x000000008db00000|100%| E|CS|TAMS 0x000000008da00000, 0x000000008da00000| Complete 
| 157|0x000000008db00000, 0x000000008dc00000, 0x000000008dc00000|100%| E|CS|TAMS 0x000000008db00000, 0x000000008db00000| Complete 
| 158|0x000000008dc00000, 0x000000008dd00000, 0x000000008dd00000|100%| S|CS|TAMS 0x000000008dc00000, 0x000000008dc00000| Complete 
| 159|0x000000008dd00000, 0x000000008de00000, 0x000000008de00000|100%| S|CS|TAMS 0x000000008dd00000, 0x000000008dd00000| Complete 
| 160|0x000000008de00000, 0x000000008df00000, 0x000000008df00000|100%| S|CS|TAMS 0x000000008de00000, 0x000000008de00000| Complete 
| 161|0x000000008df00000, 0x000000008e000000, 0x000000008e000000|100%| S|CS|TAMS 0x000000008df00000, 0x000000008df00000| Complete 
| 162|0x000000008e000000, 0x000000008e100000, 0x000000008e100000|100%| S|CS|TAMS 0x000000008e000000, 0x000000008e000000| Complete 
| 163|0x000000008e100000, 0x000000008e200000, 0x000000008e200000|100%| S|CS|TAMS 0x000000008e100000, 0x000000008e100000| Complete 
| 164|0x000000008e200000, 0x000000008e300000, 0x000000008e300000|100%| S|CS|TAMS 0x000000008e200000, 0x000000008e200000| Complete 
| 165|0x000000008e300000, 0x000000008e400000, 0x000000008e400000|100%| E|CS|TAMS 0x000000008e300000, 0x000000008e300000| Complete 
| 166|0x000000008e400000, 0x000000008e500000, 0x000000008e500000|100%| E|CS|TAMS 0x000000008e400000, 0x000000008e400000| Complete 
| 167|0x000000008e500000, 0x000000008e600000, 0x000000008e600000|100%| E|CS|TAMS 0x000000008e500000, 0x000000008e500000| Complete 
| 168|0x000000008e600000, 0x000000008e700000, 0x000000008e700000|100%| E|CS|TAMS 0x000000008e600000, 0x000000008e600000| Complete 
| 169|0x000000008e700000, 0x000000008e800000, 0x000000008e800000|100%| E|CS|TAMS 0x000000008e700000, 0x000000008e700000| Complete 
| 170|0x000000008e800000, 0x000000008e900000, 0x000000008e900000|100%| E|CS|TAMS 0x000000008e800000, 0x000000008e800000| Complete 
| 171|0x000000008e900000, 0x000000008ea00000, 0x000000008ea00000|100%| E|CS|TAMS 0x000000008e900000, 0x000000008e900000| Complete 
| 172|0x000000008ea00000, 0x000000008eb00000, 0x000000008eb00000|100%| E|CS|TAMS 0x000000008ea00000, 0x000000008ea00000| Complete 
| 173|0x000000008eb00000, 0x000000008ec00000, 0x000000008ec00000|100%| E|CS|TAMS 0x000000008eb00000, 0x000000008eb00000| Complete 
| 174|0x000000008ec00000, 0x000000008ed00000, 0x000000008ed00000|100%| E|CS|TAMS 0x000000008ec00000, 0x000000008ec00000| Complete 
| 175|0x000000008ed00000, 0x000000008ee00000, 0x000000008ee00000|100%| E|CS|TAMS 0x000000008ed00000, 0x000000008ed00000| Complete 
| 176|0x000000008ee00000, 0x000000008ef00000, 0x000000008ef00000|100%| E|CS|TAMS 0x000000008ee00000, 0x000000008ee00000| Complete 
| 177|0x000000008ef00000, 0x000000008f000000, 0x000000008f000000|100%| E|CS|TAMS 0x000000008ef00000, 0x000000008ef00000| Complete 
| 178|0x000000008f000000, 0x000000008f100000, 0x000000008f100000|100%| E|CS|TAMS 0x000000008f000000, 0x000000008f000000| Complete 
| 179|0x000000008f100000, 0x000000008f200000, 0x000000008f200000|100%| E|CS|TAMS 0x000000008f100000, 0x000000008f100000| Complete 
| 180|0x000000008f200000, 0x000000008f300000, 0x000000008f300000|100%| E|CS|TAMS 0x000000008f200000, 0x000000008f200000| Complete 
| 181|0x000000008f300000, 0x000000008f400000, 0x000000008f400000|100%| E|CS|TAMS 0x000000008f300000, 0x000000008f300000| Complete 
| 182|0x000000008f400000, 0x000000008f500000, 0x000000008f500000|100%| E|CS|TAMS 0x000000008f400000, 0x000000008f400000| Complete 
| 183|0x000000008f500000, 0x000000008f600000, 0x000000008f600000|100%| E|CS|TAMS 0x000000008f500000, 0x000000008f500000| Complete 
| 184|0x000000008f600000, 0x000000008f700000, 0x000000008f700000|100%| E|CS|TAMS 0x000000008f600000, 0x000000008f600000| Complete 
| 185|0x000000008f700000, 0x000000008f800000, 0x000000008f800000|100%| E|CS|TAMS 0x000000008f700000, 0x000000008f700000| Complete 
| 186|0x000000008f800000, 0x000000008f900000, 0x000000008f900000|100%| E|CS|TAMS 0x000000008f800000, 0x000000008f800000| Complete 
| 187|0x000000008f900000, 0x000000008fa00000, 0x000000008fa00000|100%| E|CS|TAMS 0x000000008f900000, 0x000000008f900000| Complete 
| 188|0x000000008fa00000, 0x000000008fb00000, 0x000000008fb00000|100%| E|CS|TAMS 0x000000008fa00000, 0x000000008fa00000| Complete 
| 189|0x000000008fb00000, 0x000000008fc00000, 0x000000008fc00000|100%| E|CS|TAMS 0x000000008fb00000, 0x000000008fb00000| Complete 
| 190|0x000000008fc00000, 0x000000008fd00000, 0x000000008fd00000|100%| E|CS|TAMS 0x000000008fc00000, 0x000000008fc00000| Complete 
| 191|0x000000008fd00000, 0x000000008fe00000, 0x000000008fe00000|100%| E|CS|TAMS 0x000000008fd00000, 0x000000008fd00000| Complete 
| 192|0x000000008fe00000, 0x000000008ff00000, 0x000000008ff00000|100%| E|CS|TAMS 0x000000008fe00000, 0x000000008fe00000| Complete 
| 193|0x000000008ff00000, 0x0000000090000000, 0x0000000090000000|100%| E|CS|TAMS 0x000000008ff00000, 0x000000008ff00000| Complete 
| 194|0x0000000090000000, 0x0000000090100000, 0x0000000090100000|100%| E|CS|TAMS 0x0000000090000000, 0x0000000090000000| Complete 
| 195|0x0000000090100000, 0x0000000090200000, 0x0000000090200000|100%| E|CS|TAMS 0x0000000090100000, 0x0000000090100000| Complete 
| 196|0x0000000090200000, 0x0000000090300000, 0x0000000090300000|100%| E|CS|TAMS 0x0000000090200000, 0x0000000090200000| Complete 
| 197|0x0000000090300000, 0x0000000090400000, 0x0000000090400000|100%| E|CS|TAMS 0x0000000090300000, 0x0000000090300000| Complete 
| 198|0x0000000090400000, 0x0000000090500000, 0x0000000090500000|100%| E|CS|TAMS 0x0000000090400000, 0x0000000090400000| Complete 
| 199|0x0000000090500000, 0x0000000090600000, 0x0000000090600000|100%| E|CS|TAMS 0x0000000090500000, 0x0000000090500000| Complete 
| 200|0x0000000090600000, 0x0000000090700000, 0x0000000090700000|100%| E|CS|TAMS 0x0000000090600000, 0x0000000090600000| Complete 
| 201|0x0000000090700000, 0x0000000090800000, 0x0000000090800000|100%| E|CS|TAMS 0x0000000090700000, 0x0000000090700000| Complete 
| 202|0x0000000090800000, 0x0000000090900000, 0x0000000090900000|100%| E|CS|TAMS 0x0000000090800000, 0x0000000090800000| Complete 
| 203|0x0000000090900000, 0x0000000090a00000, 0x0000000090a00000|100%| E|CS|TAMS 0x0000000090900000, 0x0000000090900000| Complete 
| 204|0x0000000090a00000, 0x0000000090b00000, 0x0000000090b00000|100%| E|CS|TAMS 0x0000000090a00000, 0x0000000090a00000| Complete 
| 205|0x0000000090b00000, 0x0000000090c00000, 0x0000000090c00000|100%| E|CS|TAMS 0x0000000090b00000, 0x0000000090b00000| Complete 
| 206|0x0000000090c00000, 0x0000000090d00000, 0x0000000090d00000|100%| E|CS|TAMS 0x0000000090c00000, 0x0000000090c00000| Complete 
| 207|0x0000000090d00000, 0x0000000090e00000, 0x0000000090e00000|100%| E|CS|TAMS 0x0000000090d00000, 0x0000000090d00000| Complete 
| 208|0x0000000090e00000, 0x0000000090f00000, 0x0000000090f00000|100%| E|CS|TAMS 0x0000000090e00000, 0x0000000090e00000| Complete 
| 209|0x0000000090f00000, 0x0000000091000000, 0x0000000091000000|100%| E|CS|TAMS 0x0000000090f00000, 0x0000000090f00000| Complete 
| 210|0x0000000091000000, 0x0000000091100000, 0x0000000091100000|100%| E|CS|TAMS 0x0000000091000000, 0x0000000091000000| Complete 
| 211|0x0000000091100000, 0x0000000091200000, 0x0000000091200000|100%| E|CS|TAMS 0x0000000091100000, 0x0000000091100000| Complete 
| 212|0x0000000091200000, 0x0000000091300000, 0x0000000091300000|100%| E|CS|TAMS 0x0000000091200000, 0x0000000091200000| Complete 
| 213|0x0000000091300000, 0x0000000091400000, 0x0000000091400000|100%| E|CS|TAMS 0x0000000091300000, 0x0000000091300000| Complete 
| 214|0x0000000091400000, 0x0000000091500000, 0x0000000091500000|100%| E|CS|TAMS 0x0000000091400000, 0x0000000091400000| Complete 
| 215|0x0000000091500000, 0x0000000091600000, 0x0000000091600000|100%| E|CS|TAMS 0x0000000091500000, 0x0000000091500000| Complete 
| 216|0x0000000091600000, 0x0000000091700000, 0x0000000091700000|100%| E|CS|TAMS 0x0000000091600000, 0x0000000091600000| Complete 
| 217|0x0000000091700000, 0x0000000091800000, 0x0000000091800000|100%| E|CS|TAMS 0x0000000091700000, 0x0000000091700000| Complete 
| 218|0x0000000091800000, 0x0000000091900000, 0x0000000091900000|100%| E|CS|TAMS 0x0000000091800000, 0x0000000091800000| Complete 
| 219|0x0000000091900000, 0x0000000091a00000, 0x0000000091a00000|100%| E|CS|TAMS 0x0000000091900000, 0x0000000091900000| Complete 
| 220|0x0000000091a00000, 0x0000000091b00000, 0x0000000091b00000|100%| E|CS|TAMS 0x0000000091a00000, 0x0000000091a00000| Complete 
| 221|0x0000000091b00000, 0x0000000091c00000, 0x0000000091c00000|100%| E|CS|TAMS 0x0000000091b00000, 0x0000000091b00000| Complete 
| 222|0x0000000091c00000, 0x0000000091d00000, 0x0000000091d00000|100%| E|CS|TAMS 0x0000000091c00000, 0x0000000091c00000| Complete 
| 223|0x0000000091d00000, 0x0000000091e00000, 0x0000000091e00000|100%| E|CS|TAMS 0x0000000091d00000, 0x0000000091d00000| Complete 
| 224|0x0000000091e00000, 0x0000000091f00000, 0x0000000091f00000|100%| E|CS|TAMS 0x0000000091e00000, 0x0000000091e00000| Complete 
| 225|0x0000000091f00000, 0x0000000092000000, 0x0000000092000000|100%| E|CS|TAMS 0x0000000091f00000, 0x0000000091f00000| Complete 
| 226|0x0000000092000000, 0x0000000092100000, 0x0000000092100000|100%| E|CS|TAMS 0x0000000092000000, 0x0000000092000000| Complete 
| 227|0x0000000092100000, 0x0000000092200000, 0x0000000092200000|100%| E|CS|TAMS 0x0000000092100000, 0x0000000092100000| Complete 
| 228|0x0000000092200000, 0x0000000092300000, 0x0000000092300000|100%| E|CS|TAMS 0x0000000092200000, 0x0000000092200000| Complete 
| 229|0x0000000092300000, 0x0000000092400000, 0x0000000092400000|100%| E|CS|TAMS 0x0000000092300000, 0x0000000092300000| Complete 
| 230|0x0000000092400000, 0x0000000092500000, 0x0000000092500000|100%| E|CS|TAMS 0x0000000092400000, 0x0000000092400000| Complete 
| 231|0x0000000092500000, 0x0000000092600000, 0x0000000092600000|100%| E|CS|TAMS 0x0000000092500000, 0x0000000092500000| Complete 
| 232|0x0000000092600000, 0x0000000092700000, 0x0000000092700000|100%| E|CS|TAMS 0x0000000092600000, 0x0000000092600000| Complete 
| 233|0x0000000092700000, 0x0000000092800000, 0x0000000092800000|100%| E|CS|TAMS 0x0000000092700000, 0x0000000092700000| Complete 
| 234|0x0000000092800000, 0x0000000092900000, 0x0000000092900000|100%| E|CS|TAMS 0x0000000092800000, 0x0000000092800000| Complete 
| 235|0x0000000092900000, 0x0000000092a00000, 0x0000000092a00000|100%| E|CS|TAMS 0x0000000092900000, 0x0000000092900000| Complete 
| 236|0x0000000092a00000, 0x0000000092b00000, 0x0000000092b00000|100%| E|CS|TAMS 0x0000000092a00000, 0x0000000092a00000| Complete 
| 237|0x0000000092b00000, 0x0000000092c00000, 0x0000000092c00000|100%| E|CS|TAMS 0x0000000092b00000, 0x0000000092b00000| Complete 
| 238|0x0000000092c00000, 0x0000000092d00000, 0x0000000092d00000|100%| E|CS|TAMS 0x0000000092c00000, 0x0000000092c00000| Complete 
| 239|0x0000000092d00000, 0x0000000092e00000, 0x0000000092e00000|100%| E|CS|TAMS 0x0000000092d00000, 0x0000000092d00000| Complete 
| 240|0x0000000092e00000, 0x0000000092f00000, 0x0000000092f00000|100%| E|CS|TAMS 0x0000000092e00000, 0x0000000092e00000| Complete 
| 241|0x0000000092f00000, 0x0000000093000000, 0x0000000093000000|100%| E|CS|TAMS 0x0000000092f00000, 0x0000000092f00000| Complete 

Card table byte_map: [0x00000221a6880000,0x00000221a6c70000] _byte_map_base: 0x00000221a6461000

Marking Bits (Prev, Next): (CMBitMap*) 0x000002218ea49360, (CMBitMap*) 0x000002218ea49328
 Prev Bits: [0x00000221a8f70000, 0x00000221aae78000)
 Next Bits: [0x00000221a7060000, 0x00000221a8f68000)

Polling page: 0x000002218e1e0000

Metaspace:

Usage:
  Non-class:     16.57 MB capacity,    16.41 MB (>99%) used,   129.77 KB ( <1%) free+waste,    34.94 KB ( <1%) overhead. 
      Class:      1.75 MB capacity,     1.63 MB ( 93%) used,   106.64 KB (  6%) free+waste,    13.56 KB ( <1%) overhead. 
       Both:     18.32 MB capacity,    18.04 MB ( 98%) used,   236.41 KB (  1%) free+waste,    48.50 KB ( <1%) overhead. 

Virtual space:
  Non-class space:       18.00 MB reserved,      16.75 MB ( 93%) committed 
      Class space:        1.00 GB reserved,       1.75 MB ( <1%) committed 
             Both:        1.02 GB reserved,      18.50 MB (  2%) committed 

Chunk freelists:
   Non-Class:  58.00 KB
       Class:  2.00 KB
        Both:  60.00 KB

MaxMetaspaceSize: 17179869184.00 GB
CompressedClassSpaceSize: 1.00 GB
Initial GC threshold: 20.80 MB
Current GC threshold: 27.50 MB
CDS: off

CodeHeap 'non-profiled nmethods': size=120000Kb used=1904Kb max_used=1904Kb free=118095Kb
 bounds [0x000002219ec30000, 0x000002219eea0000, 0x00000221a6160000]
CodeHeap 'profiled nmethods': size=120000Kb used=10290Kb max_used=10290Kb free=109709Kb
 bounds [0x0000022197700000, 0x0000022198110000, 0x000002219ec30000]
CodeHeap 'non-nmethods': size=5760Kb used=1163Kb max_used=1213Kb free=4596Kb
 bounds [0x0000022197160000, 0x00000221973d0000, 0x0000022197700000]
 total_blobs=4654 nmethods=4247 adapters=319
 compilation: enabled
              stopped_count=0, restarted_count=0
 full_count=0

Compilation events (20 events):
Event: 11.065 Thread 0x00000221ae0d3000 4415       2       com.sun.tools.javac.comp.Check::checkMethod (612 bytes)
Event: 11.072 Thread 0x00000221ae0d3000 nmethod 4415 0x00000221980f3890 code [0x00000221980f3e80, 0x00000221980f6798]
Event: 11.072 Thread 0x00000221ae0ce000 nmethod 4251 0x000002219ee03d10 code [0x000002219ee040e0, 0x000002219ee06150]
Event: 11.073 Thread 0x00000221ae0ce000 4411       4       com.sun.tools.javac.jvm.ClassFile::externalize (51 bytes)
Event: 11.080 Thread 0x00000221ae0ce000 nmethod 4411 0x000002219ee08e90 code [0x000002219ee09020, 0x000002219ee092d8]
Event: 11.080 Thread 0x00000221ae0ce000 4403       4       com.sun.tools.javac.comp.Resolve$AbstractMethodCheck::argumentsAcceptable (288 bytes)
Event: 11.104 Thread 0x00000221ae0d3000 4416       2       com.sun.tools.javac.code.Types$HasSameArgs::visitForAll (10 bytes)
Event: 11.104 Thread 0x00000221ae0d3000 nmethod 4416 0x00000221980f8310 code [0x00000221980f84c0, 0x00000221980f8608]
Event: 11.104 Thread 0x00000221ae0d3000 4417       2       com.sun.tools.javac.code.Types$HasSameArgs::visitForAll (99 bytes)
Event: 11.105 Thread 0x00000221ae0d3000 nmethod 4417 0x00000221980f8710 code [0x00000221980f8940, 0x00000221980f8df8]
Event: 11.129 Thread 0x00000221ae0ce000 nmethod 4403 0x000002219ee09410 code [0x000002219ee096c0, 0x000002219ee0b090]
Event: 11.130 Thread 0x00000221ae0ce000 3840       4       java.util.RegularEnumSet::clear (6 bytes)
Event: 11.130 Thread 0x00000221ae0ce000 nmethod 3840 0x000002219ee0bf90 code [0x000002219ee0c120, 0x000002219ee0c178]
Event: 11.130 Thread 0x00000221ae0ce000 4206       4       com.sun.tools.javac.code.Types$ImplementationCache::get (159 bytes)
Event: 11.157 Thread 0x00000221ae0d3000 4420       3       com.sun.tools.javac.comp.Check::checkOverride (370 bytes)
Event: 11.161 Thread 0x00000221ae0d3000 nmethod 4420 0x00000221980f9190 code [0x00000221980f96e0, 0x00000221980fcd68]
Event: 11.225 Thread 0x00000221ae0d3000 4423 %     3       com.sun.tools.javac.comp.Attr::enclosingInitEnv @ 0 (110 bytes)
Event: 11.226 Thread 0x00000221ae0d3000 nmethod 4423% 0x00000221980fdf10 code [0x00000221980fe160, 0x00000221980fea68]
Event: 11.242 Thread 0x00000221ae0d3000 4424       2       com.sun.tools.javac.jvm.Gen::generateReferencesToPrunedTree (62 bytes)
Event: 11.242 Thread 0x00000221ae0d3000 nmethod 4424 0x00000221980fee10 code [0x00000221980ff020, 0x00000221980ff3d8]

GC Heap History (20 events):
Event: 4.433 GC heap before
{Heap before GC invocations=37 (full 0):
 garbage-first heap   total 67584K, used 43372K [0x0000000083e00000, 0x0000000100000000)
  region size 1024K, 17 young (17408K), 3 survivors (3072K)
 Metaspace       used 15128K, capacity 15406K, committed 15488K, reserved 1062912K
  class space    used 1501K, capacity 1607K, committed 1664K, reserved 1048576K
}
Event: 4.450 GC heap after
{Heap after GC invocations=38 (full 0):
 garbage-first heap   total 67584K, used 33792K [0x0000000083e00000, 0x0000000100000000)
  region size 1024K, 3 young (3072K), 3 survivors (3072K)
 Metaspace       used 15128K, capacity 15406K, committed 15488K, reserved 1062912K
  class space    used 1501K, capacity 1607K, committed 1664K, reserved 1048576K
}
Event: 5.050 GC heap before
{Heap before GC invocations=38 (full 0):
 garbage-first heap   total 67584K, used 45056K [0x0000000083e00000, 0x0000000100000000)
  region size 1024K, 15 young (15360K), 3 survivors (3072K)
 Metaspace       used 15446K, capacity 15780K, committed 16000K, reserved 1062912K
  class space    used 1525K, capacity 1646K, committed 1664K, reserved 1048576K
}
Event: 5.062 GC heap after
{Heap after GC invocations=39 (full 0):
 garbage-first heap   total 67584K, used 37644K [0x0000000083e00000, 0x0000000100000000)
  region size 1024K, 2 young (2048K), 2 survivors (2048K)
 Metaspace       used 15446K, capacity 15780K, committed 16000K, reserved 1062912K
  class space    used 1525K, capacity 1646K, committed 1664K, reserved 1048576K
}
Event: 5.405 GC heap before
{Heap before GC invocations=40 (full 0):
 garbage-first heap   total 67584K, used 49932K [0x0000000083e00000, 0x0000000100000000)
  region size 1024K, 13 young (13312K), 2 survivors (2048K)
 Metaspace       used 15948K, capacity 16261K, committed 16384K, reserved 1064960K
  class space    used 1563K, capacity 1696K, committed 1792K, reserved 1048576K
}
Event: 5.424 GC heap after
{Heap after GC invocations=41 (full 0):
 garbage-first heap   total 123904K, used 42397K [0x0000000083e00000, 0x0000000100000000)
  region size 1024K, 2 young (2048K), 2 survivors (2048K)
 Metaspace       used 15948K, capacity 16261K, committed 16384K, reserved 1064960K
  class space    used 1563K, capacity 1696K, committed 1792K, reserved 1048576K
}
Event: 5.653 GC heap before
{Heap before GC invocations=41 (full 0):
 garbage-first heap   total 123904K, used 67997K [0x0000000083e00000, 0x0000000100000000)
  region size 1024K, 27 young (27648K), 2 survivors (2048K)
 Metaspace       used 16008K, capacity 16325K, committed 16640K, reserved 1064960K
  class space    used 1563K, capacity 1696K, committed 1792K, reserved 1048576K
}
Event: 5.711 GC heap after
{Heap after GC invocations=42 (full 0):
 garbage-first heap   total 123904K, used 61794K [0x0000000083e00000, 0x0000000100000000)
  region size 1024K, 4 young (4096K), 4 survivors (4096K)
 Metaspace       used 16008K, capacity 16325K, committed 16640K, reserved 1064960K
  class space    used 1563K, capacity 1696K, committed 1792K, reserved 1048576K
}
Event: 5.777 GC heap before
{Heap before GC invocations=42 (full 0):
 garbage-first heap   total 123904K, used 64866K [0x0000000083e00000, 0x0000000100000000)
  region size 1024K, 8 young (8192K), 4 survivors (4096K)
 Metaspace       used 16070K, capacity 16392K, committed 16640K, reserved 1064960K
  class space    used 1564K, capacity 1696K, committed 1792K, reserved 1048576K
}
Event: 5.795 GC heap after
{Heap after GC invocations=43 (full 0):
 garbage-first heap   total 123904K, used 63333K [0x0000000083e00000, 0x0000000100000000)
  region size 1024K, 2 young (2048K), 2 survivors (2048K)
 Metaspace       used 16070K, capacity 16392K, committed 16640K, reserved 1064960K
  class space    used 1564K, capacity 1696K, committed 1792K, reserved 1048576K
}
Event: 6.217 GC heap before
{Heap before GC invocations=44 (full 0):
 garbage-first heap   total 123904K, used 81765K [0x0000000083e00000, 0x0000000100000000)
  region size 1024K, 18 young (18432K), 2 survivors (2048K)
 Metaspace       used 16268K, capacity 16594K, committed 16896K, reserved 1064960K
  class space    used 1567K, capacity 1696K, committed 1792K, reserved 1048576K
}
Event: 6.234 GC heap after
{Heap after GC invocations=45 (full 0):
 garbage-first heap   total 123904K, used 68096K [0x0000000083e00000, 0x0000000100000000)
  region size 1024K, 3 young (3072K), 3 survivors (3072K)
 Metaspace       used 16268K, capacity 16594K, committed 16896K, reserved 1064960K
  class space    used 1567K, capacity 1696K, committed 1792K, reserved 1048576K
}
Event: 6.442 GC heap before
{Heap before GC invocations=45 (full 0):
 garbage-first heap   total 123904K, used 85504K [0x0000000083e00000, 0x0000000100000000)
  region size 1024K, 20 young (20480K), 3 survivors (3072K)
 Metaspace       used 16326K, capacity 16603K, committed 16896K, reserved 1064960K
  class space    used 1569K, capacity 1698K, committed 1792K, reserved 1048576K
}
Event: 6.472 GC heap after
{Heap after GC invocations=46 (full 0):
 garbage-first heap   total 247808K, used 71476K [0x0000000083e00000, 0x0000000100000000)
  region size 1024K, 3 young (3072K), 3 survivors (3072K)
 Metaspace       used 16326K, capacity 16603K, committed 16896K, reserved 1064960K
  class space    used 1569K, capacity 1698K, committed 1792K, reserved 1048576K
}
Event: 8.884 GC heap before
{Heap before GC invocations=47 (full 0):
 garbage-first heap   total 247808K, used 123700K [0x0000000083e00000, 0x0000000100000000)
  region size 1024K, 54 young (55296K), 3 survivors (3072K)
 Metaspace       used 18028K, capacity 18360K, committed 18432K, reserved 1067008K
  class space    used 1669K, capacity 1790K, committed 1792K, reserved 1048576K
}
Event: 8.908 GC heap after
{Heap after GC invocations=48 (full 0):
 garbage-first heap   total 247808K, used 76800K [0x0000000083e00000, 0x0000000100000000)
  region size 1024K, 7 young (7168K), 7 survivors (7168K)
 Metaspace       used 18028K, capacity 18360K, committed 18432K, reserved 1067008K
  class space    used 1669K, capacity 1790K, committed 1792K, reserved 1048576K
}
Event: 9.882 GC heap before
{Heap before GC invocations=48 (full 0):
 garbage-first heap   total 247808K, used 142336K [0x0000000083e00000, 0x0000000100000000)
  region size 1024K, 71 young (72704K), 7 survivors (7168K)
 Metaspace       used 18310K, capacity 18624K, committed 18688K, reserved 1067008K
  class space    used 1669K, capacity 1790K, committed 1792K, reserved 1048576K
}
Event: 9.903 GC heap after
{Heap after GC invocations=49 (full 0):
 garbage-first heap   total 247808K, used 80954K [0x0000000083e00000, 0x0000000100000000)
  region size 1024K, 4 young (4096K), 4 survivors (4096K)
 Metaspace       used 18310K, capacity 18624K, committed 18688K, reserved 1067008K
  class space    used 1669K, capacity 1790K, committed 1792K, reserved 1048576K
}
Event: 10.660 GC heap before
{Heap before GC invocations=49 (full 0):
 garbage-first heap   total 247808K, used 155706K [0x0000000083e00000, 0x0000000100000000)
  region size 1024K, 77 young (78848K), 4 survivors (4096K)
 Metaspace       used 18425K, capacity 18692K, committed 18944K, reserved 1067008K
  class space    used 1669K, capacity 1790K, committed 1792K, reserved 1048576K
}
Event: 10.673 GC heap after
{Heap after GC invocations=50 (full 0):
 garbage-first heap   total 247808K, used 84026K [0x0000000083e00000, 0x0000000100000000)
  region size 1024K, 7 young (7168K), 7 survivors (7168K)
 Metaspace       used 18425K, capacity 18692K, committed 18944K, reserved 1067008K
  class space    used 1669K, capacity 1790K, committed 1792K, reserved 1048576K
}

Deoptimization events (20 events):
Event: 10.092 Thread 0x000002218c83c000 Uncommon trap: trap_request=0xffffffc6 fr.pc=0x000002219edb87b8 relative=0x0000000000001458
Event: 10.092 Thread 0x000002218c83c000 Uncommon trap: reason=bimorphic_or_optimized_type_check action=maybe_recompile pc=0x000002219edb87b8 method=com.sun.tools.javac.code.Types$16.visitClassType(Lcom/sun/tools/javac/code/Type$ClassType;Ljava/lang/Void;)Lcom/sun/tools/javac/util/List; @ 46 c2
Event: 10.093 Thread 0x000002218c83c000 DEOPT PACKING pc=0x000002219edb87b8 sp=0x000000f796ffe5d0
Event: 10.093 Thread 0x000002218c83c000 DEOPT UNPACKING pc=0x00000221971685af sp=0x000000f796ffe560 mode 2
Event: 10.368 Thread 0x000002218c83c000 Uncommon trap: trap_request=0xffffff4d fr.pc=0x000002219edab284 relative=0x00000000000000e4
Event: 10.368 Thread 0x000002218c83c000 Uncommon trap: reason=unstable_if action=reinterpret pc=0x000002219edab284 method=com.sun.tools.javac.jvm.ClassWriter.adjustFlags(J)I @ 41 c2
Event: 10.368 Thread 0x000002218c83c000 DEOPT PACKING pc=0x000002219edab284 sp=0x000000f796ffe480
Event: 10.368 Thread 0x000002218c83c000 DEOPT UNPACKING pc=0x00000221971685af sp=0x000000f796ffe400 mode 2
Event: 10.423 Thread 0x000002218c83c000 DEOPT PACKING pc=0x0000022197e8a20e sp=0x000000f796ffc8b0
Event: 10.423 Thread 0x000002218c83c000 DEOPT UNPACKING pc=0x00000221971a9d0e sp=0x000000f796ffbcd8 mode 0
Event: 10.729 Thread 0x000002218c83c000 Uncommon trap: trap_request=0xffffff4d fr.pc=0x000002219eddea4c relative=0x000000000000030c
Event: 10.729 Thread 0x000002218c83c000 Uncommon trap: reason=unstable_if action=reinterpret pc=0x000002219eddea4c method=java.util.WeakHashMap.expungeStaleEntries()V @ 9 c2
Event: 10.729 Thread 0x000002218c83c000 DEOPT PACKING pc=0x000002219eddea4c sp=0x000000f796ffe030
Event: 10.729 Thread 0x000002218c83c000 DEOPT UNPACKING pc=0x00000221971685af sp=0x000000f796ffdfc8 mode 2
Event: 10.949 Thread 0x000002218c83c000 Uncommon trap: trap_request=0xffffffc6 fr.pc=0x000002219edb87b8 relative=0x0000000000001458
Event: 10.949 Thread 0x000002218c83c000 Uncommon trap: reason=bimorphic_or_optimized_type_check action=maybe_recompile pc=0x000002219edb87b8 method=com.sun.tools.javac.code.Types$16.visitClassType(Lcom/sun/tools/javac/code/Type$ClassType;Ljava/lang/Void;)Lcom/sun/tools/javac/util/List; @ 46 c2
Event: 10.949 Thread 0x000002218c83c000 DEOPT PACKING pc=0x000002219edb87b8 sp=0x000000f796ffe4d0
Event: 10.949 Thread 0x000002218c83c000 DEOPT UNPACKING pc=0x00000221971685af sp=0x000000f796ffe460 mode 2
Event: 11.065 Thread 0x000002218c83c000 DEOPT PACKING pc=0x0000022197ffc150 sp=0x000000f796ffca10
Event: 11.065 Thread 0x000002218c83c000 DEOPT UNPACKING pc=0x00000221971a9d0e sp=0x000000f796ffc068 mode 0

Classes redefined (0 events):
No events

Internal exceptions (20 events):
Event: 11.071 Thread 0x000002218c83c000 Exception <a 'sun/nio/fs/WindowsException'{0x00000000903729c8}> (0x00000000903729c8) thrown at [./src/hotspot/share/prims/jni.cpp, line 617]
Event: 11.081 Thread 0x000002218c83c000 Exception <a 'sun/nio/fs/WindowsException'{0x000000009010a638}> (0x000000009010a638) thrown at [./src/hotspot/share/prims/jni.cpp, line 617]
Event: 11.087 Thread 0x000002218c83c000 Exception <a 'sun/nio/fs/WindowsException'{0x00000000901378a0}> (0x00000000901378a0) thrown at [./src/hotspot/share/prims/jni.cpp, line 617]
Event: 11.099 Thread 0x000002218c83c000 Exception <a 'sun/nio/fs/WindowsException'{0x0000000090049280}> (0x0000000090049280) thrown at [./src/hotspot/share/prims/jni.cpp, line 617]
Event: 11.105 Thread 0x000002218c83c000 Exception <a 'sun/nio/fs/WindowsException'{0x000000009009f2b0}> (0x000000009009f2b0) thrown at [./src/hotspot/share/prims/jni.cpp, line 617]
Event: 11.110 Thread 0x000002218c83c000 Exception <a 'sun/nio/fs/WindowsException'{0x00000000900f86f0}> (0x00000000900f86f0) thrown at [./src/hotspot/share/prims/jni.cpp, line 617]
Event: 11.136 Thread 0x000002218c83c000 Exception <a 'sun/nio/fs/WindowsException'{0x000000008fe7aff0}> (0x000000008fe7aff0) thrown at [./src/hotspot/share/prims/jni.cpp, line 617]
Event: 11.148 Thread 0x000002218c83c000 Exception <a 'sun/nio/fs/WindowsException'{0x000000008fc46ef8}> (0x000000008fc46ef8) thrown at [./src/hotspot/share/prims/jni.cpp, line 617]
Event: 11.153 Thread 0x000002218c83c000 Exception <a 'sun/nio/fs/WindowsException'{0x000000008fb103c0}> (0x000000008fb103c0) thrown at [./src/hotspot/share/prims/jni.cpp, line 617]
Event: 11.164 Thread 0x000002218c83c000 Exception <a 'sun/nio/fs/WindowsException'{0x000000008fac3410}> (0x000000008fac3410) thrown at [./src/hotspot/share/prims/jni.cpp, line 617]
Event: 11.169 Thread 0x000002218c83c000 Exception <a 'sun/nio/fs/WindowsException'{0x000000008fae6960}> (0x000000008fae6960) thrown at [./src/hotspot/share/prims/jni.cpp, line 617]
Event: 11.182 Thread 0x000002218c83c000 Exception <a 'sun/nio/fs/WindowsException'{0x000000008f801490}> (0x000000008f801490) thrown at [./src/hotspot/share/prims/jni.cpp, line 617]
Event: 11.192 Thread 0x000002218c83c000 Exception <a 'sun/nio/fs/WindowsException'{0x000000008f7891d0}> (0x000000008f7891d0) thrown at [./src/hotspot/share/prims/jni.cpp, line 617]
Event: 11.204 Thread 0x000002218c83c000 Exception <a 'sun/nio/fs/WindowsException'{0x000000008f533b88}> (0x000000008f533b88) thrown at [./src/hotspot/share/prims/jni.cpp, line 617]
Event: 11.213 Thread 0x000002218c83c000 Exception <a 'sun/nio/fs/WindowsException'{0x000000008f4ff3f8}> (0x000000008f4ff3f8) thrown at [./src/hotspot/share/prims/jni.cpp, line 617]
Event: 11.221 Thread 0x000002218c83c000 Exception <a 'sun/nio/fs/WindowsException'{0x000000008f3c8940}> (0x000000008f3c8940) thrown at [./src/hotspot/share/prims/jni.cpp, line 617]
Event: 11.230 Thread 0x000002218c83c000 Exception <a 'sun/nio/fs/WindowsException'{0x000000008f1945c0}> (0x000000008f1945c0) thrown at [./src/hotspot/share/prims/jni.cpp, line 617]
Event: 11.238 Thread 0x000002218c83c000 Exception <a 'sun/nio/fs/WindowsException'{0x000000008f05d8c0}> (0x000000008f05d8c0) thrown at [./src/hotspot/share/prims/jni.cpp, line 617]
Event: 11.242 Thread 0x000002218c83c000 Exception <a 'sun/nio/fs/WindowsException'{0x000000008f08eef0}> (0x000000008f08eef0) thrown at [./src/hotspot/share/prims/jni.cpp, line 617]
Event: 11.249 Thread 0x000002218c83c000 Exception <a 'sun/nio/fs/WindowsException'{0x000000008ee27830}> (0x000000008ee27830) thrown at [./src/hotspot/share/prims/jni.cpp, line 617]

Events (20 events):
Event: 8.240 Executing VM operation: ICBufferFull
Event: 8.240 Executing VM operation: ICBufferFull done
Event: 8.726 Executing VM operation: ICBufferFull
Event: 8.726 Executing VM operation: ICBufferFull done
Event: 8.861 Executing VM operation: ICBufferFull
Event: 8.861 Executing VM operation: ICBufferFull done
Event: 8.869 Loaded shared library C:\Program Files\Microsoft\jdk-11.0.16.101-hotspot\bin\nio.dll
Event: 8.884 Executing VM operation: G1CollectForAllocation
Event: 8.908 Executing VM operation: G1CollectForAllocation done
Event: 9.035 Executing VM operation: ICBufferFull
Event: 9.035 Executing VM operation: ICBufferFull done
Event: 9.320 Executing VM operation: ICBufferFull
Event: 9.321 Executing VM operation: ICBufferFull done
Event: 9.701 Executing VM operation: ICBufferFull
Event: 9.701 Executing VM operation: ICBufferFull done
Event: 9.881 Executing VM operation: G1CollectForAllocation
Event: 9.903 Executing VM operation: G1CollectForAllocation done
Event: 10.660 Executing VM operation: G1CollectForAllocation
Event: 10.673 Executing VM operation: G1CollectForAllocation done
Event: 10.804 Thread 0x00000221b15f9000 Thread added: 0x00000221b15f9000


Dynamic libraries:
0x00007ff7ed4e0000 - 0x00007ff7ed4e7000 	C:\Program Files\Microsoft\jdk-11.0.16.101-hotspot\bin\javac.exe
0x00007ffa0dfd0000 - 0x00007ffa0e1e4000 	C:\WINDOWS\SYSTEM32\ntdll.dll
0x00007ffa0ccd0000 - 0x00007ffa0cd93000 	C:\WINDOWS\System32\KERNEL32.DLL
0x00007ffa0b480000 - 0x00007ffa0b81c000 	C:\WINDOWS\System32\KERNELBASE.dll
0x00007ffa0bad0000 - 0x00007ffa0bbe1000 	C:\WINDOWS\System32\ucrtbase.dll
0x00007ff9ea490000 - 0x00007ff9ea4a5000 	C:\Program Files\Microsoft\jdk-11.0.16.101-hotspot\bin\VCRUNTIME140.dll
0x00007ff9ea370000 - 0x00007ff9ea387000 	C:\Program Files\Microsoft\jdk-11.0.16.101-hotspot\bin\jli.dll
0x00007ffa0d000000 - 0x00007ffa0d1ad000 	C:\WINDOWS\System32\USER32.dll
0x00007ffa0b8c0000 - 0x00007ffa0b8e6000 	C:\WINDOWS\System32\win32u.dll
0x00007ff9ec750000 - 0x00007ff9ec9de000 	C:\WINDOWS\WinSxS\amd64_microsoft.windows.common-controls_6595b64144ccf1df_6.0.22621.608_none_a9444ca7c10bb01d\COMCTL32.dll
0x00007ffa0be90000 - 0x00007ffa0beb9000 	C:\WINDOWS\System32\GDI32.dll
0x00007ffa0b8f0000 - 0x00007ffa0ba03000 	C:\WINDOWS\System32\gdi32full.dll
0x00007ffa0b820000 - 0x00007ffa0b8ba000 	C:\WINDOWS\System32\msvcp_win.dll
0x00007ffa0c080000 - 0x00007ffa0c127000 	C:\WINDOWS\System32\msvcrt.dll
0x00007ffa0cf60000 - 0x00007ffa0cf91000 	C:\WINDOWS\System32\IMM32.DLL
0x00007ff9a6130000 - 0x00007ff9a61cb000 	C:\Program Files\Microsoft\jdk-11.0.16.101-hotspot\bin\msvcp140.dll
0x00007ff99d950000 - 0x00007ff99e4da000 	C:\Program Files\Microsoft\jdk-11.0.16.101-hotspot\bin\server\jvm.dll
0x00007ffa0c890000 - 0x00007ffa0c93e000 	C:\WINDOWS\System32\ADVAPI32.dll
0x00007ffa0ce00000 - 0x00007ffa0cea4000 	C:\WINDOWS\System32\sechost.dll
0x00007ffa0cbb0000 - 0x00007ffa0ccc5000 	C:\WINDOWS\System32\RPCRT4.dll
0x00007ffa0cba0000 - 0x00007ffa0cba8000 	C:\WINDOWS\System32\PSAPI.DLL
0x00007ff9e8520000 - 0x00007ff9e8529000 	C:\WINDOWS\SYSTEM32\WSOCK32.dll
0x00007ffa00b80000 - 0x00007ffa00b8a000 	C:\WINDOWS\SYSTEM32\VERSION.dll
0x00007ffa0cec0000 - 0x00007ffa0cf31000 	C:\WINDOWS\System32\WS2_32.dll
0x00007ffa03c70000 - 0x00007ffa03ca4000 	C:\WINDOWS\SYSTEM32\WINMM.dll
0x00007ffa0a430000 - 0x00007ffa0a448000 	C:\WINDOWS\SYSTEM32\kernel.appcore.dll
0x00007ff9eb120000 - 0x00007ff9eb130000 	C:\Program Files\Microsoft\jdk-11.0.16.101-hotspot\bin\verify.dll
0x00007ffa08970000 - 0x00007ffa08b9e000 	C:\WINDOWS\SYSTEM32\DBGHELP.DLL
0x00007ffa0d1b0000 - 0x00007ffa0d539000 	C:\WINDOWS\System32\combase.dll
0x00007ffa0bf50000 - 0x00007ffa0c027000 	C:\WINDOWS\System32\OLEAUT32.dll
0x00007ff9e4aa0000 - 0x00007ff9e4ad2000 	C:\WINDOWS\SYSTEM32\dbgcore.DLL
0x00007ffa0bbf0000 - 0x00007ffa0bc6b000 	C:\WINDOWS\System32\bcryptPrimitives.dll
0x00007ff9d41d0000 - 0x00007ff9d41f8000 	C:\Program Files\Microsoft\jdk-11.0.16.101-hotspot\bin\java.dll
0x00007ff9ea480000 - 0x00007ff9ea48a000 	C:\Program Files\Microsoft\jdk-11.0.16.101-hotspot\bin\jimage.dll
0x00007ff9dd570000 - 0x00007ff9dd588000 	C:\Program Files\Microsoft\jdk-11.0.16.101-hotspot\bin\zip.dll
0x00007ffa0d540000 - 0x00007ffa0dd30000 	C:\WINDOWS\System32\SHELL32.dll
0x00007ffa093d0000 - 0x00007ffa09c9e000 	C:\WINDOWS\SYSTEM32\windows.storage.dll
0x00007ffa09290000 - 0x00007ffa093ce000 	C:\WINDOWS\SYSTEM32\wintypes.dll
0x00007ffa0caa0000 - 0x00007ffa0cb91000 	C:\WINDOWS\System32\SHCORE.dll
0x00007ffa0cda0000 - 0x00007ffa0cdfe000 	C:\WINDOWS\System32\shlwapi.dll
0x00007ffa0b340000 - 0x00007ffa0b361000 	C:\WINDOWS\SYSTEM32\profapi.dll
0x00007ff9d41b0000 - 0x00007ff9d41c9000 	C:\Program Files\Microsoft\jdk-11.0.16.101-hotspot\bin\net.dll
0x00007ffa05360000 - 0x00007ffa0548f000 	C:\WINDOWS\SYSTEM32\WINHTTP.dll
0x00007ffa0a910000 - 0x00007ffa0a979000 	C:\WINDOWS\system32\mswsock.dll
0x00007ff9d3fb0000 - 0x00007ff9d3fc3000 	C:\Program Files\Microsoft\jdk-11.0.16.101-hotspot\bin\nio.dll

dbghelp: loaded successfully - version: 4.0.5 - missing functions: none
symbol engine: initialized successfully - sym options: 0x614 - pdb path: .;C:\Program Files\Microsoft\jdk-11.0.16.101-hotspot\bin;C:\WINDOWS\SYSTEM32;C:\WINDOWS\WinSxS\amd64_microsoft.windows.common-controls_6595b64144ccf1df_6.0.22621.608_none_a9444ca7c10bb01d;C:\Program Files\Microsoft\jdk-11.0.16.101-hotspot\bin\server

VM Arguments:
jvm_args: -Dapplication.home=C:\Program Files\Microsoft\jdk-11.0.16.101-hotspot --add-modules=ALL-DEFAULT -Xms8m -Dfile.encoding=UTF8 -Djdk.module.main=jdk.compiler 
java_command: jdk.compiler/com.sun.tools.javac.Main @C:\Users\activ\AppData\Local\Temp\tmpFDFF.tmp -target 1.8 -source 1.8
java_class_path (initial): <not set>
Launcher Type: SUN_STANDARD

[Global flags]
     intx CICompilerCount                          = 4                                         {product} {ergonomic}
     uint ConcGCThreads                            = 2                                         {product} {ergonomic}
     uint G1ConcRefinementThreads                  = 8                                         {product} {ergonomic}
   size_t G1HeapRegionSize                         = 1048576                                   {product} {ergonomic}
    uintx GCDrainStackTargetSize                   = 64                                        {product} {ergonomic}
   size_t InitialHeapSize                          = 8388608                                   {product} {command line}
   size_t MarkStackSize                            = 4194304                                   {product} {ergonomic}
   size_t MaxHeapSize                              = 2082471936                                {product} {ergonomic}
   size_t MaxNewSize                               = 1248854016                                {product} {ergonomic}
   size_t MinHeapDeltaBytes                        = 1048576                                   {product} {ergonomic}
    uintx NonNMethodCodeHeapSize                   = 5836300                                {pd product} {ergonomic}
    uintx NonProfiledCodeHeapSize                  = 122910970                              {pd product} {ergonomic}
    uintx ProfiledCodeHeapSize                     = 122910970                              {pd product} {ergonomic}
    uintx ReservedCodeCacheSize                    = 251658240                              {pd product} {ergonomic}
     bool SegmentedCodeCache                       = true                                      {product} {ergonomic}
     bool UseCompressedClassPointers               = true                                 {lp64_product} {ergonomic}
     bool UseCompressedOops                        = true                                 {lp64_product} {ergonomic}
     bool UseG1GC                                  = true                                      {product} {ergonomic}
     bool UseLargePagesIndividualAllocation        = false                                  {pd product} {ergonomic}

Logging:
Log output configuration:
 #0: stdout all=warning uptime,level,tags
 #1: stderr all=off uptime,level,tags

Environment Variables:
PATH=C:\Program Files\Microsoft\jdk-11.0.16.101-hotspot\bin;C:\WINDOWS\system32;C:\WINDOWS;C:\WINDOWS\System32\Wbem;C:\WINDOWS\System32\WindowsPowerShell\v1.0\;C:\WINDOWS\System32\OpenSSH\;C:\Program Files\Microsoft SQL Server\150\Tools\Binn\;C:\Program Files\Microsoft SQL Server\Client SDK\ODBC\170\Tools\Binn\;C:\Program Files (x86)\Microsoft SQL Server\160\Tools\Binn\;C:\Program Files\Microsoft SQL Server\160\Tools\Binn\;C:\Program Files\Microsoft SQL Server\160\DTS\Binn\;C:\Program Files (x86)\Microsoft SQL Server\160\DTS\Binn\;C:\Program Files\Azure Data Studio\bin;C:\Program Files\Git\cmd;C:\Program Files\nodejs\;C:\Program Files\dotnet\;C:\Users\activ\AppData\Local\Microsoft\WindowsApps;C:\Users\activ\.dotnet\tools;C:\Program Files\Azure Data Studio\bin;C:\Users\activ\AppData\Roaming\npm;C:\Users\activ\AppData\Local\Programs\Microsoft VS Code\bin;C:\Users\activ\.dotnet\tools;C:\PROGRAM FILES\MICROSOFT VISUAL STUDIO\2022\COMMUNITY\COMMON7\IDE\EXTENSIONS\XAMARIN.VISUALSTUDIO
USERNAME=activ
OS=Windows_NT
PROCESSOR_IDENTIFIER=Intel64 Family 6 Model 140 Stepping 2, GenuineIntel
TMP=C:\Users\activ\AppData\Local\Temp
TEMP=C:\Users\activ\AppData\Local\Temp



---------------  S Y S T E M  ---------------

OS: Windows 11 , 64 bit Build 22621 (10.0.22621.1344)
OS uptime: 1 days 22:57 hours
Hyper-V role detected

CPU:total 8 (initial active 8) (4 cores per cpu, 2 threads per core) family 6 model 140 stepping 2 microcode 0x16, cmov, cx8, fxsr, mmx, sse, sse2, sse3, ssse3, sse4.1, sse4.2, popcnt, avx, avx2, aes, clmul, erms, 3dnowpref, lzcnt, ht, tsc, tscinvbit, bmi1, bmi2, adx, evex, sha, fma

Memory: 4k page, system-wide physical 7941M (636M free)
TotalPageFile size 32517M (AvailPageFile size 0M)
current process WorkingSet (physical memory assigned to process): 320M, peak: 320M
current process commit charge ("private bytes"): 403M, peak: 403M

vm_info: OpenJDK 64-Bit Server VM (11.0.16.1+1-LTS) for windows-amd64 JRE (11.0.16.1+1-LTS), built on Aug 20 2022 20:09:04 by "" with MS VC++ 15.9 (VS2017)

END.
