#
# There is insufficient memory for the Java Runtime Environment to continue.
# Native memory allocation (malloc) failed to allocate 1048576 bytes for AllocateHeap
# Possible reasons:
#   The system is out of physical RAM or swap space
#   The process is running with CompressedOops enabled, and the Java Heap may be blocking the growth of the native heap
# Possible solutions:
#   Reduce memory load on the system
#   Increase physical memory or swap space
#   Check if swap backing store is full
#   Decrease Java heap size (-Xmx/-Xms)
#   Decrease number of Java threads
#   Decrease Java thread stack sizes (-Xss)
#   Set larger code cache with -XX:ReservedCodeCacheSize=
#   JVM is running with Unscaled Compressed Oops mode in which the Java heap is
#     placed in the first 4GB address space. The Java Heap base address is the
#     maximum limit for the native heap growth. Please use -XX:HeapBaseMinAddress
#     to set the Java Heap base and to place the Java Heap above 4GB virtual address.
# This output file may be truncated or incomplete.
#
#  Out of Memory Error (./src/hotspot/share/memory/allocation.cpp:46), pid=30372, tid=23400
#
# JRE version:  (11.0.16.1+1) (build )
# Java VM: OpenJDK 64-Bit Server VM (11.0.16.1+1-LTS, mixed mode, sharing, tiered, compressed oops, g1 gc, windows-amd64)
# No core dump will be written. Minidumps are not enabled by default on client versions of Windows
#

---------------  S U M M A R Y ------------

Command Line: -Dapplication.home=C:\Program Files\Microsoft\jdk-11.0.16.101-hotspot --add-modules=ALL-DEFAULT -Xms8m -Dfile.encoding=UTF8 -Djdk.module.main=jdk.compiler jdk.compiler/com.sun.tools.javac.Main @C:\Users\activ\AppData\Local\Temp\tmp7859.tmp -target 1.8 -source 1.8

Host: 11th Gen Intel(R) Core(TM) i5-1155G7 @ 2.50GHz, 8 cores, 7G,  Windows 11 , 64 bit Build 22621 (10.0.22621.1344)
Time: Wed Apr 12 20:24:49 2023 Paris, Madrid (heure duild 22621 (10.0.22621.1344) elapsed time: 0.019231 seconds (0d 0h 0m 0s)

---------------  T H R E A D  ---------------

Current thread (0x000001a9220e8800):  JavaThread "Unknown thread" [_thread_in_vm, id=23400, stack(0x00000002fac00000,0x00000002fad00000)]

Stack: [0x00000002fac00000,0x00000002fad00000]
Native frames: (J=compiled Java code, j=interpreted, Vv=VM code, C=native code)
V  [jvm.dll+0x62652a]
V  [jvm.dll+0x7b3249]
V  [jvm.dll+0x7b4938]
V  [jvm.dll+0x7b5013]
V  [jvm.dll+0x24fca8]
V  [jvm.dll+0xb95f4]
V  [jvm.dll+0x2e0998]
V  [jvm.dll+0x78d087]
V  [jvm.dll+0x78e81f]
V  [jvm.dll+0x35f8e9]
V  [jvm.dll+0x770000]
V  [jvm.dll+0x3cd40f]
V  [jvm.dll+0x3cf7a1]
C  [jli.dll+0x5207]
C  [ucrtbase.dll+0x29363]
C  [KERNEL32.DLL+0x126bd]
C  [ntdll.dll+0x5a9f8]


---------------  P R O C E S S  ---------------

Threads class SMR info:
_java_thread_list=0x000001a91ff45850, length=0, elements={
}

Java Threads: ( => current thread )

Other Threads:

=>0x000001a9220e8800 (exited) JavaThread "Unknown thread" [_thread_in_vm, id=23400, stack(0x00000002fac00000,0x00000002fad00000)]

Threads with active compile tasks:

VM state:not at safepoint (not fully initialized)

VM Mutex/Monitor currently owned by a thread: None


[error occurred during error reporting (printing compressed oops mode), id 0xc0000005, EXCEPTION_ACCESS_VIOLATION (0xc0000005) at pc=0x00007ff990b2de67]

GC Heap History (0 events):
No events

Deoptimization events (0 events):
No events

Classes redefined (0 events):
No events

Internal exceptions (0 events):
No events

Events (1 events):
Event: 0.014 Loaded shared library C:\Program Files\Microsoft\jdk-11.0.16.101-hotspot\bin\zip.dll


Dynamic libraries:
0x00007ff78f630000 - 0x00007ff78f637000 	C:\Program Files\Microsoft\jdk-11.0.16.101-hotspot\bin\javac.exe
0x00007ffa0dfd0000 - 0x00007ffa0e1e4000 	C:\WINDOWS\SYSTEM32\ntdll.dll
0x00007ffa0ccd0000 - 0x00007ffa0cd93000 	C:\WINDOWS\System32\KERNEL32.DLL
0x00007ffa0b480000 - 0x00007ffa0b81c000 	C:\WINDOWS\System32\KERNELBASE.dll
0x00007ffa0bad0000 - 0x00007ffa0bbe1000 	C:\WINDOWS\System32\ucrtbase.dll
0x00007ff9ea4b0000 - 0x00007ff9ea4c7000 	C:\Program Files\Microsoft\jdk-11.0.16.101-hotspot\bin\jli.dll
0x00007ff9dd570000 - 0x00007ff9dd585000 	C:\Program Files\Microsoft\jdk-11.0.16.101-hotspot\bin\VCRUNTIME140.dll
0x00007ffa0d000000 - 0x00007ffa0d1ad000 	C:\WINDOWS\System32\USER32.dll
0x00007ffa0b8c0000 - 0x00007ffa0b8e6000 	C:\WINDOWS\System32\win32u.dll
0x00007ffa0be90000 - 0x00007ffa0beb9000 	C:\WINDOWS\System32\GDI32.dll
0x00007ff9ec750000 - 0x00007ff9ec9de000 	C:\WINDOWS\WinSxS\amd64_microsoft.windows.common-controls_6595b64144ccf1df_6.0.22621.608_none_a9444ca7c10bb01d\COMCTL32.dll
0x00007ffa0b8f0000 - 0x00007ffa0ba03000 	C:\WINDOWS\System32\gdi32full.dll
0x00007ffa0c080000 - 0x00007ffa0c127000 	C:\WINDOWS\System32\msvcrt.dll
0x00007ffa0b820000 - 0x00007ffa0b8ba000 	C:\WINDOWS\System32\msvcp_win.dll
0x00007ffa0cf60000 - 0x00007ffa0cf91000 	C:\WINDOWS\System32\IMM32.DLL
0x00007ff9a7400000 - 0x00007ff9a749b000 	C:\Program Files\Microsoft\jdk-11.0.16.101-hotspot\bin\msvcp140.dll
0x00007ff9903a0000 - 0x00007ff990f2a000 	C:\Program Files\Microsoft\jdk-11.0.16.101-hotspot\bin\server\jvm.dll
0x00007ffa0c890000 - 0x00007ffa0c93e000 	C:\WINDOWS\System32\ADVAPI32.dll
0x00007ffa0ce00000 - 0x00007ffa0cea4000 	C:\WINDOWS\System32\sechost.dll
0x00007ffa0cbb0000 - 0x00007ffa0ccc5000 	C:\WINDOWS\System32\RPCRT4.dll
0x00007ffa0cba0000 - 0x00007ffa0cba8000 	C:\WINDOWS\System32\PSAPI.DLL
0x00007ff9e8520000 - 0x00007ff9e8529000 	C:\WINDOWS\SYSTEM32\WSOCK32.dll
0x00007ffa03c70000 - 0x00007ffa03ca4000 	C:\WINDOWS\SYSTEM32\WINMM.dll
0x00007ffa0cec0000 - 0x00007ffa0cf31000 	C:\WINDOWS\System32\WS2_32.dll
0x00007ffa00b80000 - 0x00007ffa00b8a000 	C:\WINDOWS\SYSTEM32\VERSION.dll
0x00007ffa0a430000 - 0x00007ffa0a448000 	C:\WINDOWS\SYSTEM32\kernel.appcore.dll
0x00007ff9f0ee0000 - 0x00007ff9f0ef0000 	C:\Program Files\Microsoft\jdk-11.0.16.101-hotspot\bin\verify.dll
0x00007ffa08970000 - 0x00007ffa08b9e000 	C:\WINDOWS\SYSTEM32\DBGHELP.DLL
0x00007ffa0d1b0000 - 0x00007ffa0d539000 	C:\WINDOWS\System32\combase.dll
0x00007ffa0bf50000 - 0x00007ffa0c027000 	C:\WINDOWS\System32\OLEAUT32.dll
0x00007ff9e4aa0000 - 0x00007ff9e4ad2000 	C:\WINDOWS\SYSTEM32\dbgcore.DLL
0x00007ffa0bbf0000 - 0x00007ffa0bc6b000 	C:\WINDOWS\System32\bcryptPrimitives.dll
0x00007ff9d4ac0000 - 0x00007ff9d4ae8000 	C:\Program Files\Microsoft\jdk-11.0.16.101-hotspot\bin\java.dll
0x00007ff9ea370000 - 0x00007ff9ea37a000 	C:\Program Files\Microsoft\jdk-11.0.16.101-hotspot\bin\jimage.dll
0x00007ff9d41e0000 - 0x00007ff9d41f8000 	C:\Program Files\Microsoft\jdk-11.0.16.101-hotspot\bin\zip.dll

dbghelp: loaded successfully - version: 4.0.5 - missing functions: none
symbol engine: initialized successfully - sym options: 0x614 - pdb path: .;C:\Program Files\Microsoft\jdk-11.0.16.101-hotspot\bin;C:\WINDOWS\SYSTEM32;C:\WINDOWS\WinSxS\amd64_microsoft.windows.common-controls_6595b64144ccf1df_6.0.22621.608_none_a9444ca7c10bb01d;C:\Program Files\Microsoft\jdk-11.0.16.101-hotspot\bin\server

VM Arguments:
jvm_args: -Dapplication.home=C:\Program Files\Microsoft\jdk-11.0.16.101-hotspot --add-modules=ALL-DEFAULT -Xms8m -Dfile.encoding=UTF8 -Djdk.module.main=jdk.compiler 
java_command: jdk.compiler/com.sun.tools.javac.Main @C:\Users\activ\AppData\Local\Temp\tmp7859.tmp -target 1.8 -source 1.8
java_class_path (initial): <not set>
Launcher Type: SUN_STANDARD

[Global flags]
     intx CICompilerCount                          = 4                                         {product} {ergonomic}
     uint G1ConcRefinementThreads                  = 8                                         {product} {ergonomic}
   size_t G1HeapRegionSize                         = 1048576                                   {product} {ergonomic}
    uintx GCDrainStackTargetSize                   = 64                                        {product} {ergonomic}
   size_t InitialHeapSize                          = 8388608                                   {product} {command line}
   size_t MaxHeapSize                              = 2082471936                                {product} {ergonomic}
   size_t MinHeapDeltaBytes                        = 1048576                                   {product} {ergonomic}
    uintx NonNMethodCodeHeapSize                   = 5836300                                {pd product} {ergonomic}
    uintx NonProfiledCodeHeapSize                  = 122910970                              {pd product} {ergonomic}
    uintx ProfiledCodeHeapSize                     = 122910970                              {pd product} {ergonomic}
    uintx ReservedCodeCacheSize                    = 251658240                              {pd product} {ergonomic}
     bool SegmentedCodeCache                       = true                                      {product} {ergonomic}
     bool UseCompressedClassPointers               = true                                 {lp64_product} {ergonomic}
     bool UseCompressedOops                        = true                                 {lp64_product} {ergonomic}
     bool UseG1GC                                  = true                                      {product} {ergonomic}
     bool UseLargePagesIndividualAllocation        = false                                  {pd product} {ergonomic}

Logging:
Log output configuration:
 #0: stdout all=warning uptime,level,tags
 #1: stderr all=off uptime,level,tags

Environment Variables:
PATH=C:\Program Files\Microsoft\jdk-11.0.16.101-hotspot\bin;C:\WINDOWS\system32;C:\WINDOWS;C:\WINDOWS\System32\Wbem;C:\WINDOWS\System32\WindowsPowerShell\v1.0\;C:\WINDOWS\System32\OpenSSH\;C:\Program Files\Microsoft SQL Server\150\Tools\Binn\;C:\Program Files\Microsoft SQL Server\Client SDK\ODBC\170\Tools\Binn\;C:\Program Files (x86)\Microsoft SQL Server\160\Tools\Binn\;C:\Program Files\Microsoft SQL Server\160\Tools\Binn\;C:\Program Files\Microsoft SQL Server\160\DTS\Binn\;C:\Program Files (x86)\Microsoft SQL Server\160\DTS\Binn\;C:\Program Files\Azure Data Studio\bin;C:\Program Files\Git\cmd;C:\Program Files\nodejs\;C:\Program Files\dotnet\;C:\Users\activ\AppData\Local\Microsoft\WindowsApps;C:\Users\activ\.dotnet\tools;C:\Program Files\Azure Data Studio\bin;C:\Users\activ\AppData\Roaming\npm;C:\Users\activ\AppData\Local\Programs\Microsoft VS Code\bin;C:\Users\activ\.dotnet\tools;C:\PROGRAM FILES\MICROSOFT VISUAL STUDIO\2022\COMMUNITY\COMMON7\IDE\EXTENSIONS\XAMARIN.VISUALSTUDIO
USERNAME=activ
OS=Windows_NT
PROCESSOR_IDENTIFIER=Intel64 Family 6 Model 140 Stepping 2, GenuineIntel
TMP=C:\Users\activ\AppData\Local\Temp
TEMP=C:\Users\activ\AppData\Local\Temp



---------------  S Y S T E M  ---------------

OS: Windows 11 , 64 bit Build 22621 (10.0.22621.1344)
OS uptime: 1 days 23:16 hours
Hyper-V role detected

CPU:total 8 (initial active 8) (4 cores per cpu, 2 threads per core) family 6 model 140 stepping 2 microcode 0x16, cmov, cx8, fxsr, mmx, sse, sse2, sse3, ssse3, sse4.1, sse4.2, popcnt, avx, avx2, aes, clmul, erms, 3dnowpref, lzcnt, ht, tsc, tscinvbit, bmi1, bmi2, adx, evex, sha, fma

Memory: 4k page, system-wide physical 7941M (300M free)
TotalPageFile size 32517M (AvailPageFile size 3M)
current process WorkingSet (physical memory assigned to process): 10M, peak: 10M
current process commit charge ("private bytes"): 17M, peak: 18M

vm_info: OpenJDK 64-Bit Server VM (11.0.16.1+1-LTS) for windows-amd64 JRE (11.0.16.1+1-LTS), built on Aug 20 2022 20:09:04 by "" with MS VC++ 15.9 (VS2017)

END.
